[2024-04-02 07:12:38,236] [autoreload.py:637] [autoreload:run_with_reloader] [INFO]- Watching for file changes with StatReloader
[2024-04-03 03:41:45,737] [basehttp.py:161] [basehttp:log_message] [INFO]- "GET /admin/Professor_Student_Manage/student/ HTTP/1.1" 302 0
[2024-04-03 03:41:45,737] [basehttp.py:161] [basehttp:log_message] [INFO]- "GET /admin/Professor_Student_Manage/student/ HTTP/1.1" 302 0
[2024-04-03 03:41:45,846] [basehttp.py:161] [basehttp:log_message] [INFO]- "GET /admin/login/?next=/admin/Professor_Student_Manage/student/ HTTP/1.1" 200 2282
[2024-04-03 03:41:45,847] [basehttp.py:161] [basehttp:log_message] [INFO]- "GET /admin/login/?next=/admin/Professor_Student_Manage/student/ HTTP/1.1" 200 2282
[2024-04-03 03:41:45,859] [basehttp.py:161] [basehttp:log_message] [INFO]- "GET /static/admin/css/base.css HTTP/1.1" 200 19513
[2024-04-03 03:41:45,861] [basehttp.py:161] [basehttp:log_message] [INFO]- "GET /static/admin/js/nav_sidebar.js HTTP/1.1" 200 1360
[2024-04-03 03:41:45,862] [basehttp.py:161] [basehttp:log_message] [INFO]- "GET /static/admin/css/nav_sidebar.css HTTP/1.1" 200 2271
[2024-04-03 03:41:45,863] [basehttp.py:161] [basehttp:log_message] [INFO]- "GET /static/admin/css/fonts.css HTTP/1.1" 200 423
[2024-04-03 03:41:45,864] [basehttp.py:161] [basehttp:log_message] [INFO]- "GET /static/admin/css/responsive.css HTTP/1.1" 200 18545
[2024-04-03 03:41:45,865] [basehttp.py:161] [basehttp:log_message] [INFO]- "GET /static/admin/css/base.css HTTP/1.1" 200 19513
[2024-04-03 03:41:45,867] [basehttp.py:161] [basehttp:log_message] [INFO]- "GET /static/admin/css/login.css HTTP/1.1" 200 939
[2024-04-03 03:41:45,869] [basehttp.py:161] [basehttp:log_message] [INFO]- "GET /static/admin/js/nav_sidebar.js HTTP/1.1" 200 1360
[2024-04-03 03:41:45,870] [basehttp.py:161] [basehttp:log_message] [INFO]- "GET /static/admin/css/login.css HTTP/1.1" 200 939
[2024-04-03 03:41:45,870] [basehttp.py:161] [basehttp:log_message] [INFO]- "GET /static/admin/css/nav_sidebar.css HTTP/1.1" 200 2271
[2024-04-03 03:41:45,873] [basehttp.py:161] [basehttp:log_message] [INFO]- "GET /static/admin/css/fonts.css HTTP/1.1" 200 423
[2024-04-03 03:41:45,874] [basehttp.py:161] [basehttp:log_message] [INFO]- "GET /static/admin/fonts/Roboto-Regular-webfont.woff HTTP/1.1" 200 85876
[2024-04-03 03:41:45,875] [basehttp.py:161] [basehttp:log_message] [INFO]- "GET /static/admin/css/responsive.css HTTP/1.1" 200 18545
[2024-04-03 03:41:45,884] [basehttp.py:161] [basehttp:log_message] [INFO]- "GET /static/admin/fonts/Roboto-Regular-webfont.woff HTTP/1.1" 200 85876
[2024-04-03 03:41:45,884] [basehttp.py:161] [basehttp:log_message] [INFO]- "GET /static/admin/fonts/Roboto-Light-webfont.woff HTTP/1.1" 200 85692
[2024-04-03 03:41:45,889] [basehttp.py:161] [basehttp:log_message] [INFO]- "GET /static/admin/fonts/Roboto-Light-webfont.woff HTTP/1.1" 200 85692
[2024-04-03 03:41:45,891] [basehttp.py:161] [basehttp:log_message] [INFO]- "GET /static/admin/fonts/Roboto-Bold-webfont.woff HTTP/1.1" 200 86184
[2024-04-03 03:41:45,895] [basehttp.py:161] [basehttp:log_message] [INFO]- "GET /static/admin/fonts/Roboto-Bold-webfont.woff HTTP/1.1" 200 86184
[2024-04-03 05:16:15,256] [basehttp.py:161] [basehttp:log_message] [INFO]- "GET / HTTP/1.1" 200 10330
[2024-04-03 05:16:16,582] [log.py:224] [log:log_response] [WARNING]- Not Found: /api/count
[2024-04-03 05:16:16,583] [basehttp.py:161] [basehttp:log_message] [WARNING]- "GET /api/count HTTP/1.1" 404 3142
[2024-04-03 05:16:17,614] [log.py:224] [log:log_response] [WARNING]- Not Found: /apple-touch-icon-precomposed.png
[2024-04-03 05:16:17,615] [basehttp.py:161] [basehttp:log_message] [WARNING]- "GET /apple-touch-icon-precomposed.png HTTP/1.1" 404 3211
[2024-04-03 05:16:17,626] [log.py:224] [log:log_response] [WARNING]- Not Found: /apple-touch-icon.png
[2024-04-03 05:16:17,627] [basehttp.py:161] [basehttp:log_message] [WARNING]- "GET /apple-touch-icon.png HTTP/1.1" 404 3175
[2024-04-03 06:46:52,215] [basehttp.py:161] [basehttp:log_message] [INFO]- "GET / HTTP/1.1" 200 10330
[2024-04-03 06:46:54,623] [log.py:224] [log:log_response] [WARNING]- Not Found: /api/count
[2024-04-03 06:46:54,625] [basehttp.py:161] [basehttp:log_message] [WARNING]- "GET /api/count HTTP/1.1" 404 3142
