[2025-09-19 08:31:50,898] [autoreload.py:637] [autoreload:run_with_reloader] [INFO]- Watching for file changes with StatReloader
[2025-09-19 08:31:57,038] [basehttp.py:161] [basehttp:log_message] [INFO]- "GET /admin/Select_Information/reviewrecord/ HTTP/1.1" 200 80752
[2025-09-19 08:31:57,325] [basehttp.py:161] [basehttp:log_message] [INFO]- "GET /admin/jsi18n/ HTTP/1.1" 200 8398
[2025-09-19 08:32:07,948] [autoreload.py:637] [autoreload:run_with_reloader] [INFO]- Watching for file changes with StatReloader
[2025-09-19 08:32:13,956] [basehttp.py:161] [basehttp:log_message] [INFO]- "GET /admin/Select_Information/reviewrecord/ HTTP/1.1" 200 80752
[2025-09-19 08:32:14,182] [basehttp.py:161] [basehttp:log_message] [INFO]- "GET /admin/jsi18n/ HTTP/1.1" 200 8398
[2025-09-19 08:32:22,917] [basehttp.py:161] [basehttp:log_message] [INFO]- "GET /admin/Select_Information/studentprofessorchoice/ HTTP/1.1" 200 67801
[2025-09-19 08:32:23,171] [basehttp.py:161] [basehttp:log_message] [INFO]- "GET /admin/jsi18n/ HTTP/1.1" 200 8398
[2025-09-19 08:32:55,933] [autoreload.py:637] [autoreload:run_with_reloader] [INFO]- Watching for file changes with StatReloader
[2025-09-19 08:33:02,376] [basehttp.py:161] [basehttp:log_message] [INFO]- "GET /admin/Select_Information/reviewrecord/ HTTP/1.1" 200 64214
[2025-09-19 08:33:02,656] [basehttp.py:161] [basehttp:log_message] [INFO]- "GET /admin/jsi18n/ HTTP/1.1" 200 8398
[2025-09-19 08:33:36,176] [basehttp.py:161] [basehttp:log_message] [INFO]- "GET /admin/Select_Information/reviewrecord/367/change/ HTTP/1.1" 200 37199
[2025-09-19 08:33:36,196] [basehttp.py:161] [basehttp:log_message] [INFO]- "GET /static/admin/js/change_form.js HTTP/1.1" 304 0
[2025-09-19 08:33:36,197] [basehttp.py:161] [basehttp:log_message] [INFO]- "GET /static/admin/js/prepopulate_init.js HTTP/1.1" 304 0
[2025-09-19 08:33:36,197] [basehttp.py:161] [basehttp:log_message] [INFO]- "GET /static/admin/css/forms.css HTTP/1.1" 304 0
[2025-09-19 08:33:36,198] [basehttp.py:161] [basehttp:log_message] [INFO]- "GET /static/admin/js/admin/DateTimeShortcuts.js HTTP/1.1" 200 19634
[2025-09-19 08:33:36,199] [basehttp.py:161] [basehttp:log_message] [INFO]- "GET /static/admin/js/calendar.js HTTP/1.1" 200 8466
[2025-09-19 08:33:36,200] [basehttp.py:161] [basehttp:log_message] [INFO]- "GET /static/admin/css/widgets.css HTTP/1.1" 304 0
[2025-09-19 08:33:36,431] [basehttp.py:161] [basehttp:log_message] [INFO]- "GET /admin/jsi18n/ HTTP/1.1" 200 8398
[2025-09-19 08:33:36,469] [basehttp.py:161] [basehttp:log_message] [INFO]- "GET /static/admin/img/icon-calendar.svg HTTP/1.1" 200 1086
[2025-09-19 08:33:36,470] [basehttp.py:161] [basehttp:log_message] [INFO]- "GET /static/admin/img/icon-clock.svg HTTP/1.1" 200 677
[2025-09-19 08:35:34,724] [autoreload.py:637] [autoreload:run_with_reloader] [INFO]- Watching for file changes with StatReloader
[2025-09-19 08:39:00,956] [basehttp.py:161] [basehttp:log_message] [INFO]- "GET /admin/Select_Information/studentprofessorchoice/ HTTP/1.1" 200 67801
[2025-09-19 08:39:01,225] [basehttp.py:161] [basehttp:log_message] [INFO]- "GET /admin/jsi18n/ HTTP/1.1" 200 8398
[2025-09-19 08:39:13,144] [basehttp.py:161] [basehttp:log_message] [INFO]- "GET /admin/Select_Information/studentprofessorchoice/?q=%E6%B5%8B%E8%AF%95%E5%AD%A6%E7%94%9F HTTP/1.1" 200 18581
[2025-09-19 08:39:13,421] [basehttp.py:161] [basehttp:log_message] [INFO]- "GET /admin/jsi18n/ HTTP/1.1" 200 8398
[2025-09-19 08:39:51,350] [basehttp.py:161] [basehttp:log_message] [INFO]- "GET /admin/Select_Information/studentprofessorchoice/ HTTP/1.1" 200 67801
[2025-09-19 08:39:51,616] [basehttp.py:161] [basehttp:log_message] [INFO]- "GET /admin/jsi18n/ HTTP/1.1" 200 8398
[2025-09-19 08:43:48,602] [basehttp.py:161] [basehttp:log_message] [INFO]- "GET /admin/Enrollment_Manage/subject/ HTTP/1.1" 200 15684
[2025-09-19 08:43:48,884] [basehttp.py:161] [basehttp:log_message] [INFO]- "GET /admin/jsi18n/ HTTP/1.1" 200 8398
[2025-09-19 08:44:46,485] [basehttp.py:161] [basehttp:log_message] [INFO]- "GET /admin/Professor_Student_Manage/student/ HTTP/1.1" 200 114425
[2025-09-19 08:44:46,777] [basehttp.py:161] [basehttp:log_message] [INFO]- "GET /admin/jsi18n/ HTTP/1.1" 200 8398
[2025-09-19 08:45:42,997] [basehttp.py:161] [basehttp:log_message] [INFO]- "GET /admin/Select_Information/reviewrecord/ HTTP/1.1" 200 64214
[2025-09-19 08:45:43,276] [basehttp.py:161] [basehttp:log_message] [INFO]- "GET /admin/jsi18n/ HTTP/1.1" 200 8398
[2025-09-19 08:47:39,067] [autoreload.py:637] [autoreload:run_with_reloader] [INFO]- Watching for file changes with StatReloader
[2025-09-19 08:47:46,427] [basehttp.py:161] [basehttp:log_message] [INFO]- "GET /admin/Select_Information/reviewrecord/ HTTP/1.1" 200 64284
[2025-09-19 08:47:46,706] [basehttp.py:161] [basehttp:log_message] [INFO]- "GET /admin/jsi18n/ HTTP/1.1" 200 8398
[2025-09-19 08:48:02,958] [basehttp.py:161] [basehttp:log_message] [INFO]- "POST /admin/Select_Information/reviewrecord/ HTTP/1.1" 302 0
[2025-09-19 08:48:07,270] [basehttp.py:161] [basehttp:log_message] [INFO]- "GET /admin/Select_Information/reviewrecord/ HTTP/1.1" 200 64462
[2025-09-19 08:48:07,547] [basehttp.py:161] [basehttp:log_message] [INFO]- "GET /admin/jsi18n/ HTTP/1.1" 200 8398
[2025-09-19 08:48:07,571] [basehttp.py:161] [basehttp:log_message] [INFO]- "GET /static/admin/img/icon-alert.svg HTTP/1.1" 304 0
[2025-09-19 08:48:29,763] [basehttp.py:161] [basehttp:log_message] [INFO]- "POST /admin/Select_Information/reviewrecord/ HTTP/1.1" 302 0
[2025-09-19 08:48:33,892] [basehttp.py:161] [basehttp:log_message] [INFO]- "GET /admin/Select_Information/reviewrecord/ HTTP/1.1" 200 64805
[2025-09-19 08:48:34,139] [basehttp.py:161] [basehttp:log_message] [INFO]- "GET /admin/jsi18n/ HTTP/1.1" 200 8398
[2025-09-19 08:48:43,942] [basehttp.py:161] [basehttp:log_message] [INFO]- "GET /admin/Select_Information/reviewrecord/?o=5 HTTP/1.1" 200 67513
[2025-09-19 08:48:44,180] [basehttp.py:161] [basehttp:log_message] [INFO]- "GET /admin/jsi18n/ HTTP/1.1" 200 8398
[2025-09-19 08:48:44,204] [basehttp.py:161] [basehttp:log_message] [INFO]- "GET /static/admin/img/sorting-icons.svg HTTP/1.1" 200 1097
[2025-09-19 08:48:52,050] [basehttp.py:161] [basehttp:log_message] [INFO]- "GET /admin/Select_Information/reviewrecord/?o=-5 HTTP/1.1" 200 67603
[2025-09-19 08:48:52,297] [basehttp.py:161] [basehttp:log_message] [INFO]- "GET /admin/jsi18n/ HTTP/1.1" 200 8398
[2025-09-19 08:49:13,728] [basehttp.py:161] [basehttp:log_message] [INFO]- "GET /admin/Select_Information/studentprofessorchoice/ HTTP/1.1" 200 67899
[2025-09-19 08:49:13,935] [basehttp.py:161] [basehttp:log_message] [INFO]- "GET /admin/jsi18n/ HTTP/1.1" 200 8398
[2025-09-19 08:50:04,118] [basehttp.py:161] [basehttp:log_message] [INFO]- "POST /admin/Select_Information/studentprofessorchoice/ HTTP/1.1" 200 32217
[2025-09-19 08:58:26,423] [autoreload.py:637] [autoreload:run_with_reloader] [INFO]- Watching for file changes with StatReloader
[2025-09-19 09:07:50,944] [basehttp.py:161] [basehttp:log_message] [INFO]- "GET /admin/Select_Information/studentprofessorchoice/ HTTP/1.1" 200 67899
[2025-09-19 09:07:51,213] [basehttp.py:161] [basehttp:log_message] [INFO]- "GET /admin/jsi18n/ HTTP/1.1" 200 8398
[2025-09-19 09:09:31,808] [autoreload.py:637] [autoreload:run_with_reloader] [INFO]- Watching for file changes with StatReloader
[2025-09-19 09:09:38,512] [basehttp.py:161] [basehttp:log_message] [INFO]- "GET /admin/Select_Information/studentprofessorchoice/ HTTP/1.1" 200 67907
[2025-09-19 09:09:38,816] [basehttp.py:161] [basehttp:log_message] [INFO]- "GET /admin/jsi18n/ HTTP/1.1" 200 8398
[2025-09-19 09:10:09,997] [basehttp.py:161] [basehttp:log_message] [INFO]- "POST /admin/Select_Information/studentprofessorchoice/ HTTP/1.1" 200 28351
[2025-09-19 09:13:39,491] [autoreload.py:637] [autoreload:run_with_reloader] [INFO]- Watching for file changes with StatReloader
[2025-09-19 09:14:14,933] [basehttp.py:161] [basehttp:log_message] [INFO]- "POST /admin/Select_Information/studentprofessorchoice/ HTTP/1.1" 200 28577
[2025-09-19 09:15:23,595] [basehttp.py:161] [basehttp:log_message] [INFO]- "GET /admin/Select_Information/studentprofessorchoice/ HTTP/1.1" 200 67907
[2025-09-19 09:15:23,867] [basehttp.py:161] [basehttp:log_message] [INFO]- "GET /admin/jsi18n/ HTTP/1.1" 200 8398
[2025-09-19 09:15:27,646] [basehttp.py:161] [basehttp:log_message] [INFO]- "GET /admin/Select_Information/studentprofessorchoice/?q=%E6%B5%8B%E8%AF%95%E5%AD%A6%E7%94%9F HTTP/1.1" 200 18687
[2025-09-19 09:15:27,882] [basehttp.py:161] [basehttp:log_message] [INFO]- "GET /admin/jsi18n/ HTTP/1.1" 200 8398
[2025-09-19 18:44:11,593] [autoreload.py:637] [autoreload:run_with_reloader] [INFO]- Watching for file changes with StatReloader
