[2025-09-25 01:58:42,303] [autoreload.py:637] [autoreload:run_with_reloader] [INFO]- Watching for file changes with StatReloader
[2025-09-25 01:59:37,614] [basehttp.py:161] [basehttp:log_message] [INFO]- "GET / HTTP/1.1" 200 10330
[2025-09-25 01:59:37,893] [log.py:224] [log:log_response] [WARNING]- Not Found: /api/count
[2025-09-25 01:59:37,895] [basehttp.py:161] [basehttp:log_message] [WARNING]- "GET /api/count HTTP/1.1" 404 3142
[2025-09-25 01:59:37,909] [log.py:224] [log:log_response] [WARNING]- Not Found: /apple-touch-icon.png
[2025-09-25 01:59:37,910] [log.py:224] [log:log_response] [WARNING]- Not Found: /favicon.ico
[2025-09-25 01:59:37,911] [log.py:224] [log:log_response] [WARNING]- Not Found: /apple-touch-icon-precomposed.png
[2025-09-25 01:59:37,912] [basehttp.py:161] [basehttp:log_message] [WARNING]- "GET /apple-touch-icon.png HTTP/1.1" 404 3175
[2025-09-25 01:59:37,912] [basehttp.py:161] [basehttp:log_message] [WARNING]- "GET /favicon.ico HTTP/1.1" 404 3148
[2025-09-25 01:59:37,913] [basehttp.py:161] [basehttp:log_message] [WARNING]- "GET /apple-touch-icon-precomposed.png HTTP/1.1" 404 3211
[2025-09-25 01:59:41,839] [basehttp.py:161] [basehttp:log_message] [INFO]- "GET / HTTP/1.1" 200 10330
[2025-09-25 01:59:41,857] [log.py:224] [log:log_response] [WARNING]- Not Found: /api/count
[2025-09-25 01:59:41,858] [basehttp.py:161] [basehttp:log_message] [WARNING]- "GET /api/count HTTP/1.1" 404 3142
[2025-09-25 01:59:43,324] [basehttp.py:161] [basehttp:log_message] [INFO]- "GET /admin/ HTTP/1.1" 200 13202
[2025-09-25 01:59:43,329] [basehttp.py:161] [basehttp:log_message] [INFO]- "GET /static/admin/css/nav_sidebar.css HTTP/1.1" 200 2271
[2025-09-25 01:59:43,334] [basehttp.py:161] [basehttp:log_message] [INFO]- "GET /static/admin/css/dashboard.css HTTP/1.1" 200 380
[2025-09-25 01:59:43,335] [basehttp.py:161] [basehttp:log_message] [INFO]- "GET /static/admin/css/base.css HTTP/1.1" 304 0
[2025-09-25 01:59:43,335] [basehttp.py:161] [basehttp:log_message] [INFO]- "GET /static/admin/js/nav_sidebar.js HTTP/1.1" 304 0
[2025-09-25 01:59:43,335] [basehttp.py:161] [basehttp:log_message] [INFO]- "GET /static/admin/css/responsive.css HTTP/1.1" 200 18545
[2025-09-25 01:59:43,337] [basehttp.py:161] [basehttp:log_message] [INFO]- "GET /static/admin/css/fonts.css HTTP/1.1" 200 423
[2025-09-25 01:59:43,343] [basehttp.py:161] [basehttp:log_message] [INFO]- "GET /static/admin/img/icon-addlink.svg HTTP/1.1" 304 0
[2025-09-25 01:59:43,343] [basehttp.py:161] [basehttp:log_message] [INFO]- "GET /static/admin/fonts/Roboto-Regular-webfont.woff HTTP/1.1" 304 0
[2025-09-25 01:59:43,344] [basehttp.py:161] [basehttp:log_message] [INFO]- "GET /static/admin/fonts/Roboto-Bold-webfont.woff HTTP/1.1" 200 86184
[2025-09-25 01:59:43,345] [basehttp.py:161] [basehttp:log_message] [INFO]- "GET /static/admin/img/icon-changelink.svg HTTP/1.1" 200 380
[2025-09-25 01:59:43,346] [basehttp.py:161] [basehttp:log_message] [INFO]- "GET /static/admin/img/icon-deletelink.svg HTTP/1.1" 200 392
[2025-09-25 01:59:43,356] [basehttp.py:161] [basehttp:log_message] [INFO]- "GET /static/admin/fonts/Roboto-Light-webfont.woff HTTP/1.1" 304 0
[2025-09-25 01:59:43,358] [log.py:224] [log:log_response] [WARNING]- Not Found: /favicon.ico
[2025-09-25 01:59:43,359] [basehttp.py:161] [basehttp:log_message] [WARNING]- "GET /favicon.ico HTTP/1.1" 404 3148
[2025-09-25 01:59:46,103] [basehttp.py:161] [basehttp:log_message] [INFO]- "GET /admin/Professor_Student_Manage/professor/ HTTP/1.1" 200 67474
[2025-09-25 01:59:46,111] [basehttp.py:161] [basehttp:log_message] [INFO]- "GET /static/admin/css/changelists.css HTTP/1.1" 200 6874
[2025-09-25 01:59:46,113] [basehttp.py:161] [basehttp:log_message] [INFO]- "GET /static/admin/js/jquery.init.js HTTP/1.1" 200 347
[2025-09-25 01:59:46,114] [basehttp.py:161] [basehttp:log_message] [INFO]- "GET /static/admin/js/core.js HTTP/1.1" 200 5698
[2025-09-25 01:59:46,115] [basehttp.py:161] [basehttp:log_message] [INFO]- "GET /static/admin/js/prepopulate.js HTTP/1.1" 200 1531
[2025-09-25 01:59:46,118] [basehttp.py:161] [basehttp:log_message] [INFO]- "GET /static/admin/js/urlify.js HTTP/1.1" 304 0
[2025-09-25 01:59:46,120] [basehttp.py:161] [basehttp:log_message] [INFO]- "GET /static/admin/js/vendor/xregexp/xregexp.js HTTP/1.1" 304 0
[2025-09-25 01:59:46,121] [basehttp.py:161] [basehttp:log_message] [INFO]- "GET /static/admin/js/actions.js HTTP/1.1" 304 0
[2025-09-25 01:59:46,124] [basehttp.py:161] [basehttp:log_message] [INFO]- "GET /static/admin/img/icon-yes.svg HTTP/1.1" 304 0
[2025-09-25 01:59:46,125] [basehttp.py:161] [basehttp:log_message] [INFO]- "GET /static/admin/js/admin/RelatedObjectLookups.js HTTP/1.1" 304 0
[2025-09-25 01:59:46,125] [basehttp.py:161] [basehttp:log_message] [INFO]- "GET /static/admin/js/vendor/jquery/jquery.js HTTP/1.1" 304 0
[2025-09-25 01:59:46,127] [basehttp.py:161] [basehttp:log_message] [INFO]- "GET /static/admin/img/search.svg HTTP/1.1" 200 458
[2025-09-25 01:59:46,127] [basehttp.py:161] [basehttp:log_message] [INFO]- "GET /static/admin/img/icon-no.svg HTTP/1.1" 200 560
[2025-09-25 01:59:46,383] [basehttp.py:161] [basehttp:log_message] [INFO]- "GET /admin/jsi18n/ HTTP/1.1" 200 8398
[2025-09-25 01:59:46,419] [basehttp.py:161] [basehttp:log_message] [INFO]- "GET /static/admin/img/tooltag-add.svg HTTP/1.1" 200 331
[2025-09-25 01:59:46,462] [log.py:224] [log:log_response] [WARNING]- Not Found: /apple-touch-icon.png
[2025-09-25 01:59:46,466] [log.py:224] [log:log_response] [WARNING]- Not Found: /favicon.ico
[2025-09-25 01:59:46,468] [basehttp.py:161] [basehttp:log_message] [WARNING]- "GET /apple-touch-icon.png HTTP/1.1" 404 3175
[2025-09-25 01:59:46,469] [basehttp.py:161] [basehttp:log_message] [WARNING]- "GET /favicon.ico HTTP/1.1" 404 3148
[2025-09-25 01:59:46,470] [log.py:224] [log:log_response] [WARNING]- Not Found: /apple-touch-icon-precomposed.png
[2025-09-25 01:59:46,472] [basehttp.py:161] [basehttp:log_message] [WARNING]- "GET /apple-touch-icon-precomposed.png HTTP/1.1" 404 3211
[2025-09-25 01:59:48,129] [basehttp.py:161] [basehttp:log_message] [INFO]- "GET /admin/Professor_Student_Manage/professor/?q=%E5%A4%8F%E8%B6%8A HTTP/1.1" 200 14938
[2025-09-25 01:59:48,538] [basehttp.py:161] [basehttp:log_message] [INFO]- "GET /admin/jsi18n/ HTTP/1.1" 200 8398
[2025-09-25 01:59:51,115] [basehttp.py:161] [basehttp:log_message] [INFO]- "GET /admin/Professor_Student_Manage/professor/60/change/?_changelist_filters=q%3D%25E5%25A4%258F%25E8%25B6%258A HTTP/1.1" 200 38858
[2025-09-25 01:59:51,132] [basehttp.py:161] [basehttp:log_message] [INFO]- "GET /static/admin/js/inlines.js HTTP/1.1" 304 0
[2025-09-25 01:59:51,133] [basehttp.py:161] [basehttp:log_message] [INFO]- "GET /static/admin/js/change_form.js HTTP/1.1" 200 606
[2025-09-25 01:59:51,134] [basehttp.py:161] [basehttp:log_message] [INFO]- "GET /static/admin/js/prepopulate_init.js HTTP/1.1" 200 492
[2025-09-25 01:59:51,135] [basehttp.py:161] [basehttp:log_message] [INFO]- "GET /static/admin/css/forms.css HTTP/1.1" 304 0
[2025-09-25 01:59:51,138] [basehttp.py:161] [basehttp:log_message] [INFO]- "GET /static/admin/css/widgets.css HTTP/1.1" 200 11097
[2025-09-25 01:59:51,467] [basehttp.py:161] [basehttp:log_message] [INFO]- "GET /admin/jsi18n/ HTTP/1.1" 200 8398
[2025-09-25 02:00:12,679] [basehttp.py:161] [basehttp:log_message] [INFO]- "POST /admin/Professor_Student_Manage/professor/60/change/?_changelist_filters=q%3D%25E5%25A4%258F%25E8%25B6%258A HTTP/1.1" 302 0
[2025-09-25 02:00:13,233] [basehttp.py:161] [basehttp:log_message] [INFO]- "GET /admin/Professor_Student_Manage/professor/?q=%E5%A4%8F%E8%B6%8A HTTP/1.1" 200 15148
[2025-09-25 02:00:13,579] [basehttp.py:161] [basehttp:log_message] [INFO]- "GET /admin/jsi18n/ HTTP/1.1" 200 8398
[2025-09-25 07:24:42,228] [basehttp.py:161] [basehttp:log_message] [INFO]- "GET /Professor_Student_Manage/user-info/?usertype=student HTTP/1.1" 200 995
[2025-09-25 07:24:42,248] [basehttp.py:161] [basehttp:log_message] [INFO]- "GET /Select_Information/get-select-info/?usertype=student HTTP/1.1" 200 22
[2025-09-25 07:24:42,540] [basehttp.py:161] [basehttp:log_message] [INFO]- "GET /Select_Information/get-select-info/?usertype=student HTTP/1.1" 200 22
[2025-09-25 07:24:42,608] [basehttp.py:161] [basehttp:log_message] [INFO]- "GET /Professor_Student_Manage/user-info/?usertype=student HTTP/1.1" 200 995
[2025-09-25 07:24:43,017] [basehttp.py:161] [basehttp:log_message] [INFO]- "GET /Professor_Student_Manage/user-info/?usertype=student HTTP/1.1" 200 995
[2025-09-25 07:24:43,374] [basehttp.py:161] [basehttp:log_message] [INFO]- "GET /Professor_Student_Manage/user-info/?usertype=student HTTP/1.1" 200 995
[2025-09-25 07:24:50,535] [basehttp.py:161] [basehttp:log_message] [INFO]- "GET /Professor_Student_Manage/student-resumeinfo/?student_id=1081 HTTP/1.1" 200 249
[2025-09-25 07:25:46,616] [basehttp.py:161] [basehttp:log_message] [INFO]- "POST /Professor_Student_Manage/submit-giveup/ HTTP/1.1" 200 66
[2025-09-25 07:25:47,165] [basehttp.py:161] [basehttp:log_message] [INFO]- "POST /Professor_Student_Manage/user-logout/ HTTP/1.1" 200 50
