[2025-03-25 05:23:10,993] [autoreload.py:637] [autoreload:run_with_reloader] [INFO]- Watching for file changes with StatReloader
[2025-03-25 05:23:42,002] [autoreload.py:637] [autoreload:run_with_reloader] [INFO]- Watching for file changes with StatReloader
[2025-03-25 05:23:56,089] [autoreload.py:637] [autoreload:run_with_reloader] [INFO]- Watching for file changes with StatReloader
[2025-03-25 05:23:57,333] [autoreload.py:637] [autoreload:run_with_reloader] [INFO]- Watching for file changes with StatReloader
[2025-03-25 05:43:06,500] [autoreload.py:251] [autoreload:trigger_reload] [INFO]- /app/Professor_Student_Manage/admin.py changed, reloading.
[2025-03-25 05:43:07,137] [autoreload.py:637] [autoreload:run_with_reloader] [INFO]- Watching for file changes with StatReloader
[2025-03-25 05:43:26,781] [autoreload.py:637] [autoreload:run_with_reloader] [INFO]- Watching for file changes with StatReloader
[2025-03-25 06:17:17,079] [autoreload.py:637] [autoreload:run_with_reloader] [INFO]- Watching for file changes with StatReloader
[2025-03-25 06:17:38,658] [autoreload.py:637] [autoreload:run_with_reloader] [INFO]- Watching for file changes with StatReloader
[2025-03-25 06:17:43,906] [autoreload.py:637] [autoreload:run_with_reloader] [INFO]- Watching for file changes with StatReloader
[2025-03-25 06:18:00,033] [autoreload.py:637] [autoreload:run_with_reloader] [INFO]- Watching for file changes with StatReloader
[2025-03-25 06:18:06,411] [autoreload.py:637] [autoreload:run_with_reloader] [INFO]- Watching for file changes with StatReloader
[2025-03-25 06:18:08,612] [autoreload.py:637] [autoreload:run_with_reloader] [INFO]- Watching for file changes with StatReloader
[2025-03-25 06:18:10,872] [autoreload.py:637] [autoreload:run_with_reloader] [INFO]- Watching for file changes with StatReloader
[2025-03-25 12:51:08,621] [autoreload.py:637] [autoreload:run_with_reloader] [INFO]- Watching for file changes with StatReloader
[2025-03-25 12:51:13,855] [basehttp.py:161] [basehttp:log_message] [INFO]- "GET / HTTP/1.1" 200 10330
[2025-03-25 12:51:13,890] [log.py:224] [log:log_response] [WARNING]- Not Found: /api/count
[2025-03-25 12:51:13,891] [basehttp.py:161] [basehttp:log_message] [WARNING]- "GET /api/count HTTP/1.1" 404 3142
[2025-03-25 12:51:17,275] [basehttp.py:161] [basehttp:log_message] [INFO]- "GET /admin/ HTTP/1.1" 302 0
[2025-03-25 12:51:17,311] [basehttp.py:161] [basehttp:log_message] [INFO]- "GET /admin/login/?next=/admin/ HTTP/1.1" 200 2216
[2025-03-25 12:51:17,318] [basehttp.py:161] [basehttp:log_message] [INFO]- "GET /static/admin/css/nav_sidebar.css HTTP/1.1" 200 2271
[2025-03-25 12:51:17,323] [basehttp.py:161] [basehttp:log_message] [INFO]- "GET /static/admin/js/nav_sidebar.js HTTP/1.1" 200 1360
[2025-03-25 12:51:17,323] [basehttp.py:161] [basehttp:log_message] [INFO]- "GET /static/admin/css/login.css HTTP/1.1" 200 939
[2025-03-25 12:51:17,325] [basehttp.py:161] [basehttp:log_message] [INFO]- "GET /static/admin/css/responsive.css HTTP/1.1" 200 18545
[2025-03-25 12:51:17,325] [basehttp.py:161] [basehttp:log_message] [INFO]- "GET /static/admin/css/base.css HTTP/1.1" 200 19513
[2025-03-25 12:51:17,327] [basehttp.py:161] [basehttp:log_message] [INFO]- "GET /static/admin/css/fonts.css HTTP/1.1" 200 423
[2025-03-25 12:51:17,334] [basehttp.py:161] [basehttp:log_message] [INFO]- "GET /static/admin/fonts/Roboto-Regular-webfont.woff HTTP/1.1" 200 85876
[2025-03-25 12:51:17,342] [basehttp.py:161] [basehttp:log_message] [INFO]- "GET /static/admin/fonts/Roboto-Light-webfont.woff HTTP/1.1" 200 85692
[2025-03-25 12:51:17,348] [log.py:224] [log:log_response] [WARNING]- Not Found: /favicon.ico
[2025-03-25 12:51:17,349] [basehttp.py:161] [basehttp:log_message] [INFO]- "GET /static/admin/fonts/Roboto-Bold-webfont.woff HTTP/1.1" 200 86184
[2025-03-25 12:51:17,349] [basehttp.py:161] [basehttp:log_message] [WARNING]- "GET /favicon.ico HTTP/1.1" 404 3148
[2025-03-25 12:51:22,163] [basehttp.py:161] [basehttp:log_message] [INFO]- "POST /admin/login/?next=/admin/ HTTP/1.1" 302 0
[2025-03-25 12:51:22,600] [basehttp.py:161] [basehttp:log_message] [INFO]- "GET /admin/ HTTP/1.1" 200 11631
[2025-03-25 12:51:22,612] [basehttp.py:161] [basehttp:log_message] [INFO]- "GET /static/admin/css/dashboard.css HTTP/1.1" 200 380
[2025-03-25 12:51:22,620] [basehttp.py:161] [basehttp:log_message] [INFO]- "GET /static/admin/img/icon-addlink.svg HTTP/1.1" 200 331
[2025-03-25 12:51:22,620] [basehttp.py:161] [basehttp:log_message] [INFO]- "GET /static/admin/img/icon-changelink.svg HTTP/1.1" 200 380
[2025-03-25 12:51:22,624] [basehttp.py:161] [basehttp:log_message] [INFO]- "GET /static/admin/img/icon-deletelink.svg HTTP/1.1" 200 392
[2025-03-25 12:51:25,037] [basehttp.py:161] [basehttp:log_message] [INFO]- "GET /admin/Professor_Student_Manage/professor/ HTTP/1.1" 200 66612
[2025-03-25 12:51:25,046] [basehttp.py:161] [basehttp:log_message] [INFO]- "GET /static/admin/css/changelists.css HTTP/1.1" 200 6874
[2025-03-25 12:51:25,053] [basehttp.py:161] [basehttp:log_message] [INFO]- "GET /static/admin/js/core.js HTTP/1.1" 200 5698
[2025-03-25 12:51:25,059] [basehttp.py:161] [basehttp:log_message] [INFO]- "GET /static/admin/js/urlify.js HTTP/1.1" 200 7902
[2025-03-25 12:51:25,058] [basehttp.py:161] [basehttp:log_message] [INFO]- "GET /static/admin/js/actions.js HTTP/1.1" 200 7867
[2025-03-25 12:51:25,060] [basehttp.py:161] [basehttp:log_message] [INFO]- "GET /static/admin/js/vendor/jquery/jquery.js HTTP/1.1" 200 287630
[2025-03-25 12:51:25,056] [basehttp.py:161] [basehttp:log_message] [INFO]- "GET /static/admin/js/jquery.init.js HTTP/1.1" 200 347
[2025-03-25 12:51:25,063] [basehttp.py:161] [basehttp:log_message] [INFO]- "GET /static/admin/js/admin/RelatedObjectLookups.js HTTP/1.1" 200 5984
[2025-03-25 12:51:25,066] [basehttp.py:161] [basehttp:log_message] [INFO]- "GET /static/admin/js/prepopulate.js HTTP/1.1" 200 1531
[2025-03-25 12:51:25,069] [basehttp.py:161] [basehttp:log_message] [INFO]- "GET /static/admin/js/vendor/xregexp/xregexp.js HTTP/1.1" 200 232381
[2025-03-25 12:51:25,070] [basehttp.py:161] [basehttp:log_message] [INFO]- "GET /static/admin/img/search.svg HTTP/1.1" 200 458
[2025-03-25 12:51:25,072] [basehttp.py:161] [basehttp:log_message] [INFO]- "GET /static/admin/img/icon-yes.svg HTTP/1.1" 200 436
[2025-03-25 12:51:25,074] [basehttp.py:161] [basehttp:log_message] [INFO]- "GET /static/admin/img/icon-no.svg HTTP/1.1" 200 560
[2025-03-25 12:51:25,350] [basehttp.py:161] [basehttp:log_message] [INFO]- "GET /admin/jsi18n/ HTTP/1.1" 200 8398
[2025-03-25 12:51:25,384] [basehttp.py:161] [basehttp:log_message] [INFO]- "GET /static/admin/img/tooltag-add.svg HTTP/1.1" 200 331
[2025-03-25 12:52:12,645] [autoreload.py:637] [autoreload:run_with_reloader] [INFO]- Watching for file changes with StatReloader
[2025-03-25 12:53:01,597] [autoreload.py:637] [autoreload:run_with_reloader] [INFO]- Watching for file changes with StatReloader
[2025-03-25 12:55:36,938] [autoreload.py:637] [autoreload:run_with_reloader] [INFO]- Watching for file changes with StatReloader
[2025-03-25 12:55:40,471] [basehttp.py:161] [basehttp:log_message] [INFO]- "GET /admin/Professor_Student_Manage/professor/ HTTP/1.1" 200 66612
[2025-03-25 12:55:40,741] [basehttp.py:161] [basehttp:log_message] [INFO]- "GET /admin/jsi18n/ HTTP/1.1" 200 8398
[2025-03-25 12:55:42,664] [basehttp.py:161] [basehttp:log_message] [INFO]- "GET /admin/Professor_Student_Manage/student/ HTTP/1.1" 200 27149
[2025-03-25 12:55:43,002] [basehttp.py:161] [basehttp:log_message] [INFO]- "GET /admin/jsi18n/ HTTP/1.1" 200 8398
[2025-03-25 12:55:51,228] [log.py:224] [log:log_response] [ERROR]- Internal Server Error: /admin/Professor_Student_Manage/student/
Traceback (most recent call last):
  File "/root/.local/lib/python3.8/site-packages/django/core/handlers/exception.py", line 47, in inner
    response = get_response(request)
  File "/root/.local/lib/python3.8/site-packages/django/core/handlers/base.py", line 181, in _get_response
    response = wrapped_callback(request, *callback_args, **callback_kwargs)
  File "/root/.local/lib/python3.8/site-packages/django/contrib/admin/options.py", line 616, in wrapper
    return self.admin_site.admin_view(view)(*args, **kwargs)
  File "/root/.local/lib/python3.8/site-packages/django/utils/decorators.py", line 130, in _wrapped_view
    response = view_func(request, *args, **kwargs)
  File "/root/.local/lib/python3.8/site-packages/django/views/decorators/cache.py", line 44, in _wrapped_view_func
    response = view_func(request, *args, **kwargs)
  File "/root/.local/lib/python3.8/site-packages/django/contrib/admin/sites.py", line 232, in inner
    return view(request, *args, **kwargs)
  File "/root/.local/lib/python3.8/site-packages/django/utils/decorators.py", line 43, in _wrapper
    return bound_method(*args, **kwargs)
  File "/root/.local/lib/python3.8/site-packages/django/utils/decorators.py", line 130, in _wrapped_view
    response = view_func(request, *args, **kwargs)
  File "/root/.local/lib/python3.8/site-packages/django/contrib/admin/options.py", line 1723, in changelist_view
    response = self.response_action(request, queryset=cl.get_queryset(request))
  File "/root/.local/lib/python3.8/site-packages/django/contrib/admin/options.py", line 1408, in response_action
    response = func(self, request, queryset)
  File "/app/Professor_Student_Manage/admin.py", line 210, in reset_password_to_exam_id
    student.user.set_password(candidate_number)  # 重置密码
AttributeError: 'Student' object has no attribute 'user'
[2025-03-25 12:55:51,230] [basehttp.py:161] [basehttp:log_message] [ERROR]- "POST /admin/Professor_Student_Manage/student/ HTTP/1.1" 500 103077
[2025-03-25 12:56:11,068] [autoreload.py:637] [autoreload:run_with_reloader] [INFO]- Watching for file changes with StatReloader
[2025-03-25 12:56:15,158] [log.py:224] [log:log_response] [ERROR]- Internal Server Error: /admin/Professor_Student_Manage/student/
Traceback (most recent call last):
  File "/root/.local/lib/python3.8/site-packages/django/core/handlers/exception.py", line 47, in inner
    response = get_response(request)
  File "/root/.local/lib/python3.8/site-packages/django/core/handlers/base.py", line 181, in _get_response
    response = wrapped_callback(request, *callback_args, **callback_kwargs)
  File "/root/.local/lib/python3.8/site-packages/django/contrib/admin/options.py", line 616, in wrapper
    return self.admin_site.admin_view(view)(*args, **kwargs)
  File "/root/.local/lib/python3.8/site-packages/django/utils/decorators.py", line 130, in _wrapped_view
    response = view_func(request, *args, **kwargs)
  File "/root/.local/lib/python3.8/site-packages/django/views/decorators/cache.py", line 44, in _wrapped_view_func
    response = view_func(request, *args, **kwargs)
  File "/root/.local/lib/python3.8/site-packages/django/contrib/admin/sites.py", line 232, in inner
    return view(request, *args, **kwargs)
  File "/root/.local/lib/python3.8/site-packages/django/utils/decorators.py", line 43, in _wrapper
    return bound_method(*args, **kwargs)
  File "/root/.local/lib/python3.8/site-packages/django/utils/decorators.py", line 130, in _wrapped_view
    response = view_func(request, *args, **kwargs)
  File "/root/.local/lib/python3.8/site-packages/django/contrib/admin/options.py", line 1723, in changelist_view
    response = self.response_action(request, queryset=cl.get_queryset(request))
  File "/root/.local/lib/python3.8/site-packages/django/contrib/admin/options.py", line 1408, in response_action
    response = func(self, request, queryset)
  File "/app/Professor_Student_Manage/admin.py", line 214, in reset_password_to_exam_id
    f"已重置学生 {student.name} 的密码为准考证号: {exam_id}",
NameError: name 'exam_id' is not defined
[2025-03-25 12:56:15,160] [basehttp.py:161] [basehttp:log_message] [ERROR]- "POST /admin/Professor_Student_Manage/student/ HTTP/1.1" 500 102964
[2025-03-25 12:56:25,719] [autoreload.py:637] [autoreload:run_with_reloader] [INFO]- Watching for file changes with StatReloader
[2025-03-25 12:56:28,070] [basehttp.py:161] [basehttp:log_message] [INFO]- "POST /admin/Professor_Student_Manage/student/ HTTP/1.1" 302 0
[2025-03-25 12:56:29,578] [basehttp.py:161] [basehttp:log_message] [INFO]- "GET /admin/Professor_Student_Manage/student/ HTTP/1.1" 200 27315
[2025-03-25 12:56:29,863] [basehttp.py:161] [basehttp:log_message] [INFO]- "GET /admin/jsi18n/ HTTP/1.1" 200 8398
[2025-03-25 12:56:46,894] [basehttp.py:161] [basehttp:log_message] [INFO]- "GET /admin/Professor_Student_Manage/professor/ HTTP/1.1" 200 66612
[2025-03-25 12:56:47,171] [basehttp.py:161] [basehttp:log_message] [INFO]- "GET /admin/jsi18n/ HTTP/1.1" 200 8398
[2025-03-25 12:56:55,071] [basehttp.py:161] [basehttp:log_message] [INFO]- "GET /admin/Professor_Student_Manage/professor/?department_id__id__exact=1 HTTP/1.1" 200 25157
[2025-03-25 12:56:55,323] [basehttp.py:161] [basehttp:log_message] [INFO]- "GET /admin/jsi18n/ HTTP/1.1" 200 8398
[2025-03-25 12:56:57,193] [basehttp.py:161] [basehttp:log_message] [INFO]- "GET /admin/Professor_Student_Manage/professor/?department_id__id__exact=2 HTTP/1.1" 200 32699
[2025-03-25 12:56:57,474] [basehttp.py:161] [basehttp:log_message] [INFO]- "GET /admin/jsi18n/ HTTP/1.1" 200 8398
[2025-03-25 12:57:03,591] [basehttp.py:161] [basehttp:log_message] [INFO]- "GET /admin/Professor_Student_Manage/professor/?department_id__id__exact=3 HTTP/1.1" 200 25802
[2025-03-25 12:57:03,872] [basehttp.py:161] [basehttp:log_message] [INFO]- "GET /admin/jsi18n/ HTTP/1.1" 200 8398
[2025-03-25 12:57:09,657] [basehttp.py:161] [basehttp:log_message] [INFO]- "GET /admin/Professor_Student_Manage/professor/?department_id__id__exact=4 HTTP/1.1" 200 24083
[2025-03-25 12:57:09,922] [basehttp.py:161] [basehttp:log_message] [INFO]- "GET /admin/jsi18n/ HTTP/1.1" 200 8398
[2025-03-25 12:57:16,359] [basehttp.py:161] [basehttp:log_message] [INFO]- "GET /admin/Professor_Student_Manage/professor/?department_id__id__exact=5 HTTP/1.1" 200 24761
[2025-03-25 12:57:16,604] [basehttp.py:161] [basehttp:log_message] [INFO]- "GET /admin/jsi18n/ HTTP/1.1" 200 8398
[2025-03-25 12:57:26,287] [log.py:224] [log:log_response] [ERROR]- Internal Server Error: /admin/Professor_Student_Manage/professor/
Traceback (most recent call last):
  File "/root/.local/lib/python3.8/site-packages/django/core/handlers/exception.py", line 47, in inner
    response = get_response(request)
  File "/root/.local/lib/python3.8/site-packages/django/core/handlers/base.py", line 181, in _get_response
    response = wrapped_callback(request, *callback_args, **callback_kwargs)
  File "/root/.local/lib/python3.8/site-packages/django/contrib/admin/options.py", line 616, in wrapper
    return self.admin_site.admin_view(view)(*args, **kwargs)
  File "/root/.local/lib/python3.8/site-packages/django/utils/decorators.py", line 130, in _wrapped_view
    response = view_func(request, *args, **kwargs)
  File "/root/.local/lib/python3.8/site-packages/django/views/decorators/cache.py", line 44, in _wrapped_view_func
    response = view_func(request, *args, **kwargs)
  File "/root/.local/lib/python3.8/site-packages/django/contrib/admin/sites.py", line 232, in inner
    return view(request, *args, **kwargs)
  File "/root/.local/lib/python3.8/site-packages/django/utils/decorators.py", line 43, in _wrapper
    return bound_method(*args, **kwargs)
  File "/root/.local/lib/python3.8/site-packages/django/utils/decorators.py", line 130, in _wrapped_view
    response = view_func(request, *args, **kwargs)
  File "/root/.local/lib/python3.8/site-packages/django/contrib/admin/options.py", line 1723, in changelist_view
    response = self.response_action(request, queryset=cl.get_queryset(request))
  File "/app/Professor_Student_Manage/admin.py", line 117, in response_action
    return super().response_action(request, queryset)
  File "/root/.local/lib/python3.8/site-packages/django/contrib/admin/options.py", line 1408, in response_action
    response = func(self, request, queryset)
  File "/app/Professor_Student_Manage/admin.py", line 66, in reset_password_to_teacher_id
    if professor.user:  # 确保关联的 User 对象存在
AttributeError: 'Professor' object has no attribute 'user'
[2025-03-25 12:57:26,290] [basehttp.py:161] [basehttp:log_message] [ERROR]- "POST /admin/Professor_Student_Manage/professor/?department_id__id__exact=5 HTTP/1.1" 500 110478
[2025-03-25 12:57:48,356] [autoreload.py:637] [autoreload:run_with_reloader] [INFO]- Watching for file changes with StatReloader
[2025-03-25 12:57:55,727] [log.py:224] [log:log_response] [ERROR]- Internal Server Error: /admin/Professor_Student_Manage/professor/
Traceback (most recent call last):
  File "/root/.local/lib/python3.8/site-packages/django/core/handlers/exception.py", line 47, in inner
    response = get_response(request)
  File "/root/.local/lib/python3.8/site-packages/django/core/handlers/base.py", line 181, in _get_response
    response = wrapped_callback(request, *callback_args, **callback_kwargs)
  File "/root/.local/lib/python3.8/site-packages/django/contrib/admin/options.py", line 616, in wrapper
    return self.admin_site.admin_view(view)(*args, **kwargs)
  File "/root/.local/lib/python3.8/site-packages/django/utils/decorators.py", line 130, in _wrapped_view
    response = view_func(request, *args, **kwargs)
  File "/root/.local/lib/python3.8/site-packages/django/views/decorators/cache.py", line 44, in _wrapped_view_func
    response = view_func(request, *args, **kwargs)
  File "/root/.local/lib/python3.8/site-packages/django/contrib/admin/sites.py", line 232, in inner
    return view(request, *args, **kwargs)
  File "/root/.local/lib/python3.8/site-packages/django/utils/decorators.py", line 43, in _wrapper
    return bound_method(*args, **kwargs)
  File "/root/.local/lib/python3.8/site-packages/django/utils/decorators.py", line 130, in _wrapped_view
    response = view_func(request, *args, **kwargs)
  File "/root/.local/lib/python3.8/site-packages/django/contrib/admin/options.py", line 1723, in changelist_view
    response = self.response_action(request, queryset=cl.get_queryset(request))
  File "/app/Professor_Student_Manage/admin.py", line 117, in response_action
    return super().response_action(request, queryset)
  File "/root/.local/lib/python3.8/site-packages/django/contrib/admin/options.py", line 1408, in response_action
    response = func(self, request, queryset)
  File "/app/Professor_Student_Manage/admin.py", line 66, in reset_password_to_teacher_id
    if professor.user:  # 确保关联的 User 对象存在
AttributeError: 'Professor' object has no attribute 'user'
[2025-03-25 12:57:55,729] [basehttp.py:161] [basehttp:log_message] [ERROR]- "POST /admin/Professor_Student_Manage/professor/?department_id__id__exact=5 HTTP/1.1" 500 110488
[2025-03-25 12:58:03,825] [autoreload.py:637] [autoreload:run_with_reloader] [INFO]- Watching for file changes with StatReloader
[2025-03-25 12:58:06,883] [basehttp.py:161] [basehttp:log_message] [INFO]- "POST /admin/Professor_Student_Manage/professor/?department_id__id__exact=5 HTTP/1.1" 302 0
[2025-03-25 12:58:07,324] [basehttp.py:161] [basehttp:log_message] [INFO]- "GET /admin/Professor_Student_Manage/professor/?department_id__id__exact=5 HTTP/1.1" 200 24917
[2025-03-25 12:58:07,575] [basehttp.py:161] [basehttp:log_message] [INFO]- "GET /admin/jsi18n/ HTTP/1.1" 200 8398
[2025-03-25 13:03:05,598] [basehttp.py:161] [basehttp:log_message] [INFO]- "GET /admin/Professor_Student_Manage/professor/ HTTP/1.1" 200 66612
[2025-03-25 13:03:05,600] [basehttp.py:161] [basehttp:log_message] [INFO]- "GET /admin/Professor_Student_Manage/professor/ HTTP/1.1" 200 66612
[2025-03-25 13:03:05,936] [basehttp.py:161] [basehttp:log_message] [INFO]- "GET /admin/jsi18n/ HTTP/1.1" 200 8398
[2025-03-25 13:03:07,541] [basehttp.py:161] [basehttp:log_message] [INFO]- "GET /admin/Professor_Student_Manage/professor/159/change/ HTTP/1.1" 200 19829
[2025-03-25 13:03:07,569] [basehttp.py:161] [basehttp:log_message] [INFO]- "GET /static/admin/js/change_form.js HTTP/1.1" 200 606
[2025-03-25 13:03:07,571] [basehttp.py:161] [basehttp:log_message] [INFO]- "GET /static/admin/js/prepopulate_init.js HTTP/1.1" 200 492
[2025-03-25 13:03:07,569] [basehttp.py:161] [basehttp:log_message] [INFO]- "GET /static/admin/css/forms.css HTTP/1.1" 200 8804
[2025-03-25 13:03:07,576] [basehttp.py:161] [basehttp:log_message] [INFO]- "GET /static/admin/css/widgets.css HTTP/1.1" 200 11097
[2025-03-25 13:03:07,857] [basehttp.py:161] [basehttp:log_message] [INFO]- "GET /admin/jsi18n/ HTTP/1.1" 200 8398
[2025-03-25 13:03:12,908] [basehttp.py:161] [basehttp:log_message] [INFO]- "POST /admin/Professor_Student_Manage/professor/159/change/ HTTP/1.1" 302 0
[2025-03-25 13:03:13,637] [basehttp.py:161] [basehttp:log_message] [INFO]- "GET /admin/Professor_Student_Manage/professor/ HTTP/1.1" 200 66823
[2025-03-25 13:03:13,908] [basehttp.py:161] [basehttp:log_message] [INFO]- "GET /admin/jsi18n/ HTTP/1.1" 200 8398
[2025-03-25 13:06:59,916] [basehttp.py:161] [basehttp:log_message] [INFO]- "GET /admin/Professor_Student_Manage/wechataccount/ HTTP/1.1" 200 19634
[2025-03-25 13:07:00,205] [basehttp.py:161] [basehttp:log_message] [INFO]- "GET /admin/jsi18n/ HTTP/1.1" 200 8398
[2025-03-25 13:08:47,227] [basehttp.py:161] [basehttp:log_message] [INFO]- "GET /admin/Professor_Student_Manage/student/ HTTP/1.1" 200 27149
[2025-03-25 13:08:47,547] [basehttp.py:161] [basehttp:log_message] [INFO]- "GET /admin/jsi18n/ HTTP/1.1" 200 8398
[2025-03-25 13:08:48,749] [basehttp.py:161] [basehttp:log_message] [INFO]- "GET /admin/Professor_Student_Manage/professor/ HTTP/1.1" 200 66612
[2025-03-25 13:08:49,008] [basehttp.py:161] [basehttp:log_message] [INFO]- "GET /admin/jsi18n/ HTTP/1.1" 200 8398
[2025-03-25 13:08:53,322] [basehttp.py:161] [basehttp:log_message] [INFO]- "GET /admin/Professor_Student_Manage/professor/?department_id__id__exact=5 HTTP/1.1" 200 24761
[2025-03-25 13:08:53,596] [basehttp.py:161] [basehttp:log_message] [INFO]- "GET /admin/jsi18n/ HTTP/1.1" 200 8398
[2025-03-25 13:09:07,297] [basehttp.py:161] [basehttp:log_message] [INFO]- "POST /admin/Professor_Student_Manage/professor/?department_id__id__exact=5 HTTP/1.1" 302 0
[2025-03-25 13:09:07,761] [basehttp.py:161] [basehttp:log_message] [INFO]- "GET /admin/Professor_Student_Manage/professor/?department_id__id__exact=5 HTTP/1.1" 200 24917
[2025-03-25 13:09:08,026] [basehttp.py:161] [basehttp:log_message] [INFO]- "GET /admin/jsi18n/ HTTP/1.1" 200 8398
[2025-03-25 13:09:10,432] [basehttp.py:161] [basehttp:log_message] [INFO]- "GET /admin/Professor_Student_Manage/professor/?department_id__id__exact=4 HTTP/1.1" 200 24083
[2025-03-25 13:09:10,701] [basehttp.py:161] [basehttp:log_message] [INFO]- "GET /admin/jsi18n/ HTTP/1.1" 200 8398
[2025-03-25 13:09:17,055] [basehttp.py:161] [basehttp:log_message] [INFO]- "POST /admin/Professor_Student_Manage/professor/?department_id__id__exact=4 HTTP/1.1" 302 0
[2025-03-25 13:09:17,568] [basehttp.py:161] [basehttp:log_message] [INFO]- "GET /admin/Professor_Student_Manage/professor/?department_id__id__exact=4 HTTP/1.1" 200 24240
[2025-03-25 13:09:17,841] [basehttp.py:161] [basehttp:log_message] [INFO]- "GET /admin/jsi18n/ HTTP/1.1" 200 8398
[2025-03-25 13:12:25,296] [basehttp.py:161] [basehttp:log_message] [INFO]- "GET /admin/Professor_Student_Manage/professor/ HTTP/1.1" 200 66612
[2025-03-25 13:12:25,594] [basehttp.py:161] [basehttp:log_message] [INFO]- "GET /admin/jsi18n/ HTTP/1.1" 200 8398
[2025-03-25 13:12:40,022] [basehttp.py:161] [basehttp:log_message] [INFO]- "GET /admin/Professor_Student_Manage/professor/?q=%E5%8F%B2%E9%93%B6%E9%9B%AA HTTP/1.1" 200 14369
[2025-03-25 13:12:40,274] [basehttp.py:161] [basehttp:log_message] [INFO]- "GET /admin/jsi18n/ HTTP/1.1" 200 8398
[2025-03-25 13:12:44,322] [basehttp.py:161] [basehttp:log_message] [INFO]- "POST /admin/Professor_Student_Manage/professor/?q=%E5%8F%B2%E9%93%B6%E9%9B%AA HTTP/1.1" 302 0
[2025-03-25 13:12:44,774] [basehttp.py:161] [basehttp:log_message] [INFO]- "GET /admin/Professor_Student_Manage/professor/?q=%E5%8F%B2%E9%93%B6%E9%9B%AA HTTP/1.1" 200 14526
[2025-03-25 13:12:45,102] [basehttp.py:161] [basehttp:log_message] [INFO]- "GET /admin/jsi18n/ HTTP/1.1" 200 8398
[2025-03-25 13:12:53,085] [basehttp.py:161] [basehttp:log_message] [INFO]- "GET /admin/Professor_Student_Manage/wechataccount/ HTTP/1.1" 200 21770
[2025-03-25 13:12:53,428] [basehttp.py:161] [basehttp:log_message] [INFO]- "GET /admin/jsi18n/ HTTP/1.1" 200 8398
[2025-03-25 13:13:33,894] [basehttp.py:161] [basehttp:log_message] [INFO]- "GET /admin/Professor_Student_Manage/wechataccount/ HTTP/1.1" 200 22125
[2025-03-25 13:13:34,184] [basehttp.py:161] [basehttp:log_message] [INFO]- "GET /admin/jsi18n/ HTTP/1.1" 200 8398
[2025-03-25 13:13:39,363] [basehttp.py:161] [basehttp:log_message] [INFO]- "GET /admin/Professor_Student_Manage/professor/ HTTP/1.1" 200 66612
[2025-03-25 13:13:39,660] [basehttp.py:161] [basehttp:log_message] [INFO]- "GET /admin/jsi18n/ HTTP/1.1" 200 8398
[2025-03-25 13:13:52,031] [basehttp.py:161] [basehttp:log_message] [INFO]- "GET /admin/Professor_Student_Manage/professor/159/change/ HTTP/1.1" 200 19828
[2025-03-25 13:13:52,310] [basehttp.py:161] [basehttp:log_message] [INFO]- "GET /admin/jsi18n/ HTTP/1.1" 200 8398
[2025-03-25 13:14:04,284] [basehttp.py:161] [basehttp:log_message] [INFO]- "POST /admin/Professor_Student_Manage/professor/159/change/ HTTP/1.1" 302 0
[2025-03-25 13:14:04,852] [basehttp.py:161] [basehttp:log_message] [INFO]- "GET /admin/Professor_Student_Manage/professor/ HTTP/1.1" 200 66835
[2025-03-25 13:14:05,110] [basehttp.py:161] [basehttp:log_message] [INFO]- "GET /admin/jsi18n/ HTTP/1.1" 200 8398
[2025-03-25 13:14:10,129] [basehttp.py:161] [basehttp:log_message] [INFO]- "GET /admin/Professor_Student_Manage/student/ HTTP/1.1" 200 27149
[2025-03-25 13:14:10,409] [basehttp.py:161] [basehttp:log_message] [INFO]- "GET /admin/jsi18n/ HTTP/1.1" 200 8398
[2025-03-25 13:14:20,812] [basehttp.py:161] [basehttp:log_message] [INFO]- "POST /admin/Professor_Student_Manage/student/ HTTP/1.1" 200 11468
[2025-03-25 13:14:20,832] [basehttp.py:161] [basehttp:log_message] [INFO]- "GET /static/admin/js/cancel.js HTTP/1.1" 200 884
[2025-03-25 13:14:25,013] [basehttp.py:161] [basehttp:log_message] [INFO]- "POST /admin/Professor_Student_Manage/student/ HTTP/1.1" 302 0
[2025-03-25 13:14:25,736] [basehttp.py:161] [basehttp:log_message] [INFO]- "GET /admin/Professor_Student_Manage/student/ HTTP/1.1" 200 13598
[2025-03-25 13:14:26,095] [basehttp.py:161] [basehttp:log_message] [INFO]- "GET /admin/jsi18n/ HTTP/1.1" 200 8398
[2025-03-25 13:15:37,577] [basehttp.py:161] [basehttp:log_message] [INFO]- "GET /admin/Professor_Student_Manage/student/294/change/ HTTP/1.1" 200 18895
[2025-03-25 13:15:37,883] [basehttp.py:161] [basehttp:log_message] [INFO]- "GET /admin/jsi18n/ HTTP/1.1" 200 8398
[2025-03-25 13:15:44,823] [basehttp.py:161] [basehttp:log_message] [INFO]- "POST /admin/Professor_Student_Manage/student/294/change/ HTTP/1.1" 302 0
[2025-03-25 13:15:45,587] [basehttp.py:161] [basehttp:log_message] [INFO]- "GET /admin/Professor_Student_Manage/student/ HTTP/1.1" 200 13684
[2025-03-25 13:15:45,870] [basehttp.py:161] [basehttp:log_message] [INFO]- "GET /admin/jsi18n/ HTTP/1.1" 200 8398
[2025-03-25 13:16:02,969] [basehttp.py:161] [basehttp:log_message] [INFO]- "GET /admin/Professor_Student_Manage/wechataccount/ HTTP/1.1" 200 21770
[2025-03-25 13:16:03,225] [basehttp.py:161] [basehttp:log_message] [INFO]- "GET /admin/jsi18n/ HTTP/1.1" 200 8398
[2025-03-25 13:19:19,780] [basehttp.py:161] [basehttp:log_message] [INFO]- "GET /admin/Professor_Student_Manage/wechataccount/ HTTP/1.1" 200 22125
[2025-03-25 13:19:20,061] [basehttp.py:161] [basehttp:log_message] [INFO]- "GET /admin/jsi18n/ HTTP/1.1" 200 8398
[2025-03-25 13:21:42,998] [basehttp.py:161] [basehttp:log_message] [INFO]- "GET /admin/Professor_Student_Manage/professor/ HTTP/1.1" 200 66618
[2025-03-25 13:21:43,273] [basehttp.py:161] [basehttp:log_message] [INFO]- "GET /admin/jsi18n/ HTTP/1.1" 200 8398
[2025-03-25 13:22:23,625] [basehttp.py:161] [basehttp:log_message] [INFO]- "GET /admin/Professor_Student_Manage/professor/ HTTP/1.1" 200 66618
[2025-03-25 13:22:23,932] [basehttp.py:161] [basehttp:log_message] [INFO]- "GET /admin/jsi18n/ HTTP/1.1" 200 8398
[2025-03-25 13:22:25,694] [basehttp.py:161] [basehttp:log_message] [INFO]- "GET /admin/Professor_Student_Manage/professor/?o=5 HTTP/1.1" 200 69604
[2025-03-25 13:22:25,960] [basehttp.py:161] [basehttp:log_message] [INFO]- "GET /admin/jsi18n/ HTTP/1.1" 200 8398
[2025-03-25 13:22:25,987] [basehttp.py:161] [basehttp:log_message] [INFO]- "GET /static/admin/img/sorting-icons.svg HTTP/1.1" 200 1097
[2025-03-25 13:22:27,858] [basehttp.py:161] [basehttp:log_message] [INFO]- "GET /admin/Professor_Student_Manage/professor/?o=-5 HTTP/1.1" 200 69752
[2025-03-25 13:22:28,127] [basehttp.py:161] [basehttp:log_message] [INFO]- "GET /admin/jsi18n/ HTTP/1.1" 200 8398
[2025-03-25 13:26:24,962] [basehttp.py:161] [basehttp:log_message] [INFO]- "GET /admin/Professor_Student_Manage/wechataccount/ HTTP/1.1" 200 23196
[2025-03-25 13:26:25,335] [basehttp.py:161] [basehttp:log_message] [INFO]- "GET /admin/jsi18n/ HTTP/1.1" 200 8398
[2025-03-25 13:31:41,790] [autoreload.py:637] [autoreload:run_with_reloader] [INFO]- Watching for file changes with StatReloader
[2025-03-25 13:31:44,468] [autoreload.py:637] [autoreload:run_with_reloader] [INFO]- Watching for file changes with StatReloader
[2025-03-25 13:31:46,420] [autoreload.py:637] [autoreload:run_with_reloader] [INFO]- Watching for file changes with StatReloader
[2025-03-25 13:31:47,424] [autoreload.py:637] [autoreload:run_with_reloader] [INFO]- Watching for file changes with StatReloader
[2025-03-25 13:32:30,546] [autoreload.py:637] [autoreload:run_with_reloader] [INFO]- Watching for file changes with StatReloader
[2025-03-25 13:34:01,028] [autoreload.py:637] [autoreload:run_with_reloader] [INFO]- Watching for file changes with StatReloader
[2025-03-25 13:34:07,285] [autoreload.py:637] [autoreload:run_with_reloader] [INFO]- Watching for file changes with StatReloader
[2025-03-25 13:34:08,802] [basehttp.py:161] [basehttp:log_message] [INFO]- "GET /admin/Professor_Student_Manage/wechataccount/ HTTP/1.1" 200 23196
[2025-03-25 13:34:09,088] [basehttp.py:161] [basehttp:log_message] [INFO]- "GET /admin/jsi18n/ HTTP/1.1" 200 8398
[2025-03-25 13:34:10,728] [basehttp.py:161] [basehttp:log_message] [INFO]- "GET /admin/Professor_Student_Manage/professor/ HTTP/1.1" 200 66618
[2025-03-25 13:34:11,020] [basehttp.py:161] [basehttp:log_message] [INFO]- "GET /admin/jsi18n/ HTTP/1.1" 200 8398
[2025-03-25 13:34:19,070] [basehttp.py:161] [basehttp:log_message] [INFO]- "GET /admin/Professor_Student_Manage/professor/?department_id__id__exact=5 HTTP/1.1" 200 24761
[2025-03-25 13:34:19,397] [basehttp.py:161] [basehttp:log_message] [INFO]- "GET /admin/jsi18n/ HTTP/1.1" 200 8398
[2025-03-25 13:34:52,142] [basehttp.py:161] [basehttp:log_message] [INFO]- "GET /admin/Professor_Student_Manage/professor/145/change/?_changelist_filters=department_id__id__exact%3D5 HTTP/1.1" 200 20503
[2025-03-25 13:34:52,417] [basehttp.py:161] [basehttp:log_message] [INFO]- "GET /admin/jsi18n/ HTTP/1.1" 200 8398
[2025-03-25 13:35:03,204] [basehttp.py:161] [basehttp:log_message] [INFO]- "POST /admin/Professor_Student_Manage/professor/145/change/?_changelist_filters=department_id__id__exact%3D5 HTTP/1.1" 302 0
[2025-03-25 13:35:03,704] [basehttp.py:161] [basehttp:log_message] [INFO]- "GET /admin/Professor_Student_Manage/professor/?department_id__id__exact=5 HTTP/1.1" 200 24972
[2025-03-25 13:35:03,968] [basehttp.py:161] [basehttp:log_message] [INFO]- "GET /admin/jsi18n/ HTTP/1.1" 200 8398
[2025-03-25 13:35:07,329] [basehttp.py:161] [basehttp:log_message] [INFO]- "GET /admin/Professor_Student_Manage/professor/105/change/?_changelist_filters=department_id__id__exact%3D5 HTTP/1.1" 200 21032
[2025-03-25 13:35:07,680] [basehttp.py:161] [basehttp:log_message] [INFO]- "GET /admin/jsi18n/ HTTP/1.1" 200 8398
[2025-03-25 13:35:10,719] [basehttp.py:161] [basehttp:log_message] [INFO]- "POST /admin/Professor_Student_Manage/professor/105/change/?_changelist_filters=department_id__id__exact%3D5 HTTP/1.1" 302 0
[2025-03-25 13:35:11,189] [basehttp.py:161] [basehttp:log_message] [INFO]- "GET /admin/Professor_Student_Manage/professor/?department_id__id__exact=5 HTTP/1.1" 200 24975
[2025-03-25 13:35:11,471] [basehttp.py:161] [basehttp:log_message] [INFO]- "GET /admin/jsi18n/ HTTP/1.1" 200 8398
[2025-03-25 13:35:14,413] [basehttp.py:161] [basehttp:log_message] [INFO]- "GET /admin/Professor_Student_Manage/professor/83/change/?_changelist_filters=department_id__id__exact%3D5 HTTP/1.1" 200 20705
[2025-03-25 13:35:14,703] [basehttp.py:161] [basehttp:log_message] [INFO]- "GET /admin/jsi18n/ HTTP/1.1" 200 8398
[2025-03-25 13:35:28,931] [basehttp.py:161] [basehttp:log_message] [INFO]- "POST /admin/Professor_Student_Manage/professor/83/change/?_changelist_filters=department_id__id__exact%3D5 HTTP/1.1" 302 0
[2025-03-25 13:35:29,426] [basehttp.py:161] [basehttp:log_message] [INFO]- "GET /admin/Professor_Student_Manage/professor/?department_id__id__exact=5 HTTP/1.1" 200 24974
[2025-03-25 13:35:29,705] [basehttp.py:161] [basehttp:log_message] [INFO]- "GET /admin/jsi18n/ HTTP/1.1" 200 8398
[2025-03-25 13:35:32,985] [basehttp.py:161] [basehttp:log_message] [INFO]- "GET /admin/Professor_Student_Manage/professor/82/change/?_changelist_filters=department_id__id__exact%3D5 HTTP/1.1" 200 20993
[2025-03-25 13:35:33,290] [basehttp.py:161] [basehttp:log_message] [INFO]- "GET /admin/jsi18n/ HTTP/1.1" 200 8398
[2025-03-25 13:35:36,839] [basehttp.py:161] [basehttp:log_message] [INFO]- "POST /admin/Professor_Student_Manage/professor/82/change/?_changelist_filters=department_id__id__exact%3D5 HTTP/1.1" 302 0
[2025-03-25 13:35:37,301] [basehttp.py:161] [basehttp:log_message] [INFO]- "GET /admin/Professor_Student_Manage/professor/?department_id__id__exact=5 HTTP/1.1" 200 24974
[2025-03-25 13:35:37,568] [basehttp.py:161] [basehttp:log_message] [INFO]- "GET /admin/jsi18n/ HTTP/1.1" 200 8398
[2025-03-25 13:35:45,615] [basehttp.py:161] [basehttp:log_message] [INFO]- "GET /admin/Professor_Student_Manage/professor/85/change/?_changelist_filters=department_id__id__exact%3D5 HTTP/1.1" 200 21022
[2025-03-25 13:35:45,890] [basehttp.py:161] [basehttp:log_message] [INFO]- "GET /admin/jsi18n/ HTTP/1.1" 200 8398
[2025-03-25 13:35:50,333] [basehttp.py:161] [basehttp:log_message] [INFO]- "POST /admin/Professor_Student_Manage/professor/85/change/?_changelist_filters=department_id__id__exact%3D5 HTTP/1.1" 302 0
[2025-03-25 13:35:50,821] [basehttp.py:161] [basehttp:log_message] [INFO]- "GET /admin/Professor_Student_Manage/professor/?department_id__id__exact=5 HTTP/1.1" 200 24974
[2025-03-25 13:35:51,081] [basehttp.py:161] [basehttp:log_message] [INFO]- "GET /admin/jsi18n/ HTTP/1.1" 200 8398
[2025-03-25 13:35:55,674] [basehttp.py:161] [basehttp:log_message] [INFO]- "GET /admin/Professor_Student_Manage/professor/84/change/?_changelist_filters=department_id__id__exact%3D5 HTTP/1.1" 200 21027
[2025-03-25 13:35:56,010] [basehttp.py:161] [basehttp:log_message] [INFO]- "GET /admin/jsi18n/ HTTP/1.1" 200 8398
[2025-03-25 13:35:59,292] [basehttp.py:161] [basehttp:log_message] [INFO]- "POST /admin/Professor_Student_Manage/professor/84/change/?_changelist_filters=department_id__id__exact%3D5 HTTP/1.1" 302 0
[2025-03-25 13:35:59,771] [basehttp.py:161] [basehttp:log_message] [INFO]- "GET /admin/Professor_Student_Manage/professor/?department_id__id__exact=5 HTTP/1.1" 200 24974
[2025-03-25 13:36:00,031] [basehttp.py:161] [basehttp:log_message] [INFO]- "GET /admin/jsi18n/ HTTP/1.1" 200 8398
[2025-03-25 13:36:25,674] [basehttp.py:161] [basehttp:log_message] [INFO]- "GET /admin/Professor_Student_Manage/professor/82/change/?_changelist_filters=department_id__id__exact%3D5 HTTP/1.1" 200 20993
[2025-03-25 13:36:25,685] [basehttp.py:161] [basehttp:log_message] [INFO]- "GET /static/admin/css/nav_sidebar.css HTTP/1.1" 304 0
[2025-03-25 13:36:25,702] [basehttp.py:161] [basehttp:log_message] [INFO]- "GET /static/admin/js/nav_sidebar.js HTTP/1.1" 304 0
[2025-03-25 13:36:25,702] [basehttp.py:161] [basehttp:log_message] [INFO]- "GET /static/admin/js/vendor/jquery/jquery.js HTTP/1.1" 304 0
[2025-03-25 13:36:25,703] [basehttp.py:161] [basehttp:log_message] [INFO]- "GET /static/admin/js/jquery.init.js HTTP/1.1" 304 0
[2025-03-25 13:36:25,704] [basehttp.py:161] [basehttp:log_message] [INFO]- "GET /static/admin/js/core.js HTTP/1.1" 304 0
[2025-03-25 13:36:25,704] [basehttp.py:161] [basehttp:log_message] [INFO]- "GET /static/admin/css/base.css HTTP/1.1" 304 0
[2025-03-25 13:36:25,704] [basehttp.py:161] [basehttp:log_message] [INFO]- "GET /static/admin/js/urlify.js HTTP/1.1" 304 0
[2025-03-25 13:36:25,706] [basehttp.py:161] [basehttp:log_message] [INFO]- "GET /static/admin/js/prepopulate.js HTTP/1.1" 304 0
[2025-03-25 13:36:25,707] [basehttp.py:161] [basehttp:log_message] [INFO]- "GET /static/admin/js/admin/RelatedObjectLookups.js HTTP/1.1" 304 0
[2025-03-25 13:36:25,708] [basehttp.py:161] [basehttp:log_message] [INFO]- "GET /static/admin/js/actions.js HTTP/1.1" 304 0
[2025-03-25 13:36:25,708] [basehttp.py:161] [basehttp:log_message] [INFO]- "GET /static/admin/js/vendor/xregexp/xregexp.js HTTP/1.1" 304 0
[2025-03-25 13:36:25,709] [basehttp.py:161] [basehttp:log_message] [INFO]- "GET /static/admin/css/responsive.css HTTP/1.1" 304 0
[2025-03-25 13:36:25,711] [basehttp.py:161] [basehttp:log_message] [INFO]- "GET /static/admin/img/icon-changelink.svg HTTP/1.1" 304 0
[2025-03-25 13:36:25,711] [basehttp.py:161] [basehttp:log_message] [INFO]- "GET /static/admin/img/icon-addlink.svg HTTP/1.1" 304 0
[2025-03-25 13:36:25,713] [basehttp.py:161] [basehttp:log_message] [INFO]- "GET /static/admin/css/fonts.css HTTP/1.1" 304 0
[2025-03-25 13:36:25,978] [basehttp.py:161] [basehttp:log_message] [INFO]- "GET /admin/jsi18n/ HTTP/1.1" 200 8398
[2025-03-25 13:36:25,999] [basehttp.py:161] [basehttp:log_message] [INFO]- "GET /static/admin/fonts/Roboto-Regular-webfont.woff HTTP/1.1" 304 0
[2025-03-25 13:36:26,001] [basehttp.py:161] [basehttp:log_message] [INFO]- "GET /static/admin/fonts/Roboto-Bold-webfont.woff HTTP/1.1" 304 0
[2025-03-25 13:36:26,007] [basehttp.py:161] [basehttp:log_message] [INFO]- "GET /static/admin/fonts/Roboto-Light-webfont.woff HTTP/1.1" 304 0
[2025-03-25 13:38:04,826] [autoreload.py:637] [autoreload:run_with_reloader] [INFO]- Watching for file changes with StatReloader
[2025-03-25 13:38:07,404] [autoreload.py:637] [autoreload:run_with_reloader] [INFO]- Watching for file changes with StatReloader
[2025-03-25 13:39:47,051] [autoreload.py:637] [autoreload:run_with_reloader] [INFO]- Watching for file changes with StatReloader
[2025-03-25 13:39:51,986] [basehttp.py:161] [basehttp:log_message] [INFO]- "POST /Professor_Student_Manage/user-login/ HTTP/1.1" 200 36
[2025-03-25 13:39:52,479] [basehttp.py:161] [basehttp:log_message] [INFO]- "GET /Professor_Student_Manage/user-info/?usertype=student HTTP/1.1" 200 1088
[2025-03-25 13:39:52,829] [basehttp.py:161] [basehttp:log_message] [INFO]- "GET /Professor_Student_Manage/user-info/?usertype=student HTTP/1.1" 200 1088
[2025-03-25 13:39:53,988] [basehttp.py:161] [basehttp:log_message] [INFO]- "GET /Select_Information/get-select-time/ HTTP/1.1" 200 91
[2025-03-25 13:39:54,305] [basehttp.py:161] [basehttp:log_message] [INFO]- "GET /Select_Information/get-select-time/ HTTP/1.1" 200 91
[2025-03-25 13:40:05,914] [basehttp.py:161] [basehttp:log_message] [INFO]- "GET /Professor_Student_Manage/professors_and_departments/ HTTP/1.1" 200 96716
[2025-03-25 13:40:10,706] [autoreload.py:637] [autoreload:run_with_reloader] [INFO]- Watching for file changes with StatReloader
[2025-03-25 13:40:25,777] [basehttp.py:161] [basehttp:log_message] [INFO]- "GET /Professor_Student_Manage/user-info/?usertype=student HTTP/1.1" 200 1088
[2025-03-25 13:40:26,034] [basehttp.py:161] [basehttp:log_message] [INFO]- "GET /Select_Information/get-select-info/?usertype=student HTTP/1.1" 200 2206
[2025-03-25 13:40:26,130] [basehttp.py:161] [basehttp:log_message] [INFO]- "GET /Professor_Student_Manage/user-info/?usertype=student HTTP/1.1" 200 1088
[2025-03-25 13:40:26,318] [basehttp.py:161] [basehttp:log_message] [INFO]- "GET /Select_Information/get-select-time/ HTTP/1.1" 200 91
[2025-03-25 13:40:26,570] [basehttp.py:161] [basehttp:log_message] [INFO]- "GET /Select_Information/get-select-info/?usertype=student HTTP/1.1" 200 2206
[2025-03-25 13:40:27,090] [basehttp.py:161] [basehttp:log_message] [INFO]- "GET /Select_Information/get-select-time/ HTTP/1.1" 200 91
[2025-03-25 13:40:32,781] [autoreload.py:637] [autoreload:run_with_reloader] [INFO]- Watching for file changes with StatReloader
[2025-03-25 13:40:36,812] [basehttp.py:161] [basehttp:log_message] [INFO]- "POST /Professor_Student_Manage/user-login/ HTTP/1.1" 200 36
[2025-03-25 13:40:37,267] [basehttp.py:161] [basehttp:log_message] [INFO]- "GET /Professor_Student_Manage/user-info/?usertype=student HTTP/1.1" 200 1088
[2025-03-25 13:40:37,653] [basehttp.py:161] [basehttp:log_message] [INFO]- "GET /Professor_Student_Manage/user-info/?usertype=student HTTP/1.1" 200 1088
[2025-03-25 13:40:41,149] [basehttp.py:161] [basehttp:log_message] [INFO]- "GET /Select_Information/get-select-time/ HTTP/1.1" 200 91
[2025-03-25 13:40:41,468] [basehttp.py:161] [basehttp:log_message] [INFO]- "GET /Select_Information/get-select-time/ HTTP/1.1" 200 91
[2025-03-25 13:40:49,210] [basehttp.py:161] [basehttp:log_message] [INFO]- "GET /Professor_Student_Manage/user-info/?usertype=student HTTP/1.1" 200 1088
[2025-03-25 13:40:49,436] [basehttp.py:161] [basehttp:log_message] [INFO]- "GET /Select_Information/get-select-info/?usertype=student HTTP/1.1" 200 2206
[2025-03-25 13:40:49,583] [basehttp.py:161] [basehttp:log_message] [INFO]- "GET /Professor_Student_Manage/user-info/?usertype=student HTTP/1.1" 200 1088
[2025-03-25 13:40:50,143] [basehttp.py:161] [basehttp:log_message] [INFO]- "GET /Select_Information/get-select-info/?usertype=student HTTP/1.1" 200 2206
[2025-03-25 13:40:51,425] [basehttp.py:161] [basehttp:log_message] [INFO]- "GET /Select_Information/get-select-time/ HTTP/1.1" 200 91
[2025-03-25 13:40:52,406] [basehttp.py:161] [basehttp:log_message] [INFO]- "GET /Professor_Student_Manage/professors_and_departments/ HTTP/1.1" 200 96716
[2025-03-25 13:41:06,802] [basehttp.py:161] [basehttp:log_message] [INFO]- "GET /Professor_Student_Manage/professors_and_departments/ HTTP/1.1" 200 96716
[2025-03-25 13:41:18,848] [basehttp.py:161] [basehttp:log_message] [INFO]- "GET /Professor_Student_Manage/professors_and_departments/ HTTP/1.1" 200 96716
[2025-03-25 13:41:37,494] [basehttp.py:161] [basehttp:log_message] [INFO]- "GET /admin/Professor_Student_Manage/professor/ HTTP/1.1" 200 66618
[2025-03-25 13:41:37,511] [basehttp.py:161] [basehttp:log_message] [INFO]- "GET /static/admin/css/changelists.css HTTP/1.1" 304 0
[2025-03-25 13:41:37,532] [basehttp.py:161] [basehttp:log_message] [INFO]- "GET /static/admin/img/icon-no.svg HTTP/1.1" 304 0
[2025-03-25 13:41:37,532] [basehttp.py:161] [basehttp:log_message] [INFO]- "GET /static/admin/img/icon-yes.svg HTTP/1.1" 304 0
[2025-03-25 13:41:37,533] [basehttp.py:161] [basehttp:log_message] [INFO]- "GET /static/admin/img/search.svg HTTP/1.1" 304 0
[2025-03-25 13:41:37,787] [basehttp.py:161] [basehttp:log_message] [INFO]- "GET /admin/jsi18n/ HTTP/1.1" 200 8398
[2025-03-25 13:41:37,814] [basehttp.py:161] [basehttp:log_message] [INFO]- "GET /static/admin/img/tooltag-add.svg HTTP/1.1" 304 0
[2025-03-25 13:41:43,693] [basehttp.py:161] [basehttp:log_message] [INFO]- "GET /admin/Professor_Student_Manage/professor/?q=%E5%94%90%E5%B7%8D HTTP/1.1" 200 14160
[2025-03-25 13:41:43,991] [basehttp.py:161] [basehttp:log_message] [INFO]- "GET /admin/jsi18n/ HTTP/1.1" 200 8398
[2025-03-25 13:41:50,555] [basehttp.py:161] [basehttp:log_message] [INFO]- "POST /admin/Professor_Student_Manage/professor/?q=%E5%94%90%E5%B7%8D HTTP/1.1" 302 0
[2025-03-25 13:41:51,002] [basehttp.py:161] [basehttp:log_message] [INFO]- "GET /admin/Professor_Student_Manage/professor/?q=%E5%94%90%E5%B7%8D HTTP/1.1" 200 14314
[2025-03-25 13:41:51,287] [basehttp.py:161] [basehttp:log_message] [INFO]- "GET /admin/jsi18n/ HTTP/1.1" 200 8398
[2025-03-25 13:42:57,316] [basehttp.py:161] [basehttp:log_message] [INFO]- "GET /admin/Professor_Student_Manage/professor/?department_id__id__exact=5&q=%E5%94%90%E5%B7%8D HTTP/1.1" 200 12762
[2025-03-25 13:42:57,634] [basehttp.py:161] [basehttp:log_message] [INFO]- "GET /admin/jsi18n/ HTTP/1.1" 200 8398
[2025-03-25 13:43:01,016] [basehttp.py:161] [basehttp:log_message] [INFO]- "GET /admin/Professor_Student_Manage/professor/?q=&department_id__id__exact=5 HTTP/1.1" 200 25037
[2025-03-25 13:43:01,291] [basehttp.py:161] [basehttp:log_message] [INFO]- "GET /admin/jsi18n/ HTTP/1.1" 200 8398
[2025-03-25 13:43:48,550] [autoreload.py:637] [autoreload:run_with_reloader] [INFO]- Watching for file changes with StatReloader
[2025-03-25 13:43:57,316] [basehttp.py:161] [basehttp:log_message] [INFO]- "GET /admin/Professor_Student_Manage/professor/?q=&department_id__id__exact=5 HTTP/1.1" 200 25963
[2025-03-25 13:43:57,594] [basehttp.py:161] [basehttp:log_message] [INFO]- "GET /admin/jsi18n/ HTTP/1.1" 200 8398
[2025-03-25 13:44:06,939] [basehttp.py:161] [basehttp:log_message] [INFO]- "GET /admin/Professor_Student_Manage/professor/?department_id__id__exact=5&o=4&q= HTTP/1.1" 200 26603
[2025-03-25 13:44:07,202] [basehttp.py:161] [basehttp:log_message] [INFO]- "GET /admin/jsi18n/ HTTP/1.1" 200 8398
[2025-03-25 13:44:22,460] [basehttp.py:161] [basehttp:log_message] [INFO]- "GET /admin/Professor_Student_Manage/professor/146/change/?_changelist_filters=department_id__id__exact%3D5%26o%3D4%26q%3D HTTP/1.1" 200 21618
[2025-03-25 13:44:22,713] [basehttp.py:161] [basehttp:log_message] [INFO]- "GET /admin/jsi18n/ HTTP/1.1" 200 8398
[2025-03-25 13:44:26,106] [basehttp.py:161] [basehttp:log_message] [INFO]- "POST /admin/Professor_Student_Manage/professor/146/change/?_changelist_filters=department_id__id__exact%3D5%26o%3D4%26q%3D HTTP/1.1" 302 0
[2025-03-25 13:44:26,574] [basehttp.py:161] [basehttp:log_message] [INFO]- "GET /admin/Professor_Student_Manage/professor/?department_id__id__exact=5&o=4 HTTP/1.1" 200 26507
[2025-03-25 13:44:26,826] [basehttp.py:161] [basehttp:log_message] [INFO]- "GET /admin/jsi18n/ HTTP/1.1" 200 8398
[2025-03-25 13:44:30,648] [basehttp.py:161] [basehttp:log_message] [INFO]- "GET /admin/Professor_Student_Manage/professor/100/change/?_changelist_filters=department_id__id__exact%3D5%26o%3D4 HTTP/1.1" 200 21053
[2025-03-25 13:44:30,900] [basehttp.py:161] [basehttp:log_message] [INFO]- "GET /admin/jsi18n/ HTTP/1.1" 200 8398
[2025-03-25 13:44:33,944] [basehttp.py:161] [basehttp:log_message] [INFO]- "POST /admin/Professor_Student_Manage/professor/100/change/?_changelist_filters=department_id__id__exact%3D5%26o%3D4 HTTP/1.1" 302 0
[2025-03-25 13:44:34,445] [basehttp.py:161] [basehttp:log_message] [INFO]- "GET /admin/Professor_Student_Manage/professor/?department_id__id__exact=5&o=4 HTTP/1.1" 200 26507
[2025-03-25 13:44:34,717] [basehttp.py:161] [basehttp:log_message] [INFO]- "GET /admin/jsi18n/ HTTP/1.1" 200 8398
[2025-03-25 13:44:59,896] [basehttp.py:161] [basehttp:log_message] [INFO]- "GET /admin/Professor_Student_Manage/professor/96/change/?_changelist_filters=department_id__id__exact%3D5%26o%3D4 HTTP/1.1" 200 21086
[2025-03-25 13:45:00,184] [basehttp.py:161] [basehttp:log_message] [INFO]- "GET /admin/jsi18n/ HTTP/1.1" 200 8398
[2025-03-25 13:45:04,996] [basehttp.py:161] [basehttp:log_message] [INFO]- "POST /admin/Professor_Student_Manage/professor/96/change/?_changelist_filters=department_id__id__exact%3D5%26o%3D4 HTTP/1.1" 302 0
[2025-03-25 13:45:05,499] [basehttp.py:161] [basehttp:log_message] [INFO]- "GET /admin/Professor_Student_Manage/professor/?department_id__id__exact=5&o=4 HTTP/1.1" 200 26510
[2025-03-25 13:45:05,826] [basehttp.py:161] [basehttp:log_message] [INFO]- "GET /admin/jsi18n/ HTTP/1.1" 200 8398
[2025-03-25 13:45:08,509] [basehttp.py:161] [basehttp:log_message] [INFO]- "GET /admin/Professor_Student_Manage/professor/147/change/?_changelist_filters=department_id__id__exact%3D5%26o%3D4 HTTP/1.1" 200 20655
[2025-03-25 13:45:08,865] [basehttp.py:161] [basehttp:log_message] [INFO]- "GET /admin/jsi18n/ HTTP/1.1" 200 8398
[2025-03-25 13:45:11,714] [basehttp.py:161] [basehttp:log_message] [INFO]- "POST /admin/Professor_Student_Manage/professor/147/change/?_changelist_filters=department_id__id__exact%3D5%26o%3D4 HTTP/1.1" 302 0
[2025-03-25 13:45:12,213] [basehttp.py:161] [basehttp:log_message] [INFO]- "GET /admin/Professor_Student_Manage/professor/?department_id__id__exact=5&o=4 HTTP/1.1" 200 26512
[2025-03-25 13:45:12,500] [basehttp.py:161] [basehttp:log_message] [INFO]- "GET /admin/jsi18n/ HTTP/1.1" 200 8398
[2025-03-25 13:45:16,046] [basehttp.py:161] [basehttp:log_message] [INFO]- "GET /admin/Professor_Student_Manage/professor/148/change/?_changelist_filters=department_id__id__exact%3D5%26o%3D4 HTTP/1.1" 200 20902
[2025-03-25 13:45:16,334] [basehttp.py:161] [basehttp:log_message] [INFO]- "GET /admin/jsi18n/ HTTP/1.1" 200 8398
[2025-03-25 13:45:26,977] [basehttp.py:161] [basehttp:log_message] [INFO]- "POST /admin/Professor_Student_Manage/professor/148/change/?_changelist_filters=department_id__id__exact%3D5%26o%3D4 HTTP/1.1" 302 0
[2025-03-25 13:45:27,486] [basehttp.py:161] [basehttp:log_message] [INFO]- "GET /admin/Professor_Student_Manage/professor/?department_id__id__exact=5&o=4 HTTP/1.1" 200 26510
[2025-03-25 13:45:27,738] [basehttp.py:161] [basehttp:log_message] [INFO]- "GET /admin/jsi18n/ HTTP/1.1" 200 8398
[2025-03-25 13:45:32,258] [basehttp.py:161] [basehttp:log_message] [INFO]- "GET /admin/Professor_Student_Manage/professor/89/change/?_changelist_filters=department_id__id__exact%3D5%26o%3D4 HTTP/1.1" 200 21062
[2025-03-25 13:45:32,524] [basehttp.py:161] [basehttp:log_message] [INFO]- "GET /admin/jsi18n/ HTTP/1.1" 200 8398
[2025-03-25 13:45:35,412] [basehttp.py:161] [basehttp:log_message] [INFO]- "POST /admin/Professor_Student_Manage/professor/89/change/?_changelist_filters=department_id__id__exact%3D5%26o%3D4 HTTP/1.1" 302 0
[2025-03-25 13:45:35,914] [basehttp.py:161] [basehttp:log_message] [INFO]- "GET /admin/Professor_Student_Manage/professor/?department_id__id__exact=5&o=4 HTTP/1.1" 200 26513
[2025-03-25 13:45:36,185] [basehttp.py:161] [basehttp:log_message] [INFO]- "GET /admin/jsi18n/ HTTP/1.1" 200 8398
[2025-03-25 13:45:43,831] [basehttp.py:161] [basehttp:log_message] [INFO]- "GET /admin/Professor_Student_Manage/professor/90/change/?_changelist_filters=department_id__id__exact%3D5%26o%3D4 HTTP/1.1" 200 21053
[2025-03-25 13:45:44,102] [basehttp.py:161] [basehttp:log_message] [INFO]- "GET /admin/jsi18n/ HTTP/1.1" 200 8398
[2025-03-25 13:45:47,854] [basehttp.py:161] [basehttp:log_message] [INFO]- "POST /admin/Professor_Student_Manage/professor/90/change/?_changelist_filters=department_id__id__exact%3D5%26o%3D4 HTTP/1.1" 302 0
[2025-03-25 13:45:48,341] [basehttp.py:161] [basehttp:log_message] [INFO]- "GET /admin/Professor_Student_Manage/professor/?department_id__id__exact=5&o=4 HTTP/1.1" 200 26511
[2025-03-25 13:45:48,607] [basehttp.py:161] [basehttp:log_message] [INFO]- "GET /admin/jsi18n/ HTTP/1.1" 200 8398
[2025-03-25 13:45:51,273] [basehttp.py:161] [basehttp:log_message] [INFO]- "GET /admin/Professor_Student_Manage/professor/97/change/?_changelist_filters=department_id__id__exact%3D5%26o%3D4 HTTP/1.1" 200 21069
[2025-03-25 13:45:51,604] [basehttp.py:161] [basehttp:log_message] [INFO]- "GET /admin/jsi18n/ HTTP/1.1" 200 8398
[2025-03-25 13:45:54,679] [basehttp.py:161] [basehttp:log_message] [INFO]- "POST /admin/Professor_Student_Manage/professor/97/change/?_changelist_filters=department_id__id__exact%3D5%26o%3D4 HTTP/1.1" 302 0
[2025-03-25 13:45:55,155] [basehttp.py:161] [basehttp:log_message] [INFO]- "GET /admin/Professor_Student_Manage/professor/?department_id__id__exact=5&o=4 HTTP/1.1" 200 26512
[2025-03-25 13:45:55,412] [basehttp.py:161] [basehttp:log_message] [INFO]- "GET /admin/jsi18n/ HTTP/1.1" 200 8398
[2025-03-25 13:45:57,716] [basehttp.py:161] [basehttp:log_message] [INFO]- "GET /admin/Professor_Student_Manage/professor/99/change/?_changelist_filters=department_id__id__exact%3D5%26o%3D4 HTTP/1.1" 200 20906
[2025-03-25 13:45:58,010] [basehttp.py:161] [basehttp:log_message] [INFO]- "GET /admin/jsi18n/ HTTP/1.1" 200 8398
[2025-03-25 13:46:00,780] [basehttp.py:161] [basehttp:log_message] [INFO]- "POST /admin/Professor_Student_Manage/professor/99/change/?_changelist_filters=department_id__id__exact%3D5%26o%3D4 HTTP/1.1" 302 0
[2025-03-25 13:46:01,247] [basehttp.py:161] [basehttp:log_message] [INFO]- "GET /admin/Professor_Student_Manage/professor/?department_id__id__exact=5&o=4 HTTP/1.1" 200 26513
[2025-03-25 13:46:01,508] [basehttp.py:161] [basehttp:log_message] [INFO]- "GET /admin/jsi18n/ HTTP/1.1" 200 8398
[2025-03-25 13:46:03,371] [basehttp.py:161] [basehttp:log_message] [INFO]- "GET /admin/Professor_Student_Manage/professor/94/change/?_changelist_filters=department_id__id__exact%3D5%26o%3D4 HTTP/1.1" 200 21004
[2025-03-25 13:46:03,654] [basehttp.py:161] [basehttp:log_message] [INFO]- "GET /admin/jsi18n/ HTTP/1.1" 200 8398
[2025-03-25 13:46:06,440] [basehttp.py:161] [basehttp:log_message] [INFO]- "POST /admin/Professor_Student_Manage/professor/94/change/?_changelist_filters=department_id__id__exact%3D5%26o%3D4 HTTP/1.1" 302 0
[2025-03-25 13:46:06,919] [basehttp.py:161] [basehttp:log_message] [INFO]- "GET /admin/Professor_Student_Manage/professor/?department_id__id__exact=5&o=4 HTTP/1.1" 200 26517
[2025-03-25 13:46:07,244] [basehttp.py:161] [basehttp:log_message] [INFO]- "GET /admin/jsi18n/ HTTP/1.1" 200 8398
[2025-03-25 13:46:08,959] [basehttp.py:161] [basehttp:log_message] [INFO]- "GET /admin/Professor_Student_Manage/professor/91/change/?_changelist_filters=department_id__id__exact%3D5%26o%3D4 HTTP/1.1" 200 20634
[2025-03-25 13:46:09,212] [basehttp.py:161] [basehttp:log_message] [INFO]- "GET /admin/jsi18n/ HTTP/1.1" 200 8398
[2025-03-25 13:46:12,601] [basehttp.py:161] [basehttp:log_message] [INFO]- "POST /admin/Professor_Student_Manage/professor/91/change/?_changelist_filters=department_id__id__exact%3D5%26o%3D4 HTTP/1.1" 302 0
[2025-03-25 13:46:13,084] [basehttp.py:161] [basehttp:log_message] [INFO]- "GET /admin/Professor_Student_Manage/professor/?department_id__id__exact=5&o=4 HTTP/1.1" 200 26515
[2025-03-25 13:46:13,343] [basehttp.py:161] [basehttp:log_message] [INFO]- "GET /admin/jsi18n/ HTTP/1.1" 200 8398
[2025-03-25 13:46:16,183] [basehttp.py:161] [basehttp:log_message] [INFO]- "GET /admin/Professor_Student_Manage/professor/102/change/?_changelist_filters=department_id__id__exact%3D5%26o%3D4 HTTP/1.1" 200 21129
[2025-03-25 13:46:16,457] [basehttp.py:161] [basehttp:log_message] [INFO]- "GET /admin/jsi18n/ HTTP/1.1" 200 8398
[2025-03-25 13:46:20,889] [basehttp.py:161] [basehttp:log_message] [INFO]- "POST /admin/Professor_Student_Manage/professor/102/change/?_changelist_filters=department_id__id__exact%3D5%26o%3D4 HTTP/1.1" 302 0
[2025-03-25 13:46:21,447] [basehttp.py:161] [basehttp:log_message] [INFO]- "GET /admin/Professor_Student_Manage/professor/?department_id__id__exact=5&o=4 HTTP/1.1" 200 26520
[2025-03-25 13:46:21,730] [basehttp.py:161] [basehttp:log_message] [INFO]- "GET /admin/jsi18n/ HTTP/1.1" 200 8398
[2025-03-25 13:46:25,343] [basehttp.py:161] [basehttp:log_message] [INFO]- "GET /admin/Professor_Student_Manage/professor/119/change/?_changelist_filters=department_id__id__exact%3D5%26o%3D4 HTTP/1.1" 200 20795
[2025-03-25 13:46:25,595] [basehttp.py:161] [basehttp:log_message] [INFO]- "GET /admin/jsi18n/ HTTP/1.1" 200 8398
[2025-03-25 13:46:31,657] [basehttp.py:161] [basehttp:log_message] [INFO]- "POST /admin/Professor_Student_Manage/professor/119/change/?_changelist_filters=department_id__id__exact%3D5%26o%3D4 HTTP/1.1" 302 0
[2025-03-25 13:46:32,229] [basehttp.py:161] [basehttp:log_message] [INFO]- "GET /admin/Professor_Student_Manage/professor/?department_id__id__exact=5&o=4 HTTP/1.1" 200 26518
[2025-03-25 13:46:32,497] [basehttp.py:161] [basehttp:log_message] [INFO]- "GET /admin/jsi18n/ HTTP/1.1" 200 8398
[2025-03-25 13:47:44,660] [basehttp.py:161] [basehttp:log_message] [INFO]- "POST /Professor_Student_Manage/user-login/ HTTP/1.1" 200 36
[2025-03-25 13:47:45,096] [basehttp.py:161] [basehttp:log_message] [INFO]- "GET /Professor_Student_Manage/user-info/?usertype=student HTTP/1.1" 200 1088
[2025-03-25 13:47:45,484] [basehttp.py:161] [basehttp:log_message] [INFO]- "GET /Professor_Student_Manage/user-info/?usertype=student HTTP/1.1" 200 1088
[2025-03-25 13:47:46,744] [basehttp.py:161] [basehttp:log_message] [INFO]- "GET /Professor_Student_Manage/user-info/?usertype=student HTTP/1.1" 200 1088
[2025-03-25 13:47:46,974] [basehttp.py:161] [basehttp:log_message] [INFO]- "GET /Select_Information/get-select-info/?usertype=student HTTP/1.1" 200 2206
[2025-03-25 13:47:47,130] [basehttp.py:161] [basehttp:log_message] [INFO]- "GET /Professor_Student_Manage/user-info/?usertype=student HTTP/1.1" 200 1088
[2025-03-25 13:47:47,541] [basehttp.py:161] [basehttp:log_message] [INFO]- "GET /Select_Information/get-select-info/?usertype=student HTTP/1.1" 200 2206
[2025-03-25 13:47:47,958] [basehttp.py:161] [basehttp:log_message] [INFO]- "GET /Select_Information/get-select-time/ HTTP/1.1" 200 91
[2025-03-25 13:47:48,189] [basehttp.py:161] [basehttp:log_message] [INFO]- "GET /Select_Information/get-select-time/ HTTP/1.1" 200 91
[2025-03-25 13:47:59,885] [basehttp.py:161] [basehttp:log_message] [INFO]- "GET /Professor_Student_Manage/professors_and_departments/ HTTP/1.1" 200 96790
[2025-03-25 13:48:11,650] [basehttp.py:161] [basehttp:log_message] [INFO]- "GET /Professor_Student_Manage/professors_and_departments/ HTTP/1.1" 200 96790
[2025-03-25 13:48:15,263] [basehttp.py:161] [basehttp:log_message] [INFO]- "GET /Select_Information/get-select-time/ HTTP/1.1" 200 91
[2025-03-25 13:48:26,994] [basehttp.py:161] [basehttp:log_message] [INFO]- "GET /Professor_Student_Manage/professors_and_departments/ HTTP/1.1" 200 96790
[2025-03-25 13:48:51,686] [basehttp.py:161] [basehttp:log_message] [INFO]- "GET /Select_Information/get-select-time/ HTTP/1.1" 200 91
[2025-03-25 13:49:03,824] [basehttp.py:161] [basehttp:log_message] [INFO]- "GET /Professor_Student_Manage/professors_and_departments/ HTTP/1.1" 200 96790
[2025-03-25 13:50:06,405] [basehttp.py:161] [basehttp:log_message] [INFO]- "GET /admin/Enrollment_Manage/department/ HTTP/1.1" 200 14941
[2025-03-25 13:50:06,701] [basehttp.py:161] [basehttp:log_message] [INFO]- "GET /admin/jsi18n/ HTTP/1.1" 200 8398
[2025-03-25 13:50:10,296] [basehttp.py:161] [basehttp:log_message] [INFO]- "GET /admin/Enrollment_Manage/subject/ HTTP/1.1" 200 12528
[2025-03-25 13:50:10,569] [basehttp.py:161] [basehttp:log_message] [INFO]- "GET /admin/jsi18n/ HTTP/1.1" 200 8398
[2025-03-25 13:50:16,020] [basehttp.py:161] [basehttp:log_message] [INFO]- "GET /admin/Professor_Student_Manage/wechataccount/ HTTP/1.1" 200 23551
[2025-03-25 13:50:16,291] [basehttp.py:161] [basehttp:log_message] [INFO]- "GET /admin/jsi18n/ HTTP/1.1" 200 8398
[2025-03-25 13:50:23,768] [basehttp.py:161] [basehttp:log_message] [INFO]- "GET /admin/Professor_Student_Manage/professor/ HTTP/1.1" 200 70595
[2025-03-25 13:50:24,102] [basehttp.py:161] [basehttp:log_message] [INFO]- "GET /admin/jsi18n/ HTTP/1.1" 200 8398
[2025-03-25 13:50:29,205] [basehttp.py:161] [basehttp:log_message] [INFO]- "GET /admin/Professor_Student_Manage/professor/?o=6 HTTP/1.1" 200 73581
[2025-03-25 13:50:29,469] [basehttp.py:161] [basehttp:log_message] [INFO]- "GET /admin/jsi18n/ HTTP/1.1" 200 8398
[2025-03-25 13:50:32,676] [basehttp.py:161] [basehttp:log_message] [INFO]- "GET /admin/Professor_Student_Manage/professor/?o=6&proposed_quota_approved__exact=1 HTTP/1.1" 200 34832
[2025-03-25 13:50:32,951] [basehttp.py:161] [basehttp:log_message] [INFO]- "GET /admin/jsi18n/ HTTP/1.1" 200 8398
[2025-03-25 13:52:24,314] [basehttp.py:161] [basehttp:log_message] [INFO]- "GET /Select_Information/get-select-time/ HTTP/1.1" 200 91
[2025-03-25 13:52:36,153] [basehttp.py:161] [basehttp:log_message] [INFO]- "GET /Professor_Student_Manage/professors_and_departments/ HTTP/1.1" 200 96789
[2025-03-25 13:55:19,557] [basehttp.py:161] [basehttp:log_message] [INFO]- "GET /Select_Information/get-select-time/ HTTP/1.1" 200 91
[2025-03-25 13:55:26,726] [basehttp.py:161] [basehttp:log_message] [INFO]- "GET /admin/Professor_Student_Manage/professor/ HTTP/1.1" 200 70595
[2025-03-25 13:55:27,095] [basehttp.py:161] [basehttp:log_message] [INFO]- "GET /admin/jsi18n/ HTTP/1.1" 200 8398
[2025-03-25 13:55:31,439] [basehttp.py:161] [basehttp:log_message] [INFO]- "GET /admin/Enrollment_Manage/subject/ HTTP/1.1" 200 12528
[2025-03-25 13:55:31,707] [basehttp.py:161] [basehttp:log_message] [INFO]- "GET /admin/jsi18n/ HTTP/1.1" 200 8398
[2025-03-25 13:55:33,680] [basehttp.py:161] [basehttp:log_message] [INFO]- "GET /admin/Enrollment_Manage/department/ HTTP/1.1" 200 14941
[2025-03-25 13:55:33,976] [basehttp.py:161] [basehttp:log_message] [INFO]- "GET /admin/jsi18n/ HTTP/1.1" 200 8398
[2025-03-25 13:55:34,222] [basehttp.py:161] [basehttp:log_message] [INFO]- "GET /Professor_Student_Manage/professors_and_departments/ HTTP/1.1" 200 96944
[2025-03-25 13:55:36,108] [basehttp.py:161] [basehttp:log_message] [INFO]- "GET /admin/Professor_Student_Manage/student/ HTTP/1.1" 200 13469
[2025-03-25 13:55:36,458] [basehttp.py:161] [basehttp:log_message] [INFO]- "GET /admin/jsi18n/ HTTP/1.1" 200 8398
[2025-03-25 13:55:38,935] [basehttp.py:161] [basehttp:log_message] [INFO]- "GET /admin/Professor_Student_Manage/professor/ HTTP/1.1" 200 70595
[2025-03-25 13:55:39,217] [basehttp.py:161] [basehttp:log_message] [INFO]- "GET /admin/jsi18n/ HTTP/1.1" 200 8398
[2025-03-25 13:55:46,307] [basehttp.py:161] [basehttp:log_message] [INFO]- "GET /admin/Professor_Student_Manage/student/ HTTP/1.1" 200 13469
[2025-03-25 13:55:46,601] [basehttp.py:161] [basehttp:log_message] [INFO]- "GET /admin/jsi18n/ HTTP/1.1" 200 8398
[2025-03-25 13:55:49,985] [basehttp.py:161] [basehttp:log_message] [INFO]- "GET /admin/Select_Information/reviewrecord/ HTTP/1.1" 200 12287
[2025-03-25 13:55:50,269] [basehttp.py:161] [basehttp:log_message] [INFO]- "GET /admin/jsi18n/ HTTP/1.1" 200 8398
[2025-03-25 13:55:58,048] [basehttp.py:161] [basehttp:log_message] [INFO]- "GET /admin/Professor_Student_Manage/professor/ HTTP/1.1" 200 70595
[2025-03-25 13:55:58,304] [basehttp.py:161] [basehttp:log_message] [INFO]- "GET /admin/jsi18n/ HTTP/1.1" 200 8398
[2025-03-25 13:56:04,561] [basehttp.py:161] [basehttp:log_message] [INFO]- "GET /admin/Professor_Student_Manage/wechataccount/ HTTP/1.1" 200 24261
[2025-03-25 13:56:04,879] [basehttp.py:161] [basehttp:log_message] [INFO]- "GET /admin/jsi18n/ HTTP/1.1" 200 8398
[2025-03-25 13:56:11,422] [basehttp.py:161] [basehttp:log_message] [INFO]- "GET /Select_Information/get-select-time/ HTTP/1.1" 200 91
[2025-03-25 13:56:23,007] [basehttp.py:161] [basehttp:log_message] [INFO]- "GET /Professor_Student_Manage/professors_and_departments/ HTTP/1.1" 200 96944
[2025-03-25 13:58:41,467] [autoreload.py:637] [autoreload:run_with_reloader] [INFO]- Watching for file changes with StatReloader
[2025-03-25 13:58:48,273] [basehttp.py:161] [basehttp:log_message] [INFO]- "GET /Select_Information/get-select-time/ HTTP/1.1" 200 91
[2025-03-25 13:58:50,868] [basehttp.py:161] [basehttp:log_message] [INFO]- "GET /Professor_Student_Manage/user-info/?usertype=student HTTP/1.1" 200 1088
[2025-03-25 13:58:51,061] [basehttp.py:161] [basehttp:log_message] [INFO]- "GET /Select_Information/get-select-info/?usertype=student HTTP/1.1" 200 2206
[2025-03-25 13:58:51,899] [basehttp.py:161] [basehttp:log_message] [INFO]- "GET /Professor_Student_Manage/user-info/?usertype=student HTTP/1.1" 200 1088
[2025-03-25 13:58:55,218] [basehttp.py:161] [basehttp:log_message] [INFO]- "GET /Professor_Student_Manage/user-info/?usertype=student HTTP/1.1" 200 1088
[2025-03-25 13:58:56,428] [basehttp.py:161] [basehttp:log_message] [INFO]- "GET /Professor_Student_Manage/user-info/?usertype=student HTTP/1.1" 200 1088
[2025-03-25 13:58:56,661] [basehttp.py:161] [basehttp:log_message] [INFO]- "GET /Select_Information/get-select-info/?usertype=student HTTP/1.1" 200 2206
[2025-03-25 13:58:57,205] [basehttp.py:161] [basehttp:log_message] [INFO]- "GET /Select_Information/get-select-time/ HTTP/1.1" 200 91
[2025-03-25 13:58:59,622] [basehttp.py:161] [basehttp:log_message] [INFO]- "GET /Professor_Student_Manage/professors_and_departments/ HTTP/1.1" 200 96962
[2025-03-25 13:59:07,374] [basehttp.py:161] [basehttp:log_message] [INFO]- "GET /admin/Professor_Student_Manage/professor/ HTTP/1.1" 200 70595
[2025-03-25 13:59:07,666] [basehttp.py:161] [basehttp:log_message] [INFO]- "GET /admin/jsi18n/ HTTP/1.1" 200 8398
[2025-03-25 13:59:13,732] [basehttp.py:161] [basehttp:log_message] [INFO]- "GET /admin/Professor_Student_Manage/professor/ HTTP/1.1" 200 70595
[2025-03-25 13:59:13,979] [basehttp.py:161] [basehttp:log_message] [INFO]- "GET /admin/jsi18n/ HTTP/1.1" 200 8398
[2025-03-25 13:59:14,142] [basehttp.py:161] [basehttp:log_message] [INFO]- "GET /Professor_Student_Manage/professors_and_departments/ HTTP/1.1" 200 96962
[2025-03-25 13:59:47,286] [autoreload.py:637] [autoreload:run_with_reloader] [INFO]- Watching for file changes with StatReloader
[2025-03-25 14:03:41,089] [basehttp.py:161] [basehttp:log_message] [INFO]- "GET /admin/Professor_Student_Manage/professor/ HTTP/1.1" 200 66618
[2025-03-25 14:03:41,393] [basehttp.py:161] [basehttp:log_message] [INFO]- "GET /admin/jsi18n/ HTTP/1.1" 200 8398
[2025-03-25 14:03:43,454] [basehttp.py:161] [basehttp:log_message] [INFO]- "GET /admin/Professor_Student_Manage/wechataccount/ HTTP/1.1" 200 24617
[2025-03-25 14:03:43,748] [basehttp.py:161] [basehttp:log_message] [INFO]- "GET /admin/jsi18n/ HTTP/1.1" 200 8398
