[2026-01-12 07:17:47,510] [autoreload.py:637] [autoreload:run_with_reloader] [INFO]- Watching for file changes with StatReloader
[2026-01-12 07:17:58,090] [autoreload.py:251] [autoreload:trigger_reload] [INFO]- /app/Select_Information/urls.py changed, reloading.
[2026-01-12 07:17:58,601] [autoreload.py:637] [autoreload:run_with_reloader] [INFO]- Watching for file changes with StatReloader
[2026-01-12 07:18:08,435] [autoreload.py:251] [autoreload:trigger_reload] [INFO]- /app/Select_Information/views.py changed, reloading.
[2026-01-12 07:18:08,914] [autoreload.py:637] [autoreload:run_with_reloader] [INFO]- Watching for file changes with StatReloader
[2026-01-12 07:19:03,785] [autoreload.py:251] [autoreload:trigger_reload] [INFO]- /app/Select_Information/views.py changed, reloading.
[2026-01-12 07:19:04,249] [autoreload.py:637] [autoreload:run_with_reloader] [INFO]- Watching for file changes with StatReloader
[2026-01-12 07:19:05,939] [autoreload.py:251] [autoreload:trigger_reload] [INFO]- /app/Select_Information/views.py changed, reloading.
[2026-01-12 07:19:06,414] [autoreload.py:637] [autoreload:run_with_reloader] [INFO]- Watching for file changes with StatReloader
[2026-01-12 07:31:03,395] [autoreload.py:251] [autoreload:trigger_reload] [INFO]- /app/Select_Information/views.py changed, reloading.
[2026-01-12 07:31:03,878] [autoreload.py:637] [autoreload:run_with_reloader] [INFO]- Watching for file changes with StatReloader
[2026-01-12 07:31:09,044] [autoreload.py:251] [autoreload:trigger_reload] [INFO]- /app/Select_Information/views.py changed, reloading.
[2026-01-12 07:31:09,511] [autoreload.py:637] [autoreload:run_with_reloader] [INFO]- Watching for file changes with StatReloader
[2026-01-12 07:31:20,372] [autoreload.py:251] [autoreload:trigger_reload] [INFO]- /app/Select_Information/views.py changed, reloading.
[2026-01-12 07:31:20,834] [autoreload.py:637] [autoreload:run_with_reloader] [INFO]- Watching for file changes with StatReloader
[2026-01-12 07:31:23,765] [autoreload.py:251] [autoreload:trigger_reload] [INFO]- /app/Select_Information/views.py changed, reloading.
[2026-01-12 07:31:24,254] [autoreload.py:637] [autoreload:run_with_reloader] [INFO]- Watching for file changes with StatReloader
[2026-01-12 07:34:20,187] [autoreload.py:251] [autoreload:trigger_reload] [INFO]- /app/Select_Information/views.py changed, reloading.
[2026-01-12 07:34:20,660] [autoreload.py:637] [autoreload:run_with_reloader] [INFO]- Watching for file changes with StatReloader
[2026-01-12 07:37:38,468] [autoreload.py:251] [autoreload:trigger_reload] [INFO]- /app/Select_Information/views.py changed, reloading.
[2026-01-12 07:37:38,949] [autoreload.py:637] [autoreload:run_with_reloader] [INFO]- Watching for file changes with StatReloader
[2026-01-12 07:38:31,760] [basehttp.py:161] [basehttp:log_message] [INFO]- "GET /Professor_Student_Manage/user-info/?usertype=professor HTTP/1.1" 200 1112
[2026-01-12 07:38:31,798] [basehttp.py:161] [basehttp:log_message] [INFO]- "GET /Select_Information/reviewer/review_records/ HTTP/1.1" 200 1189
[2026-01-12 07:38:31,964] [basehttp.py:161] [basehttp:log_message] [INFO]- "GET /Select_Information/get-select-info/?usertype=professor&page=1&page_size=10 HTTP/1.1" 200 13097
[2026-01-12 07:38:32,517] [basehttp.py:161] [basehttp:log_message] [INFO]- "GET /Professor_Student_Manage/user-info/?usertype=professor HTTP/1.1" 200 1112
[2026-01-12 07:38:48,602] [basehttp.py:161] [basehttp:log_message] [INFO]- "POST /Professor_Student_Manage/user-login/ HTTP/1.1" 200 36
[2026-01-12 07:38:49,471] [basehttp.py:161] [basehttp:log_message] [INFO]- "GET /Professor_Student_Manage/user-info/?usertype=professor HTTP/1.1" 200 1112
[2026-01-12 07:38:49,648] [basehttp.py:161] [basehttp:log_message] [INFO]- "GET /Select_Information/reviewer/review_records/ HTTP/1.1" 200 1189
[2026-01-12 07:38:49,958] [basehttp.py:161] [basehttp:log_message] [INFO]- "GET /Professor_Student_Manage/user-info/?usertype=professor HTTP/1.1" 200 1112
[2026-01-12 07:38:51,247] [basehttp.py:161] [basehttp:log_message] [INFO]- "GET /Select_Information/get-select-info/?usertype=professor&page=1&page_size=10 HTTP/1.1" 200 13097
[2026-01-12 07:38:56,934] [basehttp.py:161] [basehttp:log_message] [INFO]- "GET /Select_Information/get-select-info/?usertype=professor&page=2&page_size=10 HTTP/1.1" 200 13939
[2026-01-12 07:38:58,924] [basehttp.py:161] [basehttp:log_message] [INFO]- "GET /Select_Information/get-select-info/?usertype=professor&page=3&page_size=10 HTTP/1.1" 200 14085
[2026-01-12 07:39:01,889] [basehttp.py:161] [basehttp:log_message] [INFO]- "GET /Select_Information/get-select-info/?usertype=professor&page=4&page_size=10 HTTP/1.1" 200 14057
[2026-01-12 07:39:03,455] [basehttp.py:161] [basehttp:log_message] [INFO]- "GET /Select_Information/get-select-info/?usertype=professor&page=5&page_size=10 HTTP/1.1" 200 14137
[2026-01-12 07:39:16,440] [basehttp.py:161] [basehttp:log_message] [INFO]- "GET /Select_Information/get-select-info/?usertype=professor&page=6&page_size=10 HTTP/1.1" 200 14038
[2026-01-12 07:39:19,063] [basehttp.py:161] [basehttp:log_message] [INFO]- "GET /Select_Information/get-select-info/?usertype=professor&page=7&page_size=10 HTTP/1.1" 200 13565
[2026-01-12 07:39:26,764] [basehttp.py:161] [basehttp:log_message] [INFO]- "GET /Select_Information/get-select-info/?usertype=professor&page=1&page_size=10 HTTP/1.1" 200 13097
[2026-01-12 07:39:33,308] [basehttp.py:161] [basehttp:log_message] [INFO]- "GET /Select_Information/get-select-info/?usertype=professor&page=2&page_size=10 HTTP/1.1" 200 13939
[2026-01-12 07:39:35,295] [basehttp.py:161] [basehttp:log_message] [INFO]- "GET /Select_Information/get-select-info/?usertype=professor&page=3&page_size=10 HTTP/1.1" 200 14085
[2026-01-12 07:39:40,182] [basehttp.py:161] [basehttp:log_message] [INFO]- "GET /Select_Information/get-select-info/?usertype=professor&page=1&page_size=10 HTTP/1.1" 200 13097
[2026-01-12 07:39:46,713] [autoreload.py:251] [autoreload:trigger_reload] [INFO]- /app/Select_Information/views.py changed, reloading.
[2026-01-12 07:39:47,209] [autoreload.py:637] [autoreload:run_with_reloader] [INFO]- Watching for file changes with StatReloader
[2026-01-12 07:39:50,008] [basehttp.py:161] [basehttp:log_message] [INFO]- "GET /Select_Information/get-select-info/?usertype=professor&page=1&page_size=10 HTTP/1.1" 200 13515
[2026-01-12 07:40:37,617] [basehttp.py:161] [basehttp:log_message] [INFO]- "POST /Professor_Student_Manage/user-login/ HTTP/1.1" 200 36
[2026-01-12 07:40:39,194] [basehttp.py:161] [basehttp:log_message] [INFO]- "GET /Select_Information/reviewer/review_records/ HTTP/1.1" 200 1189
[2026-01-12 07:40:39,217] [basehttp.py:161] [basehttp:log_message] [INFO]- "GET /Professor_Student_Manage/user-info/?usertype=professor HTTP/1.1" 200 1112
[2026-01-12 07:40:39,714] [basehttp.py:161] [basehttp:log_message] [INFO]- "GET /Professor_Student_Manage/user-info/?usertype=professor HTTP/1.1" 200 1112
[2026-01-12 07:40:41,306] [basehttp.py:161] [basehttp:log_message] [INFO]- "GET /Select_Information/get-select-info/?usertype=professor&page=1&page_size=10 HTTP/1.1" 200 13515
[2026-01-12 07:40:48,609] [basehttp.py:161] [basehttp:log_message] [INFO]- "GET /Select_Information/get-select-info/?usertype=professor&page=1&page_size=10 HTTP/1.1" 200 13515
[2026-01-12 07:41:25,650] [basehttp.py:161] [basehttp:log_message] [INFO]- "POST /Professor_Student_Manage/user-login/ HTTP/1.1" 200 36
[2026-01-12 07:41:26,521] [basehttp.py:161] [basehttp:log_message] [INFO]- "GET /Professor_Student_Manage/user-info/?usertype=professor HTTP/1.1" 200 1112
[2026-01-12 07:41:26,556] [basehttp.py:161] [basehttp:log_message] [INFO]- "GET /Select_Information/reviewer/review_records/ HTTP/1.1" 200 1189
[2026-01-12 07:41:27,010] [basehttp.py:161] [basehttp:log_message] [INFO]- "GET /Professor_Student_Manage/user-info/?usertype=professor HTTP/1.1" 200 1112
[2026-01-12 07:41:28,158] [basehttp.py:161] [basehttp:log_message] [INFO]- "GET /Select_Information/get-select-info/?usertype=professor&page=1&page_size=10 HTTP/1.1" 200 13515
