[2024-09-24 03:12:51,310] [autoreload.py:637] [autoreload:run_with_reloader] [INFO]- Watching for file changes with StatReloader
[2024-09-24 03:13:02,171] [basehttp.py:161] [basehttp:log_message] [INFO]- "GET / HTTP/1.1" 200 10330
[2024-09-24 03:13:02,204] [log.py:224] [log:log_response] [WARNING]- Not Found: /api/count
[2024-09-24 03:13:02,205] [basehttp.py:161] [basehttp:log_message] [WARNING]- "GET /api/count HTTP/1.1" 404 3142
[2024-09-24 03:25:58,570] [autoreload.py:637] [autoreload:run_with_reloader] [INFO]- Watching for file changes with StatReloader
[2024-09-24 03:27:52,339] [autoreload.py:637] [autoreload:run_with_reloader] [INFO]- Watching for file changes with StatReloader
[2024-09-24 03:28:16,157] [autoreload.py:637] [autoreload:run_with_reloader] [INFO]- Watching for file changes with StatReloader
[2024-09-24 03:29:24,687] [autoreload.py:637] [autoreload:run_with_reloader] [INFO]- Watching for file changes with StatReloader
[2024-09-24 03:29:36,112] [autoreload.py:637] [autoreload:run_with_reloader] [INFO]- Watching for file changes with StatReloader
[2024-09-24 03:29:48,040] [autoreload.py:637] [autoreload:run_with_reloader] [INFO]- Watching for file changes with StatReloader
[2024-09-24 04:24:00,757] [autoreload.py:637] [autoreload:run_with_reloader] [INFO]- Watching for file changes with StatReloader
[2024-09-24 05:17:37,091] [autoreload.py:637] [autoreload:run_with_reloader] [INFO]- Watching for file changes with StatReloader
[2024-09-24 05:17:39,661] [basehttp.py:161] [basehttp:log_message] [INFO]- "GET / HTTP/1.1" 200 10330
[2024-09-24 05:17:39,693] [log.py:224] [log:log_response] [WARNING]- Not Found: /api/count
[2024-09-24 05:17:39,694] [basehttp.py:161] [basehttp:log_message] [WARNING]- "GET /api/count HTTP/1.1" 404 3142
[2024-09-24 05:18:02,098] [basehttp.py:161] [basehttp:log_message] [INFO]- "POST /userlogin/ HTTP/1.1" 200 612
[2024-09-24 05:18:02,730] [basehttp.py:161] [basehttp:log_message] [INFO]- "GET /Professor_Student_Manage/user-info/?usertype=professor HTTP/1.1" 200 526
[2024-09-24 05:18:03,252] [basehttp.py:161] [basehttp:log_message] [INFO]- "GET /Professor_Student_Manage/user-info/?usertype=professor HTTP/1.1" 200 526
[2024-09-24 05:18:09,457] [basehttp.py:161] [basehttp:log_message] [INFO]- "GET /Professor_Student_Manage/user-info/?usertype=professor HTTP/1.1" 200 526
[2024-09-24 05:18:09,981] [basehttp.py:161] [basehttp:log_message] [INFO]- "GET /Professor_Student_Manage/user-info/?usertype=professor HTTP/1.1" 200 526
[2024-09-24 05:18:14,537] [basehttp.py:161] [basehttp:log_message] [INFO]- "GET /Select_Information/get-select-info/?usertype=professor HTTP/1.1" 200 64286
[2024-09-24 05:18:21,764] [basehttp.py:161] [basehttp:log_message] [INFO]- "GET /Select_Information/get-select-info/?usertype=professor HTTP/1.1" 200 64286
[2024-09-24 05:18:27,296] [basehttp.py:161] [basehttp:log_message] [INFO]- "GET /Select_Information/get-select-info/?usertype=professor HTTP/1.1" 200 64286
[2024-09-24 05:18:29,524] [log.py:224] [log:log_response] [ERROR]- Internal Server Error: /Select_Information/select-student/
[2024-09-24 05:18:29,525] [basehttp.py:161] [basehttp:log_message] [ERROR]- "POST /Select_Information/select-student/ HTTP/1.1" 500 53
[2024-09-24 05:18:51,712] [basehttp.py:161] [basehttp:log_message] [INFO]- "GET /Professor_Student_Manage/student-resumeinfo/?student_id=250 HTTP/1.1" 200 66
[2024-09-24 05:18:52,711] [basehttp.py:161] [basehttp:log_message] [INFO]- "GET /Select_Information/get-select-info/?usertype=professor HTTP/1.1" 200 63827
[2024-09-24 05:22:19,910] [autoreload.py:637] [autoreload:run_with_reloader] [INFO]- Watching for file changes with StatReloader
[2024-09-24 05:23:04,042] [basehttp.py:161] [basehttp:log_message] [INFO]- "GET /Select_Information/get-select-info/?usertype=professor HTTP/1.1" 200 64286
[2024-09-24 05:23:10,848] [log.py:224] [log:log_response] [ERROR]- Internal Server Error: /Select_Information/select-student/
[2024-09-24 05:23:10,850] [basehttp.py:161] [basehttp:log_message] [ERROR]- "POST /Select_Information/select-student/ HTTP/1.1" 500 53
[2024-09-24 05:23:28,654] [basehttp.py:161] [basehttp:log_message] [INFO]- "GET /Select_Information/get-select-info/?usertype=professor HTTP/1.1" 200 63827
[2024-09-24 05:23:34,375] [basehttp.py:161] [basehttp:log_message] [INFO]- "GET /Select_Information/get-select-info/?usertype=professor HTTP/1.1" 200 63827
[2024-09-24 05:23:39,761] [basehttp.py:161] [basehttp:log_message] [INFO]- "GET /Select_Information/get-select-info/?usertype=professor HTTP/1.1" 200 63827
[2024-09-24 05:24:11,468] [autoreload.py:637] [autoreload:run_with_reloader] [INFO]- Watching for file changes with StatReloader
[2024-09-24 05:24:30,471] [basehttp.py:161] [basehttp:log_message] [INFO]- "GET /Professor_Student_Manage/user-info/?usertype=professor HTTP/1.1" 200 525
[2024-09-24 05:24:30,957] [basehttp.py:161] [basehttp:log_message] [INFO]- "GET /Professor_Student_Manage/user-info/?usertype=professor HTTP/1.1" 200 525
[2024-09-24 05:24:35,060] [basehttp.py:161] [basehttp:log_message] [INFO]- "GET /Select_Information/get-select-info/?usertype=professor HTTP/1.1" 200 63686
[2024-09-24 05:24:35,736] [autoreload.py:637] [autoreload:run_with_reloader] [INFO]- Watching for file changes with StatReloader
[2024-09-24 05:24:54,467] [basehttp.py:161] [basehttp:log_message] [INFO]- "GET /Select_Information/get-select-time/ HTTP/1.1" 200 91
[2024-09-24 05:24:54,747] [basehttp.py:161] [basehttp:log_message] [INFO]- "GET /Select_Information/get-select-time/ HTTP/1.1" 200 91
[2024-09-24 05:24:55,659] [basehttp.py:161] [basehttp:log_message] [INFO]- "GET /Professor_Student_Manage/user-info/?usertype=professor HTTP/1.1" 200 525
[2024-09-24 05:24:58,771] [basehttp.py:161] [basehttp:log_message] [INFO]- "GET /Professor_Student_Manage/professors_and_departments/ HTTP/1.1" 200 82298
[2024-09-24 05:24:59,697] [basehttp.py:161] [basehttp:log_message] [INFO]- "GET /Select_Information/get-select-info/?usertype=professor HTTP/1.1" 200 64286
[2024-09-24 05:25:06,290] [basehttp.py:161] [basehttp:log_message] [INFO]- "GET /Professor_Student_Manage/professors_and_departments/ HTTP/1.1" 200 82298
[2024-09-24 05:25:06,880] [log.py:224] [log:log_response] [ERROR]- Internal Server Error: /Select_Information/select-student/
[2024-09-24 05:25:06,881] [basehttp.py:161] [basehttp:log_message] [ERROR]- "POST /Select_Information/select-student/ HTTP/1.1" 500 53
[2024-09-24 05:25:07,071] [basehttp.py:161] [basehttp:log_message] [INFO]- "GET /Select_Information/get-select-info/?usertype=professor HTTP/1.1" 200 64286
[2024-09-24 05:25:18,139] [basehttp.py:161] [basehttp:log_message] [INFO]- "GET /Select_Information/get-select-info/?usertype=professor HTTP/1.1" 200 63827
[2024-09-24 05:25:23,661] [basehttp.py:161] [basehttp:log_message] [INFO]- "GET /Select_Information/get-select-info/?usertype=professor HTTP/1.1" 200 63827
[2024-09-24 05:26:19,094] [autoreload.py:637] [autoreload:run_with_reloader] [INFO]- Watching for file changes with StatReloader
[2024-09-24 05:26:38,195] [basehttp.py:161] [basehttp:log_message] [INFO]- "GET /Professor_Student_Manage/user-info/?usertype=professor HTTP/1.1" 200 525
[2024-09-24 05:26:38,609] [basehttp.py:161] [basehttp:log_message] [INFO]- "GET /Professor_Student_Manage/user-info/?usertype=professor HTTP/1.1" 200 525
[2024-09-24 05:26:43,477] [basehttp.py:161] [basehttp:log_message] [INFO]- "GET /Select_Information/get-select-info/?usertype=professor HTTP/1.1" 200 63686
[2024-09-24 05:26:47,074] [basehttp.py:161] [basehttp:log_message] [INFO]- "GET /Professor_Student_Manage/user-info/?usertype=professor HTTP/1.1" 200 525
[2024-09-24 05:26:48,123] [basehttp.py:161] [basehttp:log_message] [INFO]- "GET /Professor_Student_Manage/professors-enrollinfo/?professor_id=131 HTTP/1.1" 200 800
[2024-09-24 05:26:49,855] [basehttp.py:161] [basehttp:log_message] [INFO]- "GET /Select_Information/get-select-info/?usertype=professor HTTP/1.1" 200 63686
[2024-09-24 05:26:52,899] [basehttp.py:161] [basehttp:log_message] [INFO]- "POST /Professor_Student_Manage/submit-quota/ HTTP/1.1" 200 32
[2024-09-24 05:26:54,907] [basehttp.py:161] [basehttp:log_message] [INFO]- "GET /Professor_Student_Manage/user-info/?usertype=professor HTTP/1.1" 200 526
[2024-09-24 05:27:02,084] [basehttp.py:161] [basehttp:log_message] [INFO]- "GET /Professor_Student_Manage/user-info/?usertype=professor HTTP/1.1" 200 526
[2024-09-24 05:27:07,329] [basehttp.py:161] [basehttp:log_message] [INFO]- "GET /Select_Information/get-select-info/?usertype=professor HTTP/1.1" 200 64286
[2024-09-24 05:27:12,691] [log.py:224] [log:log_response] [ERROR]- Internal Server Error: /Select_Information/select-student/
[2024-09-24 05:27:12,692] [basehttp.py:161] [basehttp:log_message] [ERROR]- "POST /Select_Information/select-student/ HTTP/1.1" 500 53
[2024-09-24 05:27:13,138] [basehttp.py:161] [basehttp:log_message] [INFO]- "GET /Select_Information/get-select-info/?usertype=professor HTTP/1.1" 200 64286
[2024-09-24 05:28:41,809] [basehttp.py:161] [basehttp:log_message] [INFO]- "GET /Professor_Student_Manage/user-info/?usertype=professor HTTP/1.1" 200 526
[2024-09-24 05:28:42,397] [basehttp.py:161] [basehttp:log_message] [INFO]- "GET /Professor_Student_Manage/user-info/?usertype=professor HTTP/1.1" 200 526
[2024-09-24 05:28:47,979] [basehttp.py:161] [basehttp:log_message] [INFO]- "GET /Select_Information/get-select-info/?usertype=professor HTTP/1.1" 200 63827
[2024-09-24 05:28:54,476] [basehttp.py:161] [basehttp:log_message] [INFO]- "GET /Select_Information/get-select-info/?usertype=professor HTTP/1.1" 200 63827
[2024-09-24 05:29:47,764] [basehttp.py:161] [basehttp:log_message] [INFO]- "GET /Professor_Student_Manage/user-info/?usertype=professor HTTP/1.1" 200 526
[2024-09-24 05:29:48,292] [basehttp.py:161] [basehttp:log_message] [INFO]- "GET /Professor_Student_Manage/user-info/?usertype=professor HTTP/1.1" 200 526
[2024-09-24 05:29:53,165] [basehttp.py:161] [basehttp:log_message] [INFO]- "GET /Select_Information/get-select-info/?usertype=professor HTTP/1.1" 200 64286
[2024-09-24 05:29:58,247] [log.py:224] [log:log_response] [ERROR]- Internal Server Error: /Select_Information/select-student/
[2024-09-24 05:29:58,248] [basehttp.py:161] [basehttp:log_message] [ERROR]- "POST /Select_Information/select-student/ HTTP/1.1" 500 53
[2024-09-24 05:29:58,736] [basehttp.py:161] [basehttp:log_message] [INFO]- "GET /Select_Information/get-select-info/?usertype=professor HTTP/1.1" 200 64286
[2024-09-24 05:30:51,020] [autoreload.py:637] [autoreload:run_with_reloader] [INFO]- Watching for file changes with StatReloader
[2024-09-24 05:31:07,622] [basehttp.py:161] [basehttp:log_message] [INFO]- "GET /Professor_Student_Manage/user-info/?usertype=professor HTTP/1.1" 200 526
[2024-09-24 05:31:08,105] [basehttp.py:161] [basehttp:log_message] [INFO]- "GET /Professor_Student_Manage/user-info/?usertype=professor HTTP/1.1" 200 526
[2024-09-24 05:31:12,071] [basehttp.py:161] [basehttp:log_message] [INFO]- "GET /Select_Information/get-select-info/?usertype=professor HTTP/1.1" 200 63686
[2024-09-24 05:31:16,384] [basehttp.py:161] [basehttp:log_message] [INFO]- "GET /Select_Information/get-select-info/?usertype=professor HTTP/1.1" 200 63686
[2024-09-24 05:31:24,505] [basehttp.py:161] [basehttp:log_message] [INFO]- "GET /Select_Information/get-select-info/?usertype=professor HTTP/1.1" 200 64286
[2024-09-24 05:31:24,898] [basehttp.py:161] [basehttp:log_message] [INFO]- "GET /Professor_Student_Manage/user-info/?usertype=professor HTTP/1.1" 200 526
[2024-09-24 05:31:26,207] [basehttp.py:161] [basehttp:log_message] [INFO]- "GET /Professor_Student_Manage/user-info/?usertype=professor HTTP/1.1" 200 526
[2024-09-24 05:31:29,872] [log.py:224] [log:log_response] [ERROR]- Internal Server Error: /Select_Information/select-student/
[2024-09-24 05:31:29,874] [basehttp.py:161] [basehttp:log_message] [ERROR]- "POST /Select_Information/select-student/ HTTP/1.1" 500 53
[2024-09-24 05:31:30,518] [basehttp.py:161] [basehttp:log_message] [INFO]- "GET /Select_Information/get-select-info/?usertype=professor HTTP/1.1" 200 64286
[2024-09-24 05:32:35,662] [autoreload.py:637] [autoreload:run_with_reloader] [INFO]- Watching for file changes with StatReloader
[2024-09-24 05:32:52,423] [basehttp.py:161] [basehttp:log_message] [INFO]- "GET /Professor_Student_Manage/user-info/?usertype=professor HTTP/1.1" 200 526
[2024-09-24 05:33:04,209] [basehttp.py:161] [basehttp:log_message] [INFO]- "GET /Professor_Student_Manage/user-info/?usertype=professor HTTP/1.1" 200 526
[2024-09-24 05:33:09,809] [log.py:224] [log:log_response] [ERROR]- Internal Server Error: /Select_Information/select-student/
[2024-09-24 05:33:09,810] [basehttp.py:161] [basehttp:log_message] [ERROR]- "POST /Select_Information/select-student/ HTTP/1.1" 500 53
[2024-09-24 05:33:10,544] [basehttp.py:161] [basehttp:log_message] [INFO]- "GET /Select_Information/get-select-info/?usertype=professor HTTP/1.1" 200 64286
[2024-09-24 05:33:47,956] [autoreload.py:637] [autoreload:run_with_reloader] [INFO]- Watching for file changes with StatReloader
[2024-09-24 05:34:28,573] [basehttp.py:161] [basehttp:log_message] [INFO]- "GET /Professor_Student_Manage/user-info/?usertype=professor HTTP/1.1" 200 526
[2024-09-24 05:34:29,236] [basehttp.py:161] [basehttp:log_message] [INFO]- "GET /Professor_Student_Manage/user-info/?usertype=professor HTTP/1.1" 200 526
[2024-09-24 05:34:34,042] [log.py:224] [log:log_response] [ERROR]- Internal Server Error: /Select_Information/select-student/
[2024-09-24 05:34:34,043] [basehttp.py:161] [basehttp:log_message] [ERROR]- "POST /Select_Information/select-student/ HTTP/1.1" 500 53
[2024-09-24 05:34:34,234] [basehttp.py:161] [basehttp:log_message] [INFO]- "GET /Select_Information/get-select-info/?usertype=professor HTTP/1.1" 200 64286
[2024-09-24 05:36:11,661] [autoreload.py:637] [autoreload:run_with_reloader] [INFO]- Watching for file changes with StatReloader
[2024-09-24 05:37:07,227] [log.py:224] [log:log_response] [ERROR]- Internal Server Error: /Select_Information/select-student/
[2024-09-24 05:37:07,229] [basehttp.py:161] [basehttp:log_message] [ERROR]- "POST /Select_Information/select-student/ HTTP/1.1" 500 53
[2024-09-24 05:37:09,853] [basehttp.py:161] [basehttp:log_message] [INFO]- "GET /Select_Information/get-select-info/?usertype=professor HTTP/1.1" 200 64286
[2024-09-24 05:38:13,947] [autoreload.py:637] [autoreload:run_with_reloader] [INFO]- Watching for file changes with StatReloader
[2024-09-24 05:38:40,280] [basehttp.py:161] [basehttp:log_message] [INFO]- "GET /Professor_Student_Manage/user-info/?usertype=professor HTTP/1.1" 200 525
[2024-09-24 05:38:41,236] [basehttp.py:161] [basehttp:log_message] [INFO]- "GET /Professor_Student_Manage/professors-enrollinfo/?professor_id=131 HTTP/1.1" 200 800
[2024-09-24 05:38:46,288] [basehttp.py:161] [basehttp:log_message] [INFO]- "POST /Professor_Student_Manage/submit-quota/ HTTP/1.1" 200 32
[2024-09-24 05:38:48,466] [basehttp.py:161] [basehttp:log_message] [INFO]- "GET /Professor_Student_Manage/user-info/?usertype=professor HTTP/1.1" 200 527
[2024-09-24 05:38:49,220] [basehttp.py:161] [basehttp:log_message] [INFO]- "GET /Professor_Student_Manage/user-info/?usertype=professor HTTP/1.1" 200 527
[2024-09-24 05:38:53,818] [basehttp.py:161] [basehttp:log_message] [INFO]- "GET /Select_Information/get-select-info/?usertype=professor HTTP/1.1" 200 64286
[2024-09-24 05:38:56,619] [log.py:224] [log:log_response] [ERROR]- Internal Server Error: /Select_Information/select-student/
[2024-09-24 05:38:56,620] [basehttp.py:161] [basehttp:log_message] [ERROR]- "POST /Select_Information/select-student/ HTTP/1.1" 500 53
[2024-09-24 05:39:42,496] [autoreload.py:637] [autoreload:run_with_reloader] [INFO]- Watching for file changes with StatReloader
[2024-09-24 05:40:08,025] [basehttp.py:161] [basehttp:log_message] [INFO]- "GET /Professor_Student_Manage/user-info/?usertype=professor HTTP/1.1" 200 526
[2024-09-24 05:40:08,492] [basehttp.py:161] [basehttp:log_message] [INFO]- "GET /Select_Information/get-select-time/ HTTP/1.1" 200 91
[2024-09-24 05:40:10,018] [basehttp.py:161] [basehttp:log_message] [INFO]- "GET /Professor_Student_Manage/user-info/?usertype=professor HTTP/1.1" 200 526
[2024-09-24 05:40:13,738] [log.py:224] [log:log_response] [ERROR]- Internal Server Error: /Select_Information/select-student/
[2024-09-24 05:40:13,739] [basehttp.py:161] [basehttp:log_message] [ERROR]- "POST /Select_Information/select-student/ HTTP/1.1" 500 53
[2024-09-24 05:40:14,025] [basehttp.py:161] [basehttp:log_message] [INFO]- "GET /Professor_Student_Manage/professors_and_departments/ HTTP/1.1" 200 82299
[2024-09-24 05:40:15,292] [basehttp.py:161] [basehttp:log_message] [INFO]- "GET /Select_Information/get-select-info/?usertype=professor HTTP/1.1" 200 64286
[2024-09-24 05:41:57,922] [autoreload.py:637] [autoreload:run_with_reloader] [INFO]- Watching for file changes with StatReloader
[2024-09-24 05:42:46,468] [basehttp.py:161] [basehttp:log_message] [INFO]- "GET /Professor_Student_Manage/user-info/?usertype=professor HTTP/1.1" 200 526
[2024-09-24 05:42:47,295] [basehttp.py:161] [basehttp:log_message] [INFO]- "GET /Professor_Student_Manage/user-info/?usertype=professor HTTP/1.1" 200 526
[2024-09-24 05:42:52,088] [basehttp.py:161] [basehttp:log_message] [INFO]- "GET /Select_Information/get-select-info/?usertype=professor HTTP/1.1" 200 64286
[2024-09-24 05:42:53,011] [log.py:224] [log:log_response] [ERROR]- Internal Server Error: /Select_Information/select-student/
[2024-09-24 05:42:53,014] [basehttp.py:161] [basehttp:log_message] [ERROR]- "POST /Select_Information/select-student/ HTTP/1.1" 500 53
[2024-09-24 05:42:57,524] [basehttp.py:161] [basehttp:log_message] [INFO]- "GET /Select_Information/get-select-info/?usertype=professor HTTP/1.1" 200 64286
[2024-09-24 05:43:06,712] [basehttp.py:161] [basehttp:log_message] [INFO]- "GET /Professor_Student_Manage/user-info/?usertype=professor HTTP/1.1" 200 526
[2024-09-24 05:43:08,084] [basehttp.py:161] [basehttp:log_message] [INFO]- "GET /Professor_Student_Manage/user-info/?usertype=professor HTTP/1.1" 200 526
[2024-09-24 05:43:12,426] [basehttp.py:161] [basehttp:log_message] [INFO]- "GET /Select_Information/get-select-info/?usertype=professor HTTP/1.1" 200 63827
[2024-09-24 05:45:21,615] [autoreload.py:637] [autoreload:run_with_reloader] [INFO]- Watching for file changes with StatReloader
[2024-09-24 05:45:58,887] [basehttp.py:161] [basehttp:log_message] [INFO]- "GET /Select_Information/get-select-time/ HTTP/1.1" 200 91
[2024-09-24 05:45:59,767] [basehttp.py:161] [basehttp:log_message] [INFO]- "GET /Professor_Student_Manage/user-info/?usertype=professor HTTP/1.1" 200 526
[2024-09-24 05:46:04,777] [basehttp.py:161] [basehttp:log_message] [INFO]- "GET /Professor_Student_Manage/professors_and_departments/ HTTP/1.1" 200 82299
[2024-09-24 05:46:05,656] [basehttp.py:161] [basehttp:log_message] [INFO]- "GET /Select_Information/get-select-info/?usertype=professor HTTP/1.1" 200 64286
[2024-09-24 05:46:06,585] [basehttp.py:161] [basehttp:log_message] [INFO]- "GET /Professor_Student_Manage/user-info/?usertype=professor HTTP/1.1" 200 526
[2024-09-24 05:46:07,672] [basehttp.py:161] [basehttp:log_message] [INFO]- "GET /Professor_Student_Manage/user-info/?usertype=professor HTTP/1.1" 200 526
[2024-09-24 05:46:12,150] [log.py:224] [log:log_response] [ERROR]- Internal Server Error: /Select_Information/select-student/
[2024-09-24 05:46:12,154] [basehttp.py:161] [basehttp:log_message] [ERROR]- "POST /Select_Information/select-student/ HTTP/1.1" 500 53
[2024-09-24 05:46:12,307] [basehttp.py:161] [basehttp:log_message] [INFO]- "GET /Select_Information/get-select-info/?usertype=professor HTTP/1.1" 200 64286
[2024-09-24 05:46:19,733] [basehttp.py:161] [basehttp:log_message] [INFO]- "GET /Select_Information/get-select-info/?usertype=professor HTTP/1.1" 200 63827
[2024-09-24 05:46:35,753] [autoreload.py:637] [autoreload:run_with_reloader] [INFO]- Watching for file changes with StatReloader
[2024-09-24 05:48:40,182] [autoreload.py:637] [autoreload:run_with_reloader] [INFO]- Watching for file changes with StatReloader
[2024-09-24 05:51:29,165] [autoreload.py:637] [autoreload:run_with_reloader] [INFO]- Watching for file changes with StatReloader
[2024-09-24 05:52:08,384] [autoreload.py:637] [autoreload:run_with_reloader] [INFO]- Watching for file changes with StatReloader
[2024-09-24 05:52:23,738] [autoreload.py:637] [autoreload:run_with_reloader] [INFO]- Watching for file changes with StatReloader
[2024-09-24 05:52:50,099] [basehttp.py:161] [basehttp:log_message] [INFO]- "GET /Professor_Student_Manage/user-info/?usertype=professor HTTP/1.1" 200 526
[2024-09-24 05:52:51,714] [basehttp.py:161] [basehttp:log_message] [INFO]- "GET /Professor_Student_Manage/user-info/?usertype=professor HTTP/1.1" 200 526
[2024-09-24 05:52:56,167] [basehttp.py:161] [basehttp:log_message] [INFO]- "GET /Select_Information/get-select-info/?usertype=professor HTTP/1.1" 200 64286
[2024-09-24 05:53:00,592] [log.py:224] [log:log_response] [ERROR]- Internal Server Error: /Select_Information/select-student/
[2024-09-24 05:53:00,594] [basehttp.py:161] [basehttp:log_message] [ERROR]- "POST /Select_Information/select-student/ HTTP/1.1" 500 53
[2024-09-24 06:06:49,166] [autoreload.py:637] [autoreload:run_with_reloader] [INFO]- Watching for file changes with StatReloader
[2024-09-24 06:09:09,732] [basehttp.py:161] [basehttp:log_message] [INFO]- "GET /Select_Information/get-select-time/ HTTP/1.1" 200 91
[2024-09-24 06:09:30,105] [basehttp.py:161] [basehttp:log_message] [INFO]- "GET /Professor_Student_Manage/user-info/?usertype=professor HTTP/1.1" 200 526
[2024-09-24 06:09:45,404] [basehttp.py:161] [basehttp:log_message] [INFO]- "GET /Professor_Student_Manage/user-info/?usertype=professor HTTP/1.1" 200 526
[2024-09-24 06:09:46,297] [basehttp.py:161] [basehttp:log_message] [INFO]- "GET /Professor_Student_Manage/user-info/?usertype=professor HTTP/1.1" 200 526
[2024-09-24 06:09:47,197] [basehttp.py:161] [basehttp:log_message] [INFO]- "GET /Professor_Student_Manage/user-info/?usertype=professor HTTP/1.1" 200 526
[2024-09-24 06:10:07,326] [basehttp.py:161] [basehttp:log_message] [INFO]- "POST /userlogin/ HTTP/1.1" 200 612
[2024-09-24 06:10:13,234] [basehttp.py:161] [basehttp:log_message] [INFO]- "GET /Professor_Student_Manage/user-info/?usertype=professor HTTP/1.1" 200 526
[2024-09-24 06:10:20,256] [basehttp.py:161] [basehttp:log_message] [INFO]- "GET /Professor_Student_Manage/user-info/?usertype=professor HTTP/1.1" 200 526
[2024-09-24 06:10:25,987] [basehttp.py:161] [basehttp:log_message] [INFO]- "GET /Professor_Student_Manage/user-info/?usertype=professor HTTP/1.1" 200 526
[2024-09-24 06:10:36,876] [basehttp.py:161] [basehttp:log_message] [INFO]- "GET /Professor_Student_Manage/user-info/?usertype=professor HTTP/1.1" 200 526
[2024-09-24 06:10:37,601] [basehttp.py:161] [basehttp:log_message] [INFO]- "GET /Professor_Student_Manage/professors_and_departments/ HTTP/1.1" 200 82299
[2024-09-24 06:10:37,786] [basehttp.py:161] [basehttp:log_message] [INFO]- "GET /Select_Information/get-select-time/ HTTP/1.1" 200 91
[2024-09-24 06:11:11,057] [basehttp.py:161] [basehttp:log_message] [INFO]- "GET /Select_Information/get-select-info/?usertype=professor HTTP/1.1" 200 64286
[2024-09-24 06:11:11,089] [basehttp.py:161] [basehttp:log_message] [INFO]- "GET /Select_Information/get-select-info/?usertype=professor HTTP/1.1" 200 64286
[2024-09-24 06:11:12,837] [basehttp.py:161] [basehttp:log_message] [INFO]- "POST /userlogin/ HTTP/1.1" 200 612
[2024-09-24 06:11:13,525] [basehttp.py:161] [basehttp:log_message] [INFO]- "GET /Professor_Student_Manage/user-info/?usertype=professor HTTP/1.1" 200 526
[2024-09-24 06:11:14,108] [basehttp.py:161] [basehttp:log_message] [INFO]- "GET /Professor_Student_Manage/user-info/?usertype=professor HTTP/1.1" 200 526
[2024-09-24 06:11:15,067] [basehttp.py:161] [basehttp:log_message] [INFO]- "GET /Professor_Student_Manage/user-info/?usertype=professor HTTP/1.1" 200 526
[2024-09-24 06:11:15,596] [basehttp.py:161] [basehttp:log_message] [INFO]- "GET /Professor_Student_Manage/user-info/?usertype=professor HTTP/1.1" 200 526
[2024-09-24 06:11:20,455] [basehttp.py:161] [basehttp:log_message] [INFO]- "GET /Select_Information/get-select-info/?usertype=professor HTTP/1.1" 200 64286
[2024-09-24 06:11:26,302] [basehttp.py:161] [basehttp:log_message] [INFO]- "GET /Select_Information/get-select-info/?usertype=professor HTTP/1.1" 200 64286
[2024-09-24 06:11:32,403] [basehttp.py:161] [basehttp:log_message] [INFO]- "GET /Select_Information/get-select-info/?usertype=professor HTTP/1.1" 200 64286
[2024-09-24 06:11:35,719] [log.py:224] [log:log_response] [ERROR]- Internal Server Error: /Select_Information/select-student/
[2024-09-24 06:11:35,721] [basehttp.py:161] [basehttp:log_message] [ERROR]- "POST /Select_Information/select-student/ HTTP/1.1" 500 53
[2024-09-24 06:12:15,311] [autoreload.py:251] [autoreload:trigger_reload] [INFO]- /app/Select_Information/views.py changed, reloading.
[2024-09-24 06:12:15,858] [autoreload.py:637] [autoreload:run_with_reloader] [INFO]- Watching for file changes with StatReloader
[2024-09-24 06:12:49,057] [basehttp.py:161] [basehttp:log_message] [INFO]- "GET /Select_Information/get-select-info/?usertype=professor HTTP/1.1" 200 63686
[2024-09-24 06:12:57,306] [basehttp.py:161] [basehttp:log_message] [INFO]- "GET /Select_Information/get-select-info/?usertype=professor HTTP/1.1" 200 64286
[2024-09-24 06:13:05,660] [log.py:224] [log:log_response] [ERROR]- Internal Server Error: /Select_Information/select-student/
[2024-09-24 06:13:05,662] [basehttp.py:161] [basehttp:log_message] [ERROR]- "POST /Select_Information/select-student/ HTTP/1.1" 500 53
[2024-09-24 06:13:09,508] [basehttp.py:161] [basehttp:log_message] [INFO]- "GET /Select_Information/get-select-info/?usertype=professor HTTP/1.1" 200 64286
[2024-09-24 06:14:33,534] [autoreload.py:637] [autoreload:run_with_reloader] [INFO]- Watching for file changes with StatReloader
[2024-09-24 06:14:47,474] [autoreload.py:637] [autoreload:run_with_reloader] [INFO]- Watching for file changes with StatReloader
[2024-09-24 06:15:25,047] [basehttp.py:161] [basehttp:log_message] [INFO]- "GET /Select_Information/get-select-info/?usertype=professor HTTP/1.1" 200 63686
[2024-09-24 06:15:35,901] [basehttp.py:161] [basehttp:log_message] [INFO]- "GET /Select_Information/get-select-info/?usertype=professor HTTP/1.1" 200 64286
[2024-09-24 06:15:41,699] [basehttp.py:161] [basehttp:log_message] [INFO]- "GET /Select_Information/get-select-info/?usertype=professor HTTP/1.1" 200 64286
[2024-09-24 06:15:42,284] [basehttp.py:161] [basehttp:log_message] [INFO]- "POST /Select_Information/select-student/ HTTP/1.1" 202 26
[2024-09-24 06:15:42,794] [basehttp.py:161] [basehttp:log_message] [INFO]- "GET /Professor_Student_Manage/user-info/?usertype=professor HTTP/1.1" 200 526
[2024-09-24 06:15:47,863] [basehttp.py:161] [basehttp:log_message] [INFO]- "GET /Select_Information/get-select-info/?usertype=professor HTTP/1.1" 200 63827
[2024-09-24 08:58:08,170] [autoreload.py:637] [autoreload:run_with_reloader] [INFO]- Watching for file changes with StatReloader
[2024-09-24 08:58:56,817] [autoreload.py:637] [autoreload:run_with_reloader] [INFO]- Watching for file changes with StatReloader
[2024-09-24 08:59:07,361] [basehttp.py:161] [basehttp:log_message] [INFO]- "GET / HTTP/1.1" 200 10330
[2024-09-24 08:59:07,409] [log.py:224] [log:log_response] [WARNING]- Not Found: /api/count
[2024-09-24 08:59:07,409] [basehttp.py:161] [basehttp:log_message] [WARNING]- "GET /api/count HTTP/1.1" 404 3142
[2024-09-24 08:59:15,039] [basehttp.py:161] [basehttp:log_message] [INFO]- "GET /admin HTTP/1.1" 301 0
[2024-09-24 08:59:15,414] [basehttp.py:161] [basehttp:log_message] [INFO]- "GET /admin/ HTTP/1.1" 200 11323
[2024-09-24 08:59:15,430] [basehttp.py:161] [basehttp:log_message] [INFO]- "GET /static/admin/js/nav_sidebar.js HTTP/1.1" 200 1360
[2024-09-24 08:59:15,432] [basehttp.py:161] [basehttp:log_message] [INFO]- "GET /static/admin/css/dashboard.css HTTP/1.1" 200 380
[2024-09-24 08:59:15,437] [basehttp.py:161] [basehttp:log_message] [INFO]- "GET /static/admin/css/responsive.css HTTP/1.1" 200 18545
[2024-09-24 08:59:15,437] [basehttp.py:161] [basehttp:log_message] [INFO]- "GET /static/admin/css/base.css HTTP/1.1" 200 19513
[2024-09-24 08:59:15,437] [basehttp.py:161] [basehttp:log_message] [INFO]- "GET /static/admin/css/nav_sidebar.css HTTP/1.1" 200 2271
[2024-09-24 08:59:15,442] [basehttp.py:161] [basehttp:log_message] [INFO]- "GET /static/admin/css/fonts.css HTTP/1.1" 200 423
[2024-09-24 08:59:15,455] [basehttp.py:161] [basehttp:log_message] [INFO]- "GET /static/admin/fonts/Roboto-Regular-webfont.woff HTTP/1.1" 200 85876
[2024-09-24 08:59:15,457] [basehttp.py:161] [basehttp:log_message] [INFO]- "GET /static/admin/fonts/Roboto-Bold-webfont.woff HTTP/1.1" 200 86184
[2024-09-24 08:59:15,476] [basehttp.py:161] [basehttp:log_message] [INFO]- "GET /static/admin/img/icon-changelink.svg HTTP/1.1" 200 380
[2024-09-24 08:59:15,477] [basehttp.py:161] [basehttp:log_message] [INFO]- "GET /static/admin/img/icon-addlink.svg HTTP/1.1" 200 331
[2024-09-24 08:59:15,479] [basehttp.py:161] [basehttp:log_message] [INFO]- "GET /static/admin/img/icon-deletelink.svg HTTP/1.1" 200 392
[2024-09-24 08:59:15,489] [basehttp.py:161] [basehttp:log_message] [INFO]- "GET /static/admin/fonts/Roboto-Light-webfont.woff HTTP/1.1" 200 85692
[2024-09-24 08:59:17,461] [basehttp.py:161] [basehttp:log_message] [INFO]- "GET /admin/Select_Information/studentprofessorchoice/ HTTP/1.1" 200 66138
[2024-09-24 08:59:17,479] [basehttp.py:161] [basehttp:log_message] [INFO]- "GET /static/admin/css/nav_sidebar.css HTTP/1.1" 304 0
[2024-09-24 08:59:17,482] [basehttp.py:161] [basehttp:log_message] [INFO]- "GET /static/admin/js/jquery.init.js HTTP/1.1" 200 347
[2024-09-24 08:59:17,482] [basehttp.py:161] [basehttp:log_message] [INFO]- "GET /static/admin/js/nav_sidebar.js HTTP/1.1" 304 0
[2024-09-24 08:59:17,483] [basehttp.py:161] [basehttp:log_message] [INFO]- "GET /static/admin/js/urlify.js HTTP/1.1" 200 7902
[2024-09-24 08:59:17,491] [basehttp.py:161] [basehttp:log_message] [INFO]- "GET /static/admin/css/base.css HTTP/1.1" 304 0
[2024-09-24 08:59:17,496] [basehttp.py:161] [basehttp:log_message] [INFO]- "GET /static/admin/js/prepopulate.js HTTP/1.1" 200 1531
[2024-09-24 08:59:17,498] [basehttp.py:161] [basehttp:log_message] [INFO]- "GET /static/admin/js/admin/RelatedObjectLookups.js HTTP/1.1" 200 5984
[2024-09-24 08:59:17,499] [basehttp.py:161] [basehttp:log_message] [INFO]- "GET /static/admin/css/changelists.css HTTP/1.1" 200 6874
[2024-09-24 08:59:17,502] [basehttp.py:161] [basehttp:log_message] [INFO]- "GET /static/admin/css/responsive.css HTTP/1.1" 304 0
[2024-09-24 08:59:17,502] [basehttp.py:161] [basehttp:log_message] [INFO]- "GET /static/admin/js/core.js HTTP/1.1" 200 5698
[2024-09-24 08:59:17,505] [basehttp.py:161] [basehttp:log_message] [INFO]- "GET /static/admin/img/icon-yes.svg HTTP/1.1" 200 436
[2024-09-24 08:59:17,505] [basehttp.py:161] [basehttp:log_message] [INFO]- "GET /static/admin/css/fonts.css HTTP/1.1" 304 0
[2024-09-24 08:59:17,506] [basehttp.py:161] [basehttp:log_message] [INFO]- "GET /static/admin/js/actions.js HTTP/1.1" 200 7867
[2024-09-24 08:59:17,512] [basehttp.py:161] [basehttp:log_message] [INFO]- "GET /static/admin/js/vendor/xregexp/xregexp.js HTTP/1.1" 200 232381
[2024-09-24 08:59:17,512] [basehttp.py:161] [basehttp:log_message] [INFO]- "GET /static/admin/img/search.svg HTTP/1.1" 200 458
[2024-09-24 08:59:17,512] [basehttp.py:161] [basehttp:log_message] [INFO]- "GET /static/admin/js/vendor/jquery/jquery.js HTTP/1.1" 200 287630
[2024-09-24 08:59:17,513] [basehttp.py:161] [basehttp:log_message] [INFO]- "GET /static/admin/img/icon-no.svg HTTP/1.1" 200 560
[2024-09-24 08:59:17,770] [basehttp.py:161] [basehttp:log_message] [INFO]- "GET /admin/jsi18n/ HTTP/1.1" 200 8398
[2024-09-24 08:59:17,801] [basehttp.py:161] [basehttp:log_message] [INFO]- "GET /static/admin/fonts/Roboto-Bold-webfont.woff HTTP/1.1" 304 0
[2024-09-24 08:59:17,802] [basehttp.py:161] [basehttp:log_message] [INFO]- "GET /admin/Professor_Student_Manage/student/ HTTP/1.1" 200 69951
[2024-09-24 08:59:17,802] [basehttp.py:161] [basehttp:log_message] [INFO]- "GET /static/admin/fonts/Roboto-Regular-webfont.woff HTTP/1.1" 304 0
[2024-09-24 08:59:17,803] [basehttp.py:161] [basehttp:log_message] [INFO]- "GET /static/admin/img/icon-addlink.svg HTTP/1.1" 304 0
[2024-09-24 08:59:17,806] [basehttp.py:161] [basehttp:log_message] [INFO]- "GET /static/admin/img/tooltag-add.svg HTTP/1.1" 200 331
[2024-09-24 08:59:17,819] [basehttp.py:161] [basehttp:log_message] [INFO]- "GET /static/admin/fonts/Roboto-Light-webfont.woff HTTP/1.1" 304 0
[2024-09-24 08:59:21,333] [basehttp.py:161] [basehttp:log_message] [INFO]- "POST /admin/Select_Information/studentprofessorchoice/ HTTP/1.1" 200 8516
[2024-09-24 08:59:21,351] [basehttp.py:161] [basehttp:log_message] [INFO]- "GET /static/admin/css/base.css HTTP/1.1" 304 0
[2024-09-24 08:59:21,352] [basehttp.py:161] [basehttp:log_message] [INFO]- "GET /static/admin/js/vendor/jquery/jquery.js HTTP/1.1" 304 0
[2024-09-24 08:59:21,354] [basehttp.py:161] [basehttp:log_message] [INFO]- "GET /static/admin/css/nav_sidebar.css HTTP/1.1" 304 0
[2024-09-24 08:59:21,354] [basehttp.py:161] [basehttp:log_message] [INFO]- "GET /static/admin/js/nav_sidebar.js HTTP/1.1" 304 0
[2024-09-24 08:59:21,354] [basehttp.py:161] [basehttp:log_message] [INFO]- "GET /static/admin/js/jquery.init.js HTTP/1.1" 304 0
[2024-09-24 08:59:21,355] [basehttp.py:161] [basehttp:log_message] [INFO]- "GET /static/admin/js/cancel.js HTTP/1.1" 200 884
[2024-09-24 08:59:21,359] [basehttp.py:161] [basehttp:log_message] [INFO]- "GET /static/admin/js/actions.js HTTP/1.1" 304 0
[2024-09-24 08:59:21,359] [basehttp.py:161] [basehttp:log_message] [INFO]- "GET /static/admin/js/core.js HTTP/1.1" 304 0
[2024-09-24 08:59:21,360] [basehttp.py:161] [basehttp:log_message] [INFO]- "GET /static/admin/js/urlify.js HTTP/1.1" 304 0
[2024-09-24 08:59:21,361] [basehttp.py:161] [basehttp:log_message] [INFO]- "GET /static/admin/js/admin/RelatedObjectLookups.js HTTP/1.1" 304 0
[2024-09-24 08:59:21,363] [basehttp.py:161] [basehttp:log_message] [INFO]- "GET /static/admin/js/prepopulate.js HTTP/1.1" 304 0
[2024-09-24 08:59:21,363] [basehttp.py:161] [basehttp:log_message] [INFO]- "GET /static/admin/css/responsive.css HTTP/1.1" 304 0
[2024-09-24 08:59:21,364] [basehttp.py:161] [basehttp:log_message] [INFO]- "GET /static/admin/js/vendor/xregexp/xregexp.js HTTP/1.1" 304 0
[2024-09-24 08:59:21,367] [basehttp.py:161] [basehttp:log_message] [INFO]- "GET /static/admin/css/fonts.css HTTP/1.1" 304 0
[2024-09-24 08:59:21,378] [basehttp.py:161] [basehttp:log_message] [INFO]- "GET /static/admin/fonts/Roboto-Bold-webfont.woff HTTP/1.1" 304 0
[2024-09-24 08:59:21,379] [basehttp.py:161] [basehttp:log_message] [INFO]- "GET /static/admin/img/icon-addlink.svg HTTP/1.1" 304 0
[2024-09-24 08:59:21,379] [basehttp.py:161] [basehttp:log_message] [INFO]- "GET /static/admin/fonts/Roboto-Regular-webfont.woff HTTP/1.1" 304 0
[2024-09-24 08:59:21,382] [basehttp.py:161] [basehttp:log_message] [INFO]- "GET /static/admin/fonts/Roboto-Light-webfont.woff HTTP/1.1" 304 0
[2024-09-24 08:59:22,820] [basehttp.py:161] [basehttp:log_message] [INFO]- "POST /admin/Select_Information/studentprofessorchoice/ HTTP/1.1" 302 0
[2024-09-24 08:59:23,422] [basehttp.py:161] [basehttp:log_message] [INFO]- "GET /admin/Select_Information/studentprofessorchoice/ HTTP/1.1" 200 66279
[2024-09-24 08:59:23,436] [basehttp.py:161] [basehttp:log_message] [INFO]- "GET /static/admin/img/search.svg HTTP/1.1" 304 0
[2024-09-24 08:59:23,438] [basehttp.py:161] [basehttp:log_message] [INFO]- "GET /static/admin/img/icon-no.svg HTTP/1.1" 304 0
[2024-09-24 08:59:23,438] [basehttp.py:161] [basehttp:log_message] [INFO]- "GET /static/admin/css/changelists.css HTTP/1.1" 304 0
[2024-09-24 08:59:23,439] [basehttp.py:161] [basehttp:log_message] [INFO]- "GET /static/admin/img/icon-yes.svg HTTP/1.1" 304 0
[2024-09-24 08:59:23,730] [basehttp.py:161] [basehttp:log_message] [INFO]- "GET /admin/jsi18n/ HTTP/1.1" 200 8398
[2024-09-24 08:59:23,746] [basehttp.py:161] [basehttp:log_message] [INFO]- "GET /static/admin/img/tooltag-add.svg HTTP/1.1" 304 0
[2024-09-24 08:59:29,302] [basehttp.py:161] [basehttp:log_message] [INFO]- "GET /admin/Professor_Student_Manage/student/ HTTP/1.1" 200 69951
[2024-09-24 08:59:29,315] [basehttp.py:161] [basehttp:log_message] [INFO]- "GET /static/admin/js/nav_sidebar.js HTTP/1.1" 304 0
[2024-09-24 08:59:29,316] [basehttp.py:161] [basehttp:log_message] [INFO]- "GET /static/admin/css/nav_sidebar.css HTTP/1.1" 304 0
[2024-09-24 08:59:29,317] [basehttp.py:161] [basehttp:log_message] [INFO]- "GET /static/admin/js/jquery.init.js HTTP/1.1" 304 0
[2024-09-24 08:59:29,317] [basehttp.py:161] [basehttp:log_message] [INFO]- "GET /static/admin/css/base.css HTTP/1.1" 304 0
[2024-09-24 08:59:29,319] [basehttp.py:161] [basehttp:log_message] [INFO]- "GET /static/admin/js/vendor/jquery/jquery.js HTTP/1.1" 304 0
[2024-09-24 08:59:29,321] [basehttp.py:161] [basehttp:log_message] [INFO]- "GET /static/admin/css/changelists.css HTTP/1.1" 304 0
[2024-09-24 08:59:29,323] [basehttp.py:161] [basehttp:log_message] [INFO]- "GET /static/admin/js/actions.js HTTP/1.1" 304 0
[2024-09-24 08:59:29,328] [basehttp.py:161] [basehttp:log_message] [INFO]- "GET /static/admin/js/prepopulate.js HTTP/1.1" 304 0
[2024-09-24 08:59:29,328] [basehttp.py:161] [basehttp:log_message] [INFO]- "GET /static/admin/js/vendor/xregexp/xregexp.js HTTP/1.1" 304 0
[2024-09-24 08:59:29,329] [basehttp.py:161] [basehttp:log_message] [INFO]- "GET /static/admin/js/core.js HTTP/1.1" 304 0
[2024-09-24 08:59:29,330] [basehttp.py:161] [basehttp:log_message] [INFO]- "GET /static/admin/js/admin/RelatedObjectLookups.js HTTP/1.1" 304 0
[2024-09-24 08:59:29,331] [basehttp.py:161] [basehttp:log_message] [INFO]- "GET /static/admin/js/urlify.js HTTP/1.1" 304 0
[2024-09-24 08:59:29,332] [basehttp.py:161] [basehttp:log_message] [INFO]- "GET /static/admin/css/responsive.css HTTP/1.1" 304 0
[2024-09-24 08:59:29,334] [basehttp.py:161] [basehttp:log_message] [INFO]- "GET /static/admin/css/fonts.css HTTP/1.1" 304 0
[2024-09-24 08:59:29,335] [basehttp.py:161] [basehttp:log_message] [INFO]- "GET /static/admin/img/icon-yes.svg HTTP/1.1" 304 0
[2024-09-24 08:59:29,336] [basehttp.py:161] [basehttp:log_message] [INFO]- "GET /static/admin/img/search.svg HTTP/1.1" 304 0
[2024-09-24 08:59:29,337] [basehttp.py:161] [basehttp:log_message] [INFO]- "GET /static/admin/img/icon-no.svg HTTP/1.1" 304 0
[2024-09-24 08:59:29,604] [basehttp.py:161] [basehttp:log_message] [INFO]- "GET /admin/jsi18n/ HTTP/1.1" 200 8398
[2024-09-24 08:59:29,620] [basehttp.py:161] [basehttp:log_message] [INFO]- "GET /static/admin/img/tooltag-add.svg HTTP/1.1" 304 0
[2024-09-24 08:59:29,621] [basehttp.py:161] [basehttp:log_message] [INFO]- "GET /static/admin/fonts/Roboto-Regular-webfont.woff HTTP/1.1" 304 0
[2024-09-24 08:59:29,621] [basehttp.py:161] [basehttp:log_message] [INFO]- "GET /static/admin/fonts/Roboto-Bold-webfont.woff HTTP/1.1" 304 0
[2024-09-24 08:59:29,621] [basehttp.py:161] [basehttp:log_message] [INFO]- "GET /static/admin/img/icon-addlink.svg HTTP/1.1" 304 0
[2024-09-24 08:59:29,637] [basehttp.py:161] [basehttp:log_message] [INFO]- "GET /static/admin/fonts/Roboto-Light-webfont.woff HTTP/1.1" 304 0
[2024-09-24 08:59:33,972] [basehttp.py:161] [basehttp:log_message] [INFO]- "POST /admin/Professor_Student_Manage/student/ HTTP/1.1" 200 8408
[2024-09-24 08:59:33,990] [basehttp.py:161] [basehttp:log_message] [INFO]- "GET /static/admin/js/vendor/jquery/jquery.js HTTP/1.1" 304 0
[2024-09-24 08:59:33,992] [basehttp.py:161] [basehttp:log_message] [INFO]- "GET /static/admin/css/nav_sidebar.css HTTP/1.1" 304 0
[2024-09-24 08:59:33,993] [basehttp.py:161] [basehttp:log_message] [INFO]- "GET /static/admin/js/jquery.init.js HTTP/1.1" 304 0
[2024-09-24 08:59:33,993] [basehttp.py:161] [basehttp:log_message] [INFO]- "GET /static/admin/js/admin/RelatedObjectLookups.js HTTP/1.1" 304 0
[2024-09-24 08:59:33,995] [basehttp.py:161] [basehttp:log_message] [INFO]- "GET /static/admin/js/core.js HTTP/1.1" 304 0
[2024-09-24 08:59:33,995] [basehttp.py:161] [basehttp:log_message] [INFO]- "GET /static/admin/js/actions.js HTTP/1.1" 304 0
[2024-09-24 08:59:33,996] [basehttp.py:161] [basehttp:log_message] [INFO]- "GET /static/admin/css/base.css HTTP/1.1" 304 0
[2024-09-24 08:59:34,000] [basehttp.py:161] [basehttp:log_message] [INFO]- "GET /static/admin/js/urlify.js HTTP/1.1" 304 0
[2024-09-24 08:59:34,001] [basehttp.py:161] [basehttp:log_message] [INFO]- "GET /static/admin/js/nav_sidebar.js HTTP/1.1" 304 0
[2024-09-24 08:59:34,003] [basehttp.py:161] [basehttp:log_message] [INFO]- "GET /static/admin/js/prepopulate.js HTTP/1.1" 304 0
[2024-09-24 08:59:34,005] [basehttp.py:161] [basehttp:log_message] [INFO]- "GET /static/admin/css/responsive.css HTTP/1.1" 304 0
[2024-09-24 08:59:34,007] [basehttp.py:161] [basehttp:log_message] [INFO]- "GET /static/admin/js/vendor/xregexp/xregexp.js HTTP/1.1" 304 0
[2024-09-24 08:59:34,010] [basehttp.py:161] [basehttp:log_message] [INFO]- "GET /static/admin/js/cancel.js HTTP/1.1" 304 0
[2024-09-24 08:59:34,011] [basehttp.py:161] [basehttp:log_message] [INFO]- "GET /static/admin/css/fonts.css HTTP/1.1" 304 0
[2024-09-24 08:59:34,024] [basehttp.py:161] [basehttp:log_message] [INFO]- "GET /static/admin/fonts/Roboto-Bold-webfont.woff HTTP/1.1" 304 0
[2024-09-24 08:59:34,025] [basehttp.py:161] [basehttp:log_message] [INFO]- "GET /static/admin/fonts/Roboto-Regular-webfont.woff HTTP/1.1" 304 0
[2024-09-24 08:59:34,025] [basehttp.py:161] [basehttp:log_message] [INFO]- "GET /static/admin/img/icon-addlink.svg HTTP/1.1" 304 0
[2024-09-24 08:59:34,027] [basehttp.py:161] [basehttp:log_message] [INFO]- "GET /static/admin/fonts/Roboto-Light-webfont.woff HTTP/1.1" 304 0
[2024-09-24 08:59:36,173] [basehttp.py:161] [basehttp:log_message] [INFO]- "GET /admin/Professor_Student_Manage/student/250/change/ HTTP/1.1" 200 17880
[2024-09-24 08:59:36,195] [basehttp.py:161] [basehttp:log_message] [INFO]- "GET /static/admin/js/change_form.js HTTP/1.1" 200 606
[2024-09-24 08:59:36,196] [basehttp.py:161] [basehttp:log_message] [INFO]- "GET /static/admin/img/icon-changelink.svg HTTP/1.1" 304 0
[2024-09-24 08:59:36,196] [basehttp.py:161] [basehttp:log_message] [INFO]- "GET /static/admin/css/forms.css HTTP/1.1" 200 8804
[2024-09-24 08:59:36,196] [basehttp.py:161] [basehttp:log_message] [INFO]- "GET /static/admin/js/prepopulate_init.js HTTP/1.1" 200 492
[2024-09-24 08:59:36,199] [basehttp.py:161] [basehttp:log_message] [INFO]- "GET /static/admin/img/icon-deletelink.svg HTTP/1.1" 304 0
[2024-09-24 08:59:36,201] [basehttp.py:161] [basehttp:log_message] [INFO]- "GET /static/admin/css/widgets.css HTTP/1.1" 200 11097
[2024-09-24 08:59:36,482] [basehttp.py:161] [basehttp:log_message] [INFO]- "GET /admin/jsi18n/ HTTP/1.1" 200 8398
[2024-09-24 08:59:40,682] [basehttp.py:161] [basehttp:log_message] [INFO]- "POST /admin/Professor_Student_Manage/student/250/change/ HTTP/1.1" 302 0
[2024-09-24 08:59:45,396] [basehttp.py:161] [basehttp:log_message] [INFO]- "GET /admin/Professor_Student_Manage/student/ HTTP/1.1" 200 70166
[2024-09-24 08:59:45,408] [basehttp.py:161] [basehttp:log_message] [INFO]- "GET /static/admin/js/nav_sidebar.js HTTP/1.1" 304 0
[2024-09-24 08:59:45,408] [basehttp.py:161] [basehttp:log_message] [INFO]- "GET /static/admin/js/core.js HTTP/1.1" 304 0
[2024-09-24 08:59:45,409] [basehttp.py:161] [basehttp:log_message] [INFO]- "GET /static/admin/css/base.css HTTP/1.1" 304 0
[2024-09-24 08:59:45,409] [basehttp.py:161] [basehttp:log_message] [INFO]- "GET /static/admin/css/changelists.css HTTP/1.1" 304 0
[2024-09-24 08:59:45,409] [basehttp.py:161] [basehttp:log_message] [INFO]- "GET /static/admin/css/nav_sidebar.css HTTP/1.1" 304 0
[2024-09-24 08:59:45,410] [basehttp.py:161] [basehttp:log_message] [INFO]- "GET /static/admin/js/actions.js HTTP/1.1" 304 0
[2024-09-24 08:59:45,411] [basehttp.py:161] [basehttp:log_message] [INFO]- "GET /static/admin/js/vendor/jquery/jquery.js HTTP/1.1" 304 0
[2024-09-24 08:59:45,412] [basehttp.py:161] [basehttp:log_message] [INFO]- "GET /static/admin/js/admin/RelatedObjectLookups.js HTTP/1.1" 304 0
[2024-09-24 08:59:45,413] [basehttp.py:161] [basehttp:log_message] [INFO]- "GET /static/admin/js/jquery.init.js HTTP/1.1" 304 0
[2024-09-24 08:59:45,414] [basehttp.py:161] [basehttp:log_message] [INFO]- "GET /static/admin/js/urlify.js HTTP/1.1" 304 0
[2024-09-24 08:59:45,415] [basehttp.py:161] [basehttp:log_message] [INFO]- "GET /static/admin/css/responsive.css HTTP/1.1" 304 0
[2024-09-24 08:59:45,417] [basehttp.py:161] [basehttp:log_message] [INFO]- "GET /static/admin/js/prepopulate.js HTTP/1.1" 304 0
[2024-09-24 08:59:45,419] [basehttp.py:161] [basehttp:log_message] [INFO]- "GET /static/admin/js/vendor/xregexp/xregexp.js HTTP/1.1" 304 0
[2024-09-24 08:59:45,420] [basehttp.py:161] [basehttp:log_message] [INFO]- "GET /static/admin/css/fonts.css HTTP/1.1" 304 0
[2024-09-24 08:59:45,422] [basehttp.py:161] [basehttp:log_message] [INFO]- "GET /static/admin/img/icon-no.svg HTTP/1.1" 304 0
[2024-09-24 08:59:45,423] [basehttp.py:161] [basehttp:log_message] [INFO]- "GET /static/admin/img/search.svg HTTP/1.1" 304 0
[2024-09-24 08:59:45,424] [basehttp.py:161] [basehttp:log_message] [INFO]- "GET /static/admin/img/icon-yes.svg HTTP/1.1" 304 0
[2024-09-24 08:59:45,684] [basehttp.py:161] [basehttp:log_message] [INFO]- "GET /admin/jsi18n/ HTTP/1.1" 200 8398
[2024-09-24 08:59:45,746] [basehttp.py:161] [basehttp:log_message] [INFO]- "GET /static/admin/fonts/Roboto-Regular-webfont.woff HTTP/1.1" 304 0
[2024-09-24 08:59:45,760] [basehttp.py:161] [basehttp:log_message] [INFO]- "GET /static/admin/fonts/Roboto-Bold-webfont.woff HTTP/1.1" 304 0
[2024-09-24 08:59:45,794] [basehttp.py:161] [basehttp:log_message] [INFO]- "GET /static/admin/img/icon-addlink.svg HTTP/1.1" 304 0
[2024-09-24 08:59:45,808] [basehttp.py:161] [basehttp:log_message] [INFO]- "GET /static/admin/img/tooltag-add.svg HTTP/1.1" 304 0
[2024-09-24 08:59:45,890] [basehttp.py:161] [basehttp:log_message] [INFO]- "GET /static/admin/fonts/Roboto-Light-webfont.woff HTTP/1.1" 304 0
[2024-09-24 08:59:47,157] [basehttp.py:161] [basehttp:log_message] [INFO]- "GET /Professor_Student_Manage/user-info/?usertype=professor HTTP/1.1" 200 526
[2024-09-24 08:59:47,807] [basehttp.py:161] [basehttp:log_message] [INFO]- "GET /Professor_Student_Manage/user-info/?usertype=professor HTTP/1.1" 200 526
[2024-09-24 08:59:51,708] [basehttp.py:161] [basehttp:log_message] [INFO]- "GET /Select_Information/get-select-info/?usertype=professor HTTP/1.1" 200 63686
[2024-09-24 08:59:55,600] [basehttp.py:161] [basehttp:log_message] [INFO]- "GET /Select_Information/get-select-info/?usertype=professor HTTP/1.1" 200 63686
[2024-09-24 09:00:19,951] [basehttp.py:161] [basehttp:log_message] [INFO]- "GET /Select_Information/get-select-info/?usertype=professor HTTP/1.1" 200 64286
[2024-09-24 09:00:25,210] [basehttp.py:161] [basehttp:log_message] [INFO]- "GET /Select_Information/get-select-info/?usertype=professor HTTP/1.1" 200 64286
[2024-09-24 09:00:25,607] [basehttp.py:161] [basehttp:log_message] [INFO]- "POST /Select_Information/select-student/ HTTP/1.1" 202 26
[2024-09-24 09:00:26,023] [basehttp.py:161] [basehttp:log_message] [INFO]- "GET /Professor_Student_Manage/user-info/?usertype=professor HTTP/1.1" 200 525
[2024-09-24 09:00:29,844] [basehttp.py:161] [basehttp:log_message] [INFO]- "GET /Select_Information/get-select-info/?usertype=professor HTTP/1.1" 200 63827
[2024-09-24 09:09:02,226] [basehttp.py:161] [basehttp:log_message] [INFO]- "GET /Professor_Student_Manage/user-info/?usertype=professor HTTP/1.1" 200 525
[2024-09-24 09:09:02,642] [basehttp.py:161] [basehttp:log_message] [INFO]- "GET /Professor_Student_Manage/user-info/?usertype=professor HTTP/1.1" 200 525
[2024-09-24 09:09:03,027] [basehttp.py:161] [basehttp:log_message] [INFO]- "GET /Professor_Student_Manage/user-info/?usertype=professor HTTP/1.1" 200 525
[2024-09-24 09:09:03,363] [basehttp.py:161] [basehttp:log_message] [INFO]- "GET /Professor_Student_Manage/user-info/?usertype=professor HTTP/1.1" 200 525
[2024-09-24 09:09:06,085] [basehttp.py:161] [basehttp:log_message] [INFO]- "GET /Select_Information/get-select-info/?usertype=professor HTTP/1.1" 200 63686
[2024-09-24 09:09:07,335] [basehttp.py:161] [basehttp:log_message] [INFO]- "GET /Select_Information/get-select-info/?usertype=professor HTTP/1.1" 200 63686
[2024-09-24 09:18:21,290] [autoreload.py:637] [autoreload:run_with_reloader] [INFO]- Watching for file changes with StatReloader
[2024-09-24 09:34:14,653] [autoreload.py:637] [autoreload:run_with_reloader] [INFO]- Watching for file changes with StatReloader
[2024-09-24 09:34:16,896] [autoreload.py:637] [autoreload:run_with_reloader] [INFO]- Watching for file changes with StatReloader
