[2026-01-26 01:58:50,838] [autoreload.py:637] [autoreload:run_with_reloader] [INFO]- Watching for file changes with StatReloader
[2026-01-26 02:02:07,827] [autoreload.py:251] [autoreload:trigger_reload] [INFO]- /app/Select_Information/views.py changed, reloading.
[2026-01-26 02:02:08,355] [autoreload.py:637] [autoreload:run_with_reloader] [INFO]- Watching for file changes with StatReloader
[2026-01-26 02:08:22,258] [autoreload.py:251] [autoreload:trigger_reload] [INFO]- /app/Select_Information/views.py changed, reloading.
[2026-01-26 02:08:22,846] [autoreload.py:637] [autoreload:run_with_reloader] [INFO]- Watching for file changes with StatReloader
[2026-01-26 02:08:31,933] [autoreload.py:251] [autoreload:trigger_reload] [INFO]- /app/Select_Information/views.py changed, reloading.
[2026-01-26 02:08:32,886] [autoreload.py:637] [autoreload:run_with_reloader] [INFO]- Watching for file changes with StatReloader
[2026-01-26 02:08:49,989] [autoreload.py:251] [autoreload:trigger_reload] [INFO]- /app/Select_Information/views.py changed, reloading.
[2026-01-26 02:08:50,581] [autoreload.py:637] [autoreload:run_with_reloader] [INFO]- Watching for file changes with StatReloader
[2026-01-26 02:09:53,283] [autoreload.py:251] [autoreload:trigger_reload] [INFO]- /app/Select_Information/views.py changed, reloading.
[2026-01-26 02:09:53,829] [autoreload.py:637] [autoreload:run_with_reloader] [INFO]- Watching for file changes with StatReloader
[2026-01-26 02:10:00,628] [autoreload.py:251] [autoreload:trigger_reload] [INFO]- /app/Select_Information/views.py changed, reloading.
[2026-01-26 02:10:01,209] [autoreload.py:637] [autoreload:run_with_reloader] [INFO]- Watching for file changes with StatReloader
[2026-01-26 02:10:42,220] [basehttp.py:161] [basehttp:log_message] [INFO]- "GET /Select_Information/reviewer/review_records/ HTTP/1.1" 200 2
[2026-01-26 02:10:42,869] [basehttp.py:161] [basehttp:log_message] [INFO]- "GET /Professor_Student_Manage/user-info/?usertype=professor HTTP/1.1" 200 1045
[2026-01-26 02:10:43,158] [basehttp.py:161] [basehttp:log_message] [INFO]- "GET /Select_Information/get-select-info/?usertype=professor&page=1&page_size=10 HTTP/1.1" 200 37200
[2026-01-26 02:10:44,133] [basehttp.py:161] [basehttp:log_message] [INFO]- "GET /Professor_Student_Manage/user-info/?usertype=professor HTTP/1.1" 200 1045
[2026-01-26 02:10:44,482] [basehttp.py:161] [basehttp:log_message] [INFO]- "GET /Professor_Student_Manage/professors_and_departments/?search=csds20260620&page=1&page_size=1 HTTP/1.1" 200 2734
[2026-01-26 02:10:54,937] [basehttp.py:161] [basehttp:log_message] [INFO]- "GET /Select_Information/get-select-info/?usertype=professor&page=1&page_size=10 HTTP/1.1" 200 37200
[2026-01-26 02:19:11,546] [autoreload.py:251] [autoreload:trigger_reload] [INFO]- /app/Professor_Student_Manage/admin.py changed, reloading.
[2026-01-26 02:19:12,159] [autoreload.py:637] [autoreload:run_with_reloader] [INFO]- Watching for file changes with StatReloader
[2026-01-26 02:24:10,656] [autoreload.py:251] [autoreload:trigger_reload] [INFO]- /app/Select_Information/views.py changed, reloading.
[2026-01-26 02:24:11,233] [autoreload.py:637] [autoreload:run_with_reloader] [INFO]- Watching for file changes with StatReloader
[2026-01-26 02:24:29,648] [basehttp.py:161] [basehttp:log_message] [INFO]- "GET /Select_Information/reviewer/review_records/ HTTP/1.1" 200 2
[2026-01-26 02:24:30,442] [basehttp.py:161] [basehttp:log_message] [INFO]- "GET /Professor_Student_Manage/user-info/?usertype=professor HTTP/1.1" 200 1045
[2026-01-26 02:24:31,110] [basehttp.py:161] [basehttp:log_message] [INFO]- "GET /Select_Information/get-select-info/?usertype=professor&page=1&page_size=10 HTTP/1.1" 200 36970
[2026-01-26 02:24:31,492] [basehttp.py:161] [basehttp:log_message] [INFO]- "GET /Select_Information/get-select-info/?usertype=professor HTTP/1.1" 200 36970
[2026-01-26 02:24:31,842] [basehttp.py:161] [basehttp:log_message] [INFO]- "GET /Professor_Student_Manage/user-info/?usertype=professor HTTP/1.1" 200 1045
[2026-01-26 02:24:32,296] [basehttp.py:161] [basehttp:log_message] [INFO]- "GET /Professor_Student_Manage/professors_and_departments/?search=csds20260620&page=1&page_size=1 HTTP/1.1" 200 2734
[2026-01-26 02:24:33,420] [basehttp.py:161] [basehttp:log_message] [INFO]- "GET /Professor_Student_Manage/user-info/?usertype=professor HTTP/1.1" 200 1045
[2026-01-26 02:24:33,587] [basehttp.py:161] [basehttp:log_message] [INFO]- "GET /Select_Information/get-select-info/?usertype=professor HTTP/1.1" 200 36970
[2026-01-26 02:24:34,947] [basehttp.py:161] [basehttp:log_message] [INFO]- "GET /Professor_Student_Manage/user-info/?usertype=professor HTTP/1.1" 200 1045
[2026-01-26 02:24:38,995] [basehttp.py:161] [basehttp:log_message] [INFO]- "POST /Professor_Student_Manage/user-login/ HTTP/1.1" 200 36
[2026-01-26 02:24:40,008] [basehttp.py:161] [basehttp:log_message] [INFO]- "GET /Professor_Student_Manage/departments/reviewers/ HTTP/1.1" 200 13834
[2026-01-26 02:24:40,160] [basehttp.py:161] [basehttp:log_message] [INFO]- "GET /Select_Information/reviewer/review_records/ HTTP/1.1" 200 2
[2026-01-26 02:24:40,998] [basehttp.py:161] [basehttp:log_message] [INFO]- "GET /Professor_Student_Manage/user-info/?usertype=professor HTTP/1.1" 200 1045
[2026-01-26 02:24:43,332] [basehttp.py:161] [basehttp:log_message] [INFO]- "GET /Professor_Student_Manage/user-info/?usertype=professor HTTP/1.1" 200 1045
[2026-01-26 02:24:43,370] [basehttp.py:161] [basehttp:log_message] [INFO]- "GET /Professor_Student_Manage/professors_and_departments/?search=csds20260620&page=1&page_size=1 HTTP/1.1" 200 2734
[2026-01-26 02:24:43,744] [basehttp.py:161] [basehttp:log_message] [INFO]- "GET /Select_Information/get-select-info/?usertype=professor HTTP/1.1" 200 36970
[2026-01-26 02:24:44,725] [basehttp.py:161] [basehttp:log_message] [INFO]- "GET /Select_Information/get-select-info/?usertype=professor&page=1&page_size=10 HTTP/1.1" 200 36970
[2026-01-26 02:24:45,109] [basehttp.py:161] [basehttp:log_message] [INFO]- "GET /Professor_Student_Manage/user-info/?usertype=professor HTTP/1.1" 200 1045
[2026-01-26 02:24:46,060] [basehttp.py:161] [basehttp:log_message] [INFO]- "GET /Select_Information/get-select-info/?usertype=professor HTTP/1.1" 200 36970
[2026-01-26 02:24:46,672] [basehttp.py:161] [basehttp:log_message] [INFO]- "GET /Professor_Student_Manage/user-info/?usertype=professor HTTP/1.1" 200 1045
[2026-01-26 02:24:50,404] [basehttp.py:161] [basehttp:log_message] [INFO]- "GET /Select_Information/get-select-info/?usertype=professor&page=2&page_size=10 HTTP/1.1" 200 13710
[2026-01-26 02:24:50,579] [basehttp.py:161] [basehttp:log_message] [INFO]- "GET /Professor_Student_Manage/departments/reviewers/ HTTP/1.1" 200 13834
[2026-01-26 02:24:54,638] [basehttp.py:161] [basehttp:log_message] [INFO]- "GET /Select_Information/get-select-info/?usertype=professor&page=1&page_size=10 HTTP/1.1" 200 36970
[2026-01-26 02:25:01,159] [basehttp.py:161] [basehttp:log_message] [INFO]- "GET /Select_Information/get-select-info/?usertype=professor&page=2&page_size=10 HTTP/1.1" 200 13710
[2026-01-26 02:25:02,418] [basehttp.py:161] [basehttp:log_message] [INFO]- "GET /Professor_Student_Manage/departments/reviewers/ HTTP/1.1" 200 13834
[2026-01-26 02:25:07,182] [basehttp.py:161] [basehttp:log_message] [INFO]- "GET /Select_Information/get-select-info/?usertype=professor&page=1&page_size=10 HTTP/1.1" 200 36970
[2026-01-26 02:25:11,499] [basehttp.py:161] [basehttp:log_message] [INFO]- "GET /Select_Information/get-select-info/?usertype=professor&page=2&page_size=10 HTTP/1.1" 200 13710
[2026-01-26 02:25:17,167] [basehttp.py:161] [basehttp:log_message] [INFO]- "GET /Select_Information/get-select-info/?usertype=professor&page=1&page_size=10 HTTP/1.1" 200 36970
[2026-01-26 02:25:19,521] [basehttp.py:161] [basehttp:log_message] [INFO]- "GET /Select_Information/get-select-info/?usertype=professor&page=2&page_size=10 HTTP/1.1" 200 13710
[2026-01-26 02:25:22,020] [basehttp.py:161] [basehttp:log_message] [INFO]- "GET /Select_Information/get-select-info/?usertype=professor&page=1&page_size=10 HTTP/1.1" 200 36970
