[2025-04-29 00:40:01,069] [autoreload.py:637] [autoreload:run_with_reloader] [INFO]- Watching for file changes with StatReloader
[2025-04-29 00:40:12,083] [basehttp.py:161] [basehttp:log_message] [INFO]- "GET / HTTP/1.1" 200 10330
[2025-04-29 00:40:12,789] [log.py:224] [log:log_response] [WARNING]- Not Found: /api/count
[2025-04-29 00:40:12,789] [basehttp.py:161] [basehttp:log_message] [WARNING]- "GET /api/count HTTP/1.1" 404 3142
[2025-04-29 00:40:13,069] [log.py:224] [log:log_response] [WARNING]- Not Found: /favicon.ico
[2025-04-29 00:40:13,071] [log.py:224] [log:log_response] [WARNING]- Not Found: /apple-touch-icon-precomposed.png
[2025-04-29 00:40:13,072] [log.py:224] [log:log_response] [WARNING]- Not Found: /apple-touch-icon.png
[2025-04-29 00:40:13,074] [log.py:224] [log:log_response] [WARNING]- Not Found: /apple-touch-icon-precomposed.png
[2025-04-29 00:40:13,074] [basehttp.py:161] [basehttp:log_message] [WARNING]- "GET /apple-touch-icon-precomposed.png HTTP/1.1" 404 3211
[2025-04-29 00:40:13,074] [basehttp.py:161] [basehttp:log_message] [WARNING]- "GET /favicon.ico HTTP/1.1" 404 3148
[2025-04-29 00:40:13,076] [basehttp.py:161] [basehttp:log_message] [WARNING]- "GET /apple-touch-icon-precomposed.png HTTP/1.1" 404 3211
[2025-04-29 00:40:13,076] [basehttp.py:161] [basehttp:log_message] [WARNING]- "GET /apple-touch-icon.png HTTP/1.1" 404 3175
[2025-04-29 00:40:13,146] [log.py:224] [log:log_response] [WARNING]- Not Found: /apple-touch-icon.png
[2025-04-29 00:40:13,146] [basehttp.py:161] [basehttp:log_message] [WARNING]- "GET /apple-touch-icon.png HTTP/1.1" 404 3175
[2025-04-29 00:40:16,306] [basehttp.py:161] [basehttp:log_message] [INFO]- "GET / HTTP/1.1" 200 10330
[2025-04-29 00:40:16,326] [log.py:224] [log:log_response] [WARNING]- Not Found: /api/count
[2025-04-29 00:40:16,327] [basehttp.py:161] [basehttp:log_message] [WARNING]- "GET /api/count HTTP/1.1" 404 3142
[2025-04-29 00:40:16,387] [log.py:224] [log:log_response] [WARNING]- Not Found: /favicon.ico
[2025-04-29 00:40:16,388] [log.py:224] [log:log_response] [WARNING]- Not Found: /apple-touch-icon-precomposed.png
[2025-04-29 00:40:16,389] [log.py:224] [log:log_response] [WARNING]- Not Found: /apple-touch-icon.png
[2025-04-29 00:40:16,390] [basehttp.py:161] [basehttp:log_message] [WARNING]- "GET /favicon.ico HTTP/1.1" 404 3148
[2025-04-29 00:40:16,391] [basehttp.py:161] [basehttp:log_message] [WARNING]- "GET /apple-touch-icon.png HTTP/1.1" 404 3175
[2025-04-29 00:40:16,391] [basehttp.py:161] [basehttp:log_message] [WARNING]- "GET /apple-touch-icon-precomposed.png HTTP/1.1" 404 3211
[2025-04-29 00:40:17,704] [basehttp.py:161] [basehttp:log_message] [INFO]- "GET /admin/ HTTP/1.1" 302 0
[2025-04-29 00:40:17,741] [basehttp.py:161] [basehttp:log_message] [INFO]- "GET /admin/login/?next=/admin/ HTTP/1.1" 200 2216
[2025-04-29 00:40:17,750] [basehttp.py:161] [basehttp:log_message] [INFO]- "GET /static/admin/css/nav_sidebar.css HTTP/1.1" 200 2271
[2025-04-29 00:40:17,751] [basehttp.py:161] [basehttp:log_message] [INFO]- "GET /static/admin/css/login.css HTTP/1.1" 200 939
[2025-04-29 00:40:17,751] [basehttp.py:161] [basehttp:log_message] [INFO]- "GET /static/admin/js/nav_sidebar.js HTTP/1.1" 200 1360
[2025-04-29 00:40:17,752] [basehttp.py:161] [basehttp:log_message] [INFO]- "GET /static/admin/css/responsive.css HTTP/1.1" 200 18545
[2025-04-29 00:40:17,752] [basehttp.py:161] [basehttp:log_message] [INFO]- "GET /static/admin/css/base.css HTTP/1.1" 200 19513
[2025-04-29 00:40:17,754] [basehttp.py:161] [basehttp:log_message] [INFO]- "GET /static/admin/css/fonts.css HTTP/1.1" 200 423
[2025-04-29 00:40:17,760] [basehttp.py:161] [basehttp:log_message] [INFO]- "GET /static/admin/fonts/Roboto-Regular-webfont.woff HTTP/1.1" 200 85876
[2025-04-29 00:40:17,770] [log.py:224] [log:log_response] [WARNING]- Not Found: /favicon.ico
[2025-04-29 00:40:17,771] [basehttp.py:161] [basehttp:log_message] [WARNING]- "GET /favicon.ico HTTP/1.1" 404 3148
[2025-04-29 00:40:17,772] [basehttp.py:161] [basehttp:log_message] [INFO]- "GET /static/admin/fonts/Roboto-Light-webfont.woff HTTP/1.1" 200 85692
[2025-04-29 00:40:17,778] [basehttp.py:161] [basehttp:log_message] [INFO]- "GET /static/admin/fonts/Roboto-Bold-webfont.woff HTTP/1.1" 200 86184
[2025-04-29 00:40:25,874] [basehttp.py:161] [basehttp:log_message] [INFO]- "POST /admin/login/?next=/admin/ HTTP/1.1" 302 0
[2025-04-29 00:40:26,523] [basehttp.py:161] [basehttp:log_message] [INFO]- "GET /admin/ HTTP/1.1" 200 11946
[2025-04-29 00:40:26,534] [basehttp.py:161] [basehttp:log_message] [INFO]- "GET /static/admin/css/dashboard.css HTTP/1.1" 200 380
[2025-04-29 00:40:26,545] [basehttp.py:161] [basehttp:log_message] [INFO]- "GET /static/admin/img/icon-changelink.svg HTTP/1.1" 200 380
[2025-04-29 00:40:26,546] [basehttp.py:161] [basehttp:log_message] [INFO]- "GET /static/admin/img/icon-addlink.svg HTTP/1.1" 200 331
[2025-04-29 00:40:33,531] [basehttp.py:161] [basehttp:log_message] [INFO]- "GET /admin/Professor_Student_Manage/professor/ HTTP/1.1" 200 66651
[2025-04-29 00:40:33,541] [basehttp.py:161] [basehttp:log_message] [INFO]- "GET /static/admin/css/changelists.css HTTP/1.1" 200 6874
[2025-04-29 00:40:33,544] [basehttp.py:161] [basehttp:log_message] [INFO]- "GET /static/admin/js/vendor/jquery/jquery.js HTTP/1.1" 200 287630
[2025-04-29 00:40:33,548] [basehttp.py:161] [basehttp:log_message] [INFO]- "GET /static/admin/js/jquery.init.js HTTP/1.1" 200 347
[2025-04-29 00:40:33,553] [basehttp.py:161] [basehttp:log_message] [INFO]- "GET /static/admin/js/prepopulate.js HTTP/1.1" 200 1531
[2025-04-29 00:40:33,555] [basehttp.py:161] [basehttp:log_message] [INFO]- "GET /static/admin/js/admin/RelatedObjectLookups.js HTTP/1.1" 200 5984
[2025-04-29 00:40:33,555] [basehttp.py:161] [basehttp:log_message] [INFO]- "GET /static/admin/js/core.js HTTP/1.1" 200 5698
[2025-04-29 00:40:33,555] [basehttp.py:161] [basehttp:log_message] [INFO]- "GET /static/admin/js/actions.js HTTP/1.1" 200 7867
[2025-04-29 00:40:33,555] [basehttp.py:161] [basehttp:log_message] [INFO]- "GET /static/admin/js/urlify.js HTTP/1.1" 200 7902
[2025-04-29 00:40:33,558] [basehttp.py:161] [basehttp:log_message] [INFO]- "GET /static/admin/js/vendor/xregexp/xregexp.js HTTP/1.1" 200 232381
[2025-04-29 00:40:33,560] [basehttp.py:161] [basehttp:log_message] [INFO]- "GET /static/admin/img/search.svg HTTP/1.1" 200 458
[2025-04-29 00:40:33,562] [basehttp.py:161] [basehttp:log_message] [INFO]- "GET /static/admin/img/icon-yes.svg HTTP/1.1" 200 436
[2025-04-29 00:40:33,564] [basehttp.py:161] [basehttp:log_message] [INFO]- "GET /static/admin/img/icon-no.svg HTTP/1.1" 200 560
[2025-04-29 00:40:34,439] [basehttp.py:161] [basehttp:log_message] [INFO]- "GET /admin/jsi18n/ HTTP/1.1" 200 8398
[2025-04-29 00:40:34,464] [basehttp.py:161] [basehttp:log_message] [INFO]- "GET /static/admin/img/tooltag-add.svg HTTP/1.1" 200 331
[2025-04-29 00:40:57,636] [basehttp.py:161] [basehttp:log_message] [INFO]- "GET /admin/Enrollment_Manage/subject/ HTTP/1.1" 200 14136
[2025-04-29 00:40:58,297] [basehttp.py:161] [basehttp:log_message] [INFO]- "GET /admin/jsi18n/ HTTP/1.1" 200 8398
[2025-04-29 00:42:49,437] [basehttp.py:161] [basehttp:log_message] [INFO]- "GET /admin/Professor_Student_Manage/professor/ HTTP/1.1" 200 66651
[2025-04-29 00:42:51,035] [basehttp.py:161] [basehttp:log_message] [INFO]- "GET /admin/jsi18n/ HTTP/1.1" 200 8398
[2025-04-29 00:44:04,266] [basehttp.py:161] [basehttp:log_message] [INFO]- "GET /admin/Professor_Student_Manage/student/ HTTP/1.1" 200 96044
[2025-04-29 00:56:36,297] [basehttp.py:161] [basehttp:log_message] [INFO]- "GET /admin/Professor_Student_Manage/professor/add/ HTTP/1.1" 200 20051
[2025-04-29 00:56:36,308] [basehttp.py:161] [basehttp:log_message] [INFO]- "GET /static/admin/css/forms.css HTTP/1.1" 200 8804
[2025-04-29 00:56:36,313] [basehttp.py:161] [basehttp:log_message] [INFO]- "GET /static/admin/js/prepopulate_init.js HTTP/1.1" 200 492
[2025-04-29 00:56:36,315] [basehttp.py:161] [basehttp:log_message] [INFO]- "GET /static/admin/css/widgets.css HTTP/1.1" 200 11097
[2025-04-29 00:56:36,316] [basehttp.py:161] [basehttp:log_message] [INFO]- "GET /static/admin/js/change_form.js HTTP/1.1" 200 606
[2025-04-29 00:56:37,124] [basehttp.py:161] [basehttp:log_message] [INFO]- "GET /admin/jsi18n/ HTTP/1.1" 200 8398
[2025-04-29 00:56:51,860] [basehttp.py:161] [basehttp:log_message] [INFO]- "GET /admin/Enrollment_Manage/subject/ HTTP/1.1" 200 14136
[2025-04-29 00:56:52,986] [basehttp.py:161] [basehttp:log_message] [INFO]- "GET /admin/jsi18n/ HTTP/1.1" 200 8398
[2025-04-29 00:58:53,059] [basehttp.py:161] [basehttp:log_message] [INFO]- "GET /admin/Professor_Student_Manage/professor/ HTTP/1.1" 200 66651
[2025-04-29 00:58:53,575] [basehttp.py:161] [basehttp:log_message] [INFO]- "GET /admin/jsi18n/ HTTP/1.1" 200 8398
[2025-04-29 02:09:37,651] [autoreload.py:637] [autoreload:run_with_reloader] [INFO]- Watching for file changes with StatReloader
[2025-04-29 02:11:15,639] [autoreload.py:637] [autoreload:run_with_reloader] [INFO]- Watching for file changes with StatReloader
[2025-04-29 02:11:18,022] [autoreload.py:637] [autoreload:run_with_reloader] [INFO]- Watching for file changes with StatReloader
[2025-04-29 02:13:39,864] [autoreload.py:637] [autoreload:run_with_reloader] [INFO]- Watching for file changes with StatReloader
[2025-04-29 02:13:54,975] [autoreload.py:637] [autoreload:run_with_reloader] [INFO]- Watching for file changes with StatReloader
[2025-04-29 02:14:11,601] [autoreload.py:637] [autoreload:run_with_reloader] [INFO]- Watching for file changes with StatReloader
[2025-04-29 02:15:13,664] [basehttp.py:161] [basehttp:log_message] [INFO]- "GET /admin/Professor_Student_Manage/professor/ HTTP/1.1" 200 67039
[2025-04-29 02:15:14,404] [basehttp.py:161] [basehttp:log_message] [INFO]- "GET /admin/jsi18n/ HTTP/1.1" 200 8398
[2025-04-29 02:15:19,632] [basehttp.py:161] [basehttp:log_message] [INFO]- "GET /admin/Professor_Student_Manage/professordoctorquota/ HTTP/1.1" 200 20324
[2025-04-29 02:15:20,331] [basehttp.py:161] [basehttp:log_message] [INFO]- "GET /admin/jsi18n/ HTTP/1.1" 200 8398
[2025-04-29 02:15:24,736] [basehttp.py:161] [basehttp:log_message] [INFO]- "GET /admin/Professor_Student_Manage/professordoctorquota/add/ HTTP/1.1" 200 18210
[2025-04-29 02:15:25,334] [basehttp.py:161] [basehttp:log_message] [INFO]- "GET /admin/jsi18n/ HTTP/1.1" 200 8398
[2025-04-29 02:16:33,506] [basehttp.py:161] [basehttp:log_message] [INFO]- "POST /admin/Professor_Student_Manage/professordoctorquota/add/ HTTP/1.1" 302 0
[2025-04-29 02:16:35,364] [basehttp.py:161] [basehttp:log_message] [INFO]- "GET /admin/Professor_Student_Manage/professordoctorquota/ HTTP/1.1" 200 22670
[2025-04-29 02:16:35,729] [basehttp.py:161] [basehttp:log_message] [INFO]- "GET /admin/jsi18n/ HTTP/1.1" 200 8398
[2025-04-29 02:16:48,183] [basehttp.py:161] [basehttp:log_message] [INFO]- "GET /admin/Professor_Student_Manage/professordoctorquota/1/change/ HTTP/1.1" 200 18602
[2025-04-29 02:16:48,714] [basehttp.py:161] [basehttp:log_message] [INFO]- "GET /admin/jsi18n/ HTTP/1.1" 200 8398
[2025-04-29 05:17:41,135] [autoreload.py:637] [autoreload:run_with_reloader] [INFO]- Watching for file changes with StatReloader
[2025-04-29 05:18:53,170] [autoreload.py:637] [autoreload:run_with_reloader] [INFO]- Watching for file changes with StatReloader
[2025-04-29 05:20:39,199] [autoreload.py:637] [autoreload:run_with_reloader] [INFO]- Watching for file changes with StatReloader
[2025-04-29 05:21:06,159] [autoreload.py:637] [autoreload:run_with_reloader] [INFO]- Watching for file changes with StatReloader
[2025-04-29 05:21:17,977] [autoreload.py:637] [autoreload:run_with_reloader] [INFO]- Watching for file changes with StatReloader
[2025-04-29 05:21:38,666] [basehttp.py:161] [basehttp:log_message] [INFO]- "GET /admin/Professor_Student_Manage/professor/ HTTP/1.1" 200 67039
[2025-04-29 05:21:39,203] [basehttp.py:161] [basehttp:log_message] [INFO]- "GET /admin/jsi18n/ HTTP/1.1" 200 8398
[2025-04-29 05:21:44,734] [basehttp.py:161] [basehttp:log_message] [INFO]- "GET /admin/Professor_Student_Manage/professor/159/change/ HTTP/1.1" 200 27345
[2025-04-29 05:21:44,754] [basehttp.py:161] [basehttp:log_message] [INFO]- "GET /static/admin/js/inlines.js HTTP/1.1" 200 15225
[2025-04-29 05:21:45,136] [basehttp.py:161] [basehttp:log_message] [INFO]- "GET /admin/jsi18n/ HTTP/1.1" 200 8398
[2025-04-29 05:22:04,027] [basehttp.py:161] [basehttp:log_message] [INFO]- "GET /admin/Enrollment_Manage/subject/add/?_to_field=id&_popup=1 HTTP/1.1" 200 5480
[2025-04-29 05:22:04,448] [basehttp.py:161] [basehttp:log_message] [INFO]- "GET /admin/jsi18n/ HTTP/1.1" 200 8398
[2025-04-29 05:22:08,429] [basehttp.py:161] [basehttp:log_message] [INFO]- "GET /admin/Professor_Student_Manage/professordoctorquota/ HTTP/1.1" 200 22387
[2025-04-29 05:22:08,943] [basehttp.py:161] [basehttp:log_message] [INFO]- "GET /admin/jsi18n/ HTTP/1.1" 200 8398
[2025-04-29 05:22:13,220] [basehttp.py:161] [basehttp:log_message] [INFO]- "GET /admin/Professor_Student_Manage/professordoctorquota/1/change/ HTTP/1.1" 200 18602
[2025-04-29 05:22:13,623] [basehttp.py:161] [basehttp:log_message] [INFO]- "GET /admin/jsi18n/ HTTP/1.1" 200 8398
[2025-04-29 05:22:23,976] [basehttp.py:161] [basehttp:log_message] [INFO]- "GET /admin/Professor_Student_Manage/professor/ HTTP/1.1" 200 67039
[2025-04-29 05:22:24,390] [basehttp.py:161] [basehttp:log_message] [INFO]- "GET /admin/jsi18n/ HTTP/1.1" 200 8398
[2025-04-29 05:22:31,583] [basehttp.py:161] [basehttp:log_message] [INFO]- "GET /admin/Professor_Student_Manage/professor/159/change/ HTTP/1.1" 200 27345
[2025-04-29 05:22:32,106] [basehttp.py:161] [basehttp:log_message] [INFO]- "GET /admin/jsi18n/ HTTP/1.1" 200 8398
[2025-04-29 05:22:42,581] [basehttp.py:161] [basehttp:log_message] [INFO]- "GET /static/admin/img/inline-delete.svg HTTP/1.1" 200 560
[2025-04-29 05:22:54,779] [basehttp.py:161] [basehttp:log_message] [INFO]- "POST /admin/Professor_Student_Manage/professor/159/change/ HTTP/1.1" 302 0
[2025-04-29 05:22:55,644] [basehttp.py:161] [basehttp:log_message] [INFO]- "GET /admin/Professor_Student_Manage/professor/ HTTP/1.1" 200 67256
[2025-04-29 05:22:56,061] [basehttp.py:161] [basehttp:log_message] [INFO]- "GET /admin/jsi18n/ HTTP/1.1" 200 8398
[2025-04-29 05:22:59,919] [basehttp.py:161] [basehttp:log_message] [INFO]- "GET /admin/Professor_Student_Manage/professor/159/change/ HTTP/1.1" 200 29815
[2025-04-29 05:23:00,331] [basehttp.py:161] [basehttp:log_message] [INFO]- "GET /admin/jsi18n/ HTTP/1.1" 200 8398
[2025-04-29 05:23:07,217] [basehttp.py:161] [basehttp:log_message] [INFO]- "GET /admin/Professor_Student_Manage/professordoctorquota/ HTTP/1.1" 200 22810
[2025-04-29 05:23:07,615] [basehttp.py:161] [basehttp:log_message] [INFO]- "GET /admin/jsi18n/ HTTP/1.1" 200 8398
[2025-04-29 05:23:17,622] [basehttp.py:161] [basehttp:log_message] [INFO]- "GET /admin/Professor_Student_Manage/professor/ HTTP/1.1" 200 67039
[2025-04-29 05:23:18,059] [basehttp.py:161] [basehttp:log_message] [INFO]- "GET /admin/jsi18n/ HTTP/1.1" 200 8398
[2025-04-29 05:23:24,656] [basehttp.py:161] [basehttp:log_message] [INFO]- "GET /admin/Professor_Student_Manage/professor/ HTTP/1.1" 200 67039
[2025-04-29 05:23:25,101] [basehttp.py:161] [basehttp:log_message] [INFO]- "GET /admin/jsi18n/ HTTP/1.1" 200 8398
[2025-04-29 05:23:30,898] [basehttp.py:161] [basehttp:log_message] [INFO]- "GET /admin/Professor_Student_Manage/professordoctorquota/ HTTP/1.1" 200 22810
[2025-04-29 05:23:31,336] [basehttp.py:161] [basehttp:log_message] [INFO]- "GET /admin/jsi18n/ HTTP/1.1" 200 8398
[2025-04-29 05:25:38,628] [basehttp.py:161] [basehttp:log_message] [INFO]- "GET /admin/Professor_Student_Manage/professor/ HTTP/1.1" 200 67039
[2025-04-29 05:25:39,104] [basehttp.py:161] [basehttp:log_message] [INFO]- "GET /admin/jsi18n/ HTTP/1.1" 200 8398
[2025-04-29 05:25:46,026] [basehttp.py:161] [basehttp:log_message] [INFO]- "GET /admin/Professor_Student_Manage/professor/159/change/ HTTP/1.1" 200 29815
[2025-04-29 05:25:46,404] [basehttp.py:161] [basehttp:log_message] [INFO]- "GET /admin/jsi18n/ HTTP/1.1" 200 8398
[2025-04-29 05:26:31,797] [basehttp.py:161] [basehttp:log_message] [INFO]- "GET /admin/Professor_Student_Manage/professordoctorquota/ HTTP/1.1" 200 22810
[2025-04-29 05:26:32,259] [basehttp.py:161] [basehttp:log_message] [INFO]- "GET /admin/jsi18n/ HTTP/1.1" 200 8398
[2025-04-29 05:26:52,908] [basehttp.py:161] [basehttp:log_message] [INFO]- "GET /admin/Professor_Student_Manage/professor/ HTTP/1.1" 200 67039
[2025-04-29 05:26:53,308] [basehttp.py:161] [basehttp:log_message] [INFO]- "GET /admin/jsi18n/ HTTP/1.1" 200 8398
[2025-04-29 05:27:43,343] [autoreload.py:637] [autoreload:run_with_reloader] [INFO]- Watching for file changes with StatReloader
[2025-04-29 05:28:31,951] [autoreload.py:637] [autoreload:run_with_reloader] [INFO]- Watching for file changes with StatReloader
[2025-04-29 05:29:51,700] [autoreload.py:637] [autoreload:run_with_reloader] [INFO]- Watching for file changes with StatReloader
[2025-04-29 05:30:37,966] [autoreload.py:637] [autoreload:run_with_reloader] [INFO]- Watching for file changes with StatReloader
[2025-04-29 05:31:07,955] [autoreload.py:637] [autoreload:run_with_reloader] [INFO]- Watching for file changes with StatReloader
[2025-04-29 05:31:40,509] [autoreload.py:637] [autoreload:run_with_reloader] [INFO]- Watching for file changes with StatReloader
[2025-04-29 05:32:08,210] [basehttp.py:161] [basehttp:log_message] [INFO]- "GET /admin/Professor_Student_Manage/professor/155/change/ HTTP/1.1" 200 24881
[2025-04-29 05:32:08,654] [basehttp.py:161] [basehttp:log_message] [INFO]- "GET /admin/jsi18n/ HTTP/1.1" 200 8398
[2025-04-29 05:32:16,079] [basehttp.py:161] [basehttp:log_message] [INFO]- "GET /admin/Professor_Student_Manage/professor/ HTTP/1.1" 200 67039
[2025-04-29 05:32:16,529] [basehttp.py:161] [basehttp:log_message] [INFO]- "GET /admin/jsi18n/ HTTP/1.1" 200 8398
[2025-04-29 05:32:20,634] [basehttp.py:161] [basehttp:log_message] [INFO]- "GET /admin/Professor_Student_Manage/professor/159/change/ HTTP/1.1" 200 29815
[2025-04-29 05:32:21,137] [basehttp.py:161] [basehttp:log_message] [INFO]- "GET /admin/jsi18n/ HTTP/1.1" 200 8398
[2025-04-29 05:32:28,266] [basehttp.py:161] [basehttp:log_message] [INFO]- "POST /admin/Professor_Student_Manage/professor/159/change/ HTTP/1.1" 302 0
[2025-04-29 05:32:29,227] [basehttp.py:161] [basehttp:log_message] [INFO]- "GET /admin/Professor_Student_Manage/professor/ HTTP/1.1" 200 67256
[2025-04-29 05:32:29,676] [basehttp.py:161] [basehttp:log_message] [INFO]- "GET /admin/jsi18n/ HTTP/1.1" 200 8398
[2025-04-29 05:32:33,666] [basehttp.py:161] [basehttp:log_message] [INFO]- "GET /admin/Professor_Student_Manage/professordoctorquota/ HTTP/1.1" 200 22810
[2025-04-29 05:32:34,126] [basehttp.py:161] [basehttp:log_message] [INFO]- "GET /admin/jsi18n/ HTTP/1.1" 200 8398
[2025-04-29 05:32:36,589] [basehttp.py:161] [basehttp:log_message] [INFO]- "GET /admin/Professor_Student_Manage/professor/ HTTP/1.1" 200 67039
[2025-04-29 05:32:37,085] [basehttp.py:161] [basehttp:log_message] [INFO]- "GET /admin/jsi18n/ HTTP/1.1" 200 8398
[2025-04-29 05:33:04,005] [basehttp.py:161] [basehttp:log_message] [INFO]- "GET /admin/Professor_Student_Manage/professordoctorquota/ HTTP/1.1" 200 22810
[2025-04-29 05:33:04,355] [basehttp.py:161] [basehttp:log_message] [INFO]- "GET /admin/jsi18n/ HTTP/1.1" 200 8398
[2025-04-29 05:33:07,418] [basehttp.py:161] [basehttp:log_message] [INFO]- "GET /admin/Professor_Student_Manage/professor/ HTTP/1.1" 200 67039
[2025-04-29 05:33:07,842] [basehttp.py:161] [basehttp:log_message] [INFO]- "GET /admin/jsi18n/ HTTP/1.1" 200 8398
[2025-04-29 05:36:09,542] [log.py:224] [log:log_response] [WARNING]- Unauthorized: /Professor_Student_Manage/professors_and_departments/
[2025-04-29 05:36:09,545] [basehttp.py:161] [basehttp:log_message] [WARNING]- "GET //Professor_Student_Manage/professors_and_departments/ HTTP/1.1" 401 34
[2025-04-29 05:36:42,577] [basehttp.py:161] [basehttp:log_message] [INFO]- "GET //Professor_Student_Manage/professors_and_departments/ HTTP/1.1" 200 116524
[2025-04-29 05:44:53,760] [autoreload.py:637] [autoreload:run_with_reloader] [INFO]- Watching for file changes with StatReloader
[2025-04-29 05:45:29,876] [basehttp.py:161] [basehttp:log_message] [INFO]- "GET //Professor_Student_Manage/professors_and_departments/ HTTP/1.1" 200 119031
[2025-04-29 05:55:36,909] [basehttp.py:161] [basehttp:log_message] [INFO]- "POST /Professor_Student_Manage/user-login/ HTTP/1.1" 200 36
[2025-04-29 05:55:37,933] [basehttp.py:161] [basehttp:log_message] [INFO]- "GET /Professor_Student_Manage/user-info/?usertype=professor HTTP/1.1" 200 1001
[2025-04-29 05:55:38,412] [basehttp.py:161] [basehttp:log_message] [INFO]- "GET /Select_Information/reviewer/review_records/ HTTP/1.1" 200 1195
[2025-04-29 05:55:38,807] [basehttp.py:161] [basehttp:log_message] [INFO]- "GET /Professor_Student_Manage/user-info/?usertype=professor HTTP/1.1" 200 1001
[2025-04-29 05:55:42,193] [basehttp.py:161] [basehttp:log_message] [INFO]- "GET /Select_Information/get-select-time/ HTTP/1.1" 200 91
[2025-04-29 05:55:42,557] [basehttp.py:161] [basehttp:log_message] [INFO]- "GET /Select_Information/get-select-time/ HTTP/1.1" 200 91
[2025-04-29 05:56:18,967] [basehttp.py:161] [basehttp:log_message] [INFO]- "GET /admin/Enrollment_Manage/subject/ HTTP/1.1" 200 14524
[2025-04-29 05:56:19,479] [basehttp.py:161] [basehttp:log_message] [INFO]- "GET /admin/jsi18n/ HTTP/1.1" 200 8398
[2025-04-29 05:56:22,898] [basehttp.py:161] [basehttp:log_message] [INFO]- "GET /Professor_Student_Manage/professors_and_departments/ HTTP/1.1" 200 119031
[2025-04-29 05:56:41,855] [basehttp.py:161] [basehttp:log_message] [INFO]- "GET /Professor_Student_Manage/professors_and_departments/ HTTP/1.1" 200 119031
[2025-04-29 05:58:46,609] [basehttp.py:161] [basehttp:log_message] [INFO]- "GET /Professor_Student_Manage/user-info/?usertype=professor HTTP/1.1" 200 1001
[2025-04-29 05:58:47,176] [basehttp.py:161] [basehttp:log_message] [INFO]- "GET /Select_Information/reviewer/review_records/ HTTP/1.1" 200 1195
[2025-04-29 05:59:56,075] [basehttp.py:161] [basehttp:log_message] [INFO]- "GET /Select_Information/get-select-time/ HTTP/1.1" 200 91
[2025-04-29 06:00:33,525] [basehttp.py:161] [basehttp:log_message] [INFO]- "GET /Professor_Student_Manage/professors_and_departments/ HTTP/1.1" 200 119031
[2025-04-29 06:05:06,478] [basehttp.py:161] [basehttp:log_message] [INFO]- "GET /Professor_Student_Manage/user-info/?usertype=professor HTTP/1.1" 200 1001
[2025-04-29 06:05:06,761] [basehttp.py:161] [basehttp:log_message] [INFO]- "GET /Select_Information/reviewer/review_records/ HTTP/1.1" 200 1195
[2025-04-29 06:05:10,310] [basehttp.py:161] [basehttp:log_message] [INFO]- "POST /Professor_Student_Manage/user-logout/ HTTP/1.1" 200 50
[2025-04-29 06:05:51,734] [basehttp.py:161] [basehttp:log_message] [INFO]- "GET /admin/Professor_Student_Manage/student/ HTTP/1.1" 200 96432
[2025-04-29 06:05:52,242] [basehttp.py:161] [basehttp:log_message] [INFO]- "GET /admin/jsi18n/ HTTP/1.1" 200 8398
[2025-04-29 06:06:07,941] [basehttp.py:161] [basehttp:log_message] [INFO]- "GET /admin/Professor_Student_Manage/student/add/ HTTP/1.1" 200 20777
[2025-04-29 06:06:07,955] [basehttp.py:161] [basehttp:log_message] [INFO]- "GET /static/admin/img/icon-deletelink.svg HTTP/1.1" 200 392
[2025-04-29 06:06:08,359] [basehttp.py:161] [basehttp:log_message] [INFO]- "GET /admin/jsi18n/ HTTP/1.1" 200 8398
[2025-04-29 06:10:58,052] [autoreload.py:637] [autoreload:run_with_reloader] [INFO]- Watching for file changes with StatReloader
[2025-04-29 06:11:05,573] [log.py:224] [log:log_response] [ERROR]- Internal Server Error: /admin/Professor_Student_Manage/student/644/change/
Traceback (most recent call last):
  File "/root/.local/lib/python3.8/site-packages/django/core/handlers/exception.py", line 47, in inner
    response = get_response(request)
  File "/root/.local/lib/python3.8/site-packages/django/core/handlers/base.py", line 181, in _get_response
    response = wrapped_callback(request, *callback_args, **callback_kwargs)
  File "/root/.local/lib/python3.8/site-packages/django/contrib/admin/options.py", line 616, in wrapper
    return self.admin_site.admin_view(view)(*args, **kwargs)
  File "/root/.local/lib/python3.8/site-packages/django/utils/decorators.py", line 130, in _wrapped_view
    response = view_func(request, *args, **kwargs)
  File "/root/.local/lib/python3.8/site-packages/django/views/decorators/cache.py", line 44, in _wrapped_view_func
    response = view_func(request, *args, **kwargs)
  File "/root/.local/lib/python3.8/site-packages/django/contrib/admin/sites.py", line 232, in inner
    return view(request, *args, **kwargs)
  File "/root/.local/lib/python3.8/site-packages/django/contrib/admin/options.py", line 1660, in change_view
    return self.changeform_view(request, object_id, form_url, extra_context)
  File "/root/.local/lib/python3.8/site-packages/django/utils/decorators.py", line 43, in _wrapper
    return bound_method(*args, **kwargs)
  File "/root/.local/lib/python3.8/site-packages/django/utils/decorators.py", line 130, in _wrapped_view
    response = view_func(request, *args, **kwargs)
  File "/root/.local/lib/python3.8/site-packages/django/contrib/admin/options.py", line 1540, in changeform_view
    return self._changeform_view(request, object_id, form_url, extra_context)
  File "/root/.local/lib/python3.8/site-packages/django/contrib/admin/options.py", line 1574, in _changeform_view
    ModelForm = self.get_form(
  File "/root/.local/lib/python3.8/site-packages/django/contrib/admin/options.py", line 710, in get_form
    return modelform_factory(self.model, **defaults)
  File "/root/.local/lib/python3.8/site-packages/django/forms/models.py", line 563, in modelform_factory
    return type(form)(class_name, (form,), form_class_attrs)
  File "/root/.local/lib/python3.8/site-packages/django/forms/models.py", line 261, in __new__
    fields = fields_for_model(
  File "/root/.local/lib/python3.8/site-packages/django/forms/models.py", line 187, in fields_for_model
    formfield = formfield_callback(f, **kwargs)
  File "/root/.local/lib/python3.8/site-packages/django/contrib/admin/options.py", line 155, in formfield_for_dbfield
    formfield = self.formfield_for_foreignkey(db_field, request, **kwargs)
  File "/app/Professor_Student_Manage/admin.py", line 229, in formfield_for_foreignkey
    return super().formfield_for_foreignkey(db_field, request, **kwargs)
  File "/root/.local/lib/python3.8/site-packages/django/contrib/admin/options.py", line 242, in formfield_for_foreignkey
    return db_field.formfield(**kwargs)
  File "/root/.local/lib/python3.8/site-packages/django/db/models/fields/related.py", line 989, in formfield
    return super().formfield(**{
  File "/root/.local/lib/python3.8/site-packages/django/db/models/fields/related.py", line 419, in formfield
    return super().formfield(**defaults)
  File "/root/.local/lib/python3.8/site-packages/django/db/models/fields/__init__.py", line 948, in formfield
    return form_class(**defaults)
  File "/root/.local/lib/python3.8/site-packages/django/forms/models.py", line 1204, in __init__
    Field.__init__(
TypeError: __init__() got an unexpected keyword argument 'label_from_instance'
[2025-04-29 06:11:05,577] [basehttp.py:161] [basehttp:log_message] [ERROR]- "GET /admin/Professor_Student_Manage/student/644/change/ HTTP/1.1" 500 171055
[2025-04-29 06:11:21,587] [log.py:224] [log:log_response] [ERROR]- Internal Server Error: /admin/Professor_Student_Manage/student/add/
Traceback (most recent call last):
  File "/root/.local/lib/python3.8/site-packages/django/core/handlers/exception.py", line 47, in inner
    response = get_response(request)
  File "/root/.local/lib/python3.8/site-packages/django/core/handlers/base.py", line 181, in _get_response
    response = wrapped_callback(request, *callback_args, **callback_kwargs)
  File "/root/.local/lib/python3.8/site-packages/django/contrib/admin/options.py", line 616, in wrapper
    return self.admin_site.admin_view(view)(*args, **kwargs)
  File "/root/.local/lib/python3.8/site-packages/django/utils/decorators.py", line 130, in _wrapped_view
    response = view_func(request, *args, **kwargs)
  File "/root/.local/lib/python3.8/site-packages/django/views/decorators/cache.py", line 44, in _wrapped_view_func
    response = view_func(request, *args, **kwargs)
  File "/root/.local/lib/python3.8/site-packages/django/contrib/admin/sites.py", line 232, in inner
    return view(request, *args, **kwargs)
  File "/root/.local/lib/python3.8/site-packages/django/contrib/admin/options.py", line 1657, in add_view
    return self.changeform_view(request, None, form_url, extra_context)
  File "/root/.local/lib/python3.8/site-packages/django/utils/decorators.py", line 43, in _wrapper
    return bound_method(*args, **kwargs)
  File "/root/.local/lib/python3.8/site-packages/django/utils/decorators.py", line 130, in _wrapped_view
    response = view_func(request, *args, **kwargs)
  File "/root/.local/lib/python3.8/site-packages/django/contrib/admin/options.py", line 1540, in changeform_view
    return self._changeform_view(request, object_id, form_url, extra_context)
  File "/root/.local/lib/python3.8/site-packages/django/contrib/admin/options.py", line 1574, in _changeform_view
    ModelForm = self.get_form(
  File "/root/.local/lib/python3.8/site-packages/django/contrib/admin/options.py", line 710, in get_form
    return modelform_factory(self.model, **defaults)
  File "/root/.local/lib/python3.8/site-packages/django/forms/models.py", line 563, in modelform_factory
    return type(form)(class_name, (form,), form_class_attrs)
  File "/root/.local/lib/python3.8/site-packages/django/forms/models.py", line 261, in __new__
    fields = fields_for_model(
  File "/root/.local/lib/python3.8/site-packages/django/forms/models.py", line 187, in fields_for_model
    formfield = formfield_callback(f, **kwargs)
  File "/root/.local/lib/python3.8/site-packages/django/contrib/admin/options.py", line 155, in formfield_for_dbfield
    formfield = self.formfield_for_foreignkey(db_field, request, **kwargs)
  File "/app/Professor_Student_Manage/admin.py", line 229, in formfield_for_foreignkey
    return super().formfield_for_foreignkey(db_field, request, **kwargs)
  File "/root/.local/lib/python3.8/site-packages/django/contrib/admin/options.py", line 242, in formfield_for_foreignkey
    return db_field.formfield(**kwargs)
  File "/root/.local/lib/python3.8/site-packages/django/db/models/fields/related.py", line 989, in formfield
    return super().formfield(**{
  File "/root/.local/lib/python3.8/site-packages/django/db/models/fields/related.py", line 419, in formfield
    return super().formfield(**defaults)
  File "/root/.local/lib/python3.8/site-packages/django/db/models/fields/__init__.py", line 948, in formfield
    return form_class(**defaults)
  File "/root/.local/lib/python3.8/site-packages/django/forms/models.py", line 1204, in __init__
    Field.__init__(
TypeError: __init__() got an unexpected keyword argument 'label_from_instance'
[2025-04-29 06:11:21,588] [basehttp.py:161] [basehttp:log_message] [ERROR]- "GET /admin/Professor_Student_Manage/student/add/ HTTP/1.1" 500 170332
[2025-04-29 06:13:39,056] [autoreload.py:637] [autoreload:run_with_reloader] [INFO]- Watching for file changes with StatReloader
[2025-04-29 06:13:44,131] [basehttp.py:161] [basehttp:log_message] [INFO]- "GET /admin/Professor_Student_Manage/student/644/change/ HTTP/1.1" 200 21219
[2025-04-29 06:13:44,547] [basehttp.py:161] [basehttp:log_message] [INFO]- "GET /admin/jsi18n/ HTTP/1.1" 200 8398
